<?xml version="1.0" encoding="UTF-8"?>
<!-- Generated by org.testng.reporters.JUnitXMLReporter -->
<testsuite ignored="0" hostname="DESKTOP-R1DN0GI" failures="0" tests="13" name="Surefire test" time="6.848" errors="0" timestamp="2023-06-21T11:14:08 IDT">
  <testcase classname="api.tests.album.negativetests.NegativeGetAlbumTests" name="AssertErrorCodeTest" time="1.568"/>
  <testcase classname="api.tests.album.postivetests.PositiveGetAlbumTests" name="getAlbumTracksTest" time="0.301"/>
  <testcase classname="api.tests.album.postivetests.PositiveGetAlbumTests" name="getAlbumWithMarketTest" time="0.301"/>
  <testcase classname="api.tests.album.postivetests.PositiveGetAlbumTests" name="getAnAlbumTest" time="0.357"/>
  <testcase classname="api.tests.album.postivetests.PositiveGetAlbumTests" name="getLatestReleasesTest" time="0.704"/>
  <testcase classname="api.tests.album.postivetests.PositiveGetAlbumTests" name="getMultipleAlbumsTest" time="0.294"/>
  <testcase classname="api.tests.album.postivetests.PositiveGetAlbumTests" name="getNewReleasesWithLimitAndSkipTest" time="0.342"/>
  <testcase classname="api.tests.album.postivetests.PositiveGetAlbumTests" name="getNewReleasesWithLimitAndSkipWithRandomLimitTest" time="0.304"/>
  <testcase classname="api.tests.artist.negativetests.NegativeGetArtistsTests" name="getSeveralArtistsWithOverValidIdsAmountTest" time="0.322"/>
  <testcase classname="api.tests.artist.negativetests.NegativeGetArtistsTests" name="getSeveralArtistsWithoutIdTest" time="0.273"/>
  <testcase classname="api.tests.artist.positivetests.PositiveGetArtistsTests" name="GetSeveralArtistsWithValidDataFiftyTest" time="0.387"/>
  <testcase classname="api.tests.artist.positivetests.PositiveGetArtistsTests" name="GetSeveralArtistsWithValidDataFortyNineTest" time="1.375"/>
  <testcase classname="api.tests.artist.positivetests.PositiveGetArtistsTests" name="getOneArtistTest" time="0.284"/>
</testsuite> <!-- Surefire test -->
