<?xml version="1.0" encoding="UTF-8"?>
<!-- Generated by org.testng.reporters.JUnitXMLReporter -->
<testsuite ignored="0" hostname="DESKTOP-R1DN0GI" failures="0" tests="13" name="Surefire test" time="5.675" errors="0" timestamp="2023-06-21T09:01:08 IDT">
  <testcase classname="api.tests.album.negativetests.NegativeGetAlbumTests" name="AssertErrorCodeTest" time="1.458"/>
  <testcase classname="api.tests.album.postivetests.PositiveGetAlbumTests" name="getAlbumTracksTest" time="0.309"/>
  <testcase classname="api.tests.album.postivetests.PositiveGetAlbumTests" name="getAlbumWithMarketTest" time="0.296"/>
  <testcase classname="api.tests.album.postivetests.PositiveGetAlbumTests" name="getAnAlbumTest" time="0.332"/>
  <testcase classname="api.tests.album.postivetests.PositiveGetAlbumTests" name="getLatestReleasesTest" time="0.475"/>
  <testcase classname="api.tests.album.postivetests.PositiveGetAlbumTests" name="getMultipleAlbumsTest" time="0.298"/>
  <testcase classname="api.tests.album.postivetests.PositiveGetAlbumTests" name="getNewReleasesWithLimitAndSkipTest" time="0.406"/>
  <testcase classname="api.tests.album.postivetests.PositiveGetAlbumTests" name="getNewReleasesWithLimitAndSkipWithRandomLimitTest" time="0.597"/>
  <testcase classname="api.tests.artist.negativetests.NegativeGetArtistsTests" name="getSeveralArtistsWithOverValidIdsAmountTest" time="0.274"/>
  <testcase classname="api.tests.artist.negativetests.NegativeGetArtistsTests" name="getSeveralArtistsWithoutIdTest" time="0.276"/>
  <testcase classname="api.tests.artist.positivetests.PositiveGetArtistsTests" name="GetSeveralArtistsWithValidDataFiftyTest" time="0.347"/>
  <testcase classname="api.tests.artist.positivetests.PositiveGetArtistsTests" name="GetSeveralArtistsWithValidDataFortyNineTest" time="0.299"/>
  <testcase classname="api.tests.artist.positivetests.PositiveGetArtistsTests" name="getOneArtistTest" time="0.269"/>
</testsuite> <!-- Surefire test -->
