<?xml version="1.0" encoding="UTF-8"?>
<testsuite xmlns:xsi="http://www.w3.org/2001/XMLSchema-instance" xsi:noNamespaceSchemaLocation="https://maven.apache.org/surefire/maven-surefire-plugin/xsd/surefire-test-report-3.0.xsd" version="3.0" name="TestSuite" time="8.962" tests="10" errors="0" skipped="0" failures="0">
  <properties>
[...]
</properties>
  <testcase name="getAlbumTracksTest" classname="api.tests.album.postivetests.PositiveGetAlbumTests" time="1.445">
    <system-out><![CDATA[BQCwTQ_m8wzTMLmTCG4VIQFzonm8apP2sA68GY3dJ0am0khlSVRJRSOvW8qp0gAxBlr3-UIyGwoj7iLRS-V_tzg-lajRFrYx8a9e2yZeP11c5Ajbr68
HTTP/1.1 200 OK
{
    "href": "https://api.spotify.com/v1/albums/1HimPrGurKic1hNOSidwF2/tracks?offset=0&limit=20&market=SZ",
    "items": [
        {
            "artists": [
                {
                    "external_urls": {
                        "spotify": "https://open.spotify.com/artist/0DCw6lHkzh9t7f8Hb4Z0Sx"
                    },
                    "href": "https://api.spotify.com/v1/artists/0DCw6lHkzh9t7f8Hb4Z0Sx",
                    "id": "0DCw6lHkzh9t7f8Hb4Z0Sx",
                    "name": "Arch Enemy",
                    "type": "artist",
                    "uri": "spotify:artist:0DCw6lHkzh9t7f8Hb4Z0Sx"
                }
            ],
            "disc_number": 1,
            "duration_ms": 78413,
            "explicit": false,
            "external_urls": {
                "spotify": "https://open.spotify.com/track/06Fzhn4M28HZx48H9IXA4j"
            },
            "href": "https://api.spotify.com/v1/tracks/06Fzhn4M28HZx48H9IXA4j",
            "id": "06Fzhn4M28HZx48H9IXA4j",
            "is_local": false,
            "is_playable": true,
            "name": "Set Flame to the Night",
            "preview_url": "https://p.scdn.co/mp3-preview/4055ac73a1faf5cbb03f55f5a712af3656f20557?cid=21df2fd397254479b1ff5d2429c5ba95",
            "track_number": 1,
            "type": "track",
            "uri": "spotify:track:06Fzhn4M28HZx48H9IXA4j"
        },
        {
            "artists": [
                {
                    "external_urls": {
                        "spotify": "https://open.spotify.com/artist/0DCw6lHkzh9t7f8Hb4Z0Sx"
                    },
                    "href": "https://api.spotify.com/v1/artists/0DCw6lHkzh9t7f8Hb4Z0Sx",
                    "id": "0DCw6lHkzh9t7f8Hb4Z0Sx",
                    "name": "Arch Enemy",
                    "type": "artist",
                    "uri": "spotify:artist:0DCw6lHkzh9t7f8Hb4Z0Sx"
                }
            ],
            "disc_number": 1,
            "duration_ms": 195066,
            "explicit": false,
            "external_urls": {
                "spotify": "https://open.spotify.com/track/6tzxM7GwiC5Yci3s08n5B4"
            },
            "href": "https://api.spotify.com/v1/tracks/6tzxM7GwiC5Yci3s08n5B4",
            "id": "6tzxM7GwiC5Yci3s08n5B4",
            "is_local": false,
            "is_playable": true,
            "name": "The Race",
            "preview_url": "https://p.scdn.co/mp3-preview/c5e5825dc93010b288ff54ed948a65379e5b4693?cid=21df2fd397254479b1ff5d2429c5ba95",
            "track_number": 2,
            "type": "track",
            "uri": "spotify:track:6tzxM7GwiC5Yci3s08n5B4"
        },
        {
            "artists": [
                {
                    "external_urls": {
                        "spotify": "https://open.spotify.com/artist/0DCw6lHkzh9t7f8Hb4Z0Sx"
                    },
                    "href": "https://api.spotify.com/v1/artists/0DCw6lHkzh9t7f8Hb4Z0Sx",
                    "id": "0DCw6lHkzh9t7f8Hb4Z0Sx",
                    "name": "Arch Enemy",
                    "type": "artist",
                    "uri": "spotify:artist:0DCw6lHkzh9t7f8Hb4Z0Sx"
                }
            ],
            "disc_number": 1,
            "duration_ms": 235426,
            "explicit": false,
            "external_urls": {
                "spotify": "https://open.spotify.com/track/12pova27n3uHRQxrPnih9f"
            },
            "href": "https://api.spotify.com/v1/tracks/12pova27n3uHRQxrPnih9f",
            "id": "12pova27n3uHRQxrPnih9f",
            "is_local": false,
            "is_playable": true,
            "name": "Blood in the Water",
            "preview_url": "https://p.scdn.co/mp3-preview/42fccf28cc431d65a6edac04bf4b1ee9d5bf9ffb?cid=21df2fd397254479b1ff5d2429c5ba95",
            "track_number": 3,
            "type": "track",
            "uri": "spotify:track:12pova27n3uHRQxrPnih9f"
        },
        {
            "artists": [
                {
                    "external_urls": {
                        "spotify": "https://open.spotify.com/artist/0DCw6lHkzh9t7f8Hb4Z0Sx"
                    },
                    "href": "https://api.spotify.com/v1/artists/0DCw6lHkzh9t7f8Hb4Z0Sx",
                    "id": "0DCw6lHkzh9t7f8Hb4Z0Sx",
                    "name": "Arch Enemy",
                    "type": "artist",
                    "uri": "spotify:artist:0DCw6lHkzh9t7f8Hb4Z0Sx"
                }
            ],
            "disc_number": 1,
            "duration_ms": 293466,
            "explicit": false,
            "external_urls": {
                "spotify": "https://open.spotify.com/track/6tGyLydK5lNXz8Aw44wRj8"
            },
            "href": "https://api.spotify.com/v1/tracks/6tGyLydK5lNXz8Aw44wRj8",
            "id": "6tGyLydK5lNXz8Aw44wRj8",
            "is_local": false,
            "is_playable": true,
            "name": "The World Is Yours",
            "preview_url": "https://p.scdn.co/mp3-preview/24d35e9ee9f6956f2cf59d286b9fae6006e2efec?cid=21df2fd397254479b1ff5d2429c5ba95",
            "track_number": 4,
            "type": "track",
            "uri": "spotify:track:6tGyLydK5lNXz8Aw44wRj8"
        },
        {
            "artists": [
                {
                    "external_urls": {
                        "spotify": "https://open.spotify.com/artist/0DCw6lHkzh9t7f8Hb4Z0Sx"
                    },
                    "href": "https://api.spotify.com/v1/artists/0DCw6lHkzh9t7f8Hb4Z0Sx",
                    "id": "0DCw6lHkzh9t7f8Hb4Z0Sx",
                    "name": "Arch Enemy",
                    "type": "artist",
                    "uri": "spotify:artist:0DCw6lHkzh9t7f8Hb4Z0Sx"
                }
            ],
            "disc_number": 1,
            "duration_ms": 299441,
            "explicit": false,
            "external_urls": {
                "spotify": "https://open.spotify.com/track/7KoWRwwVUgZV5D0zmrr25s"
            },
            "href": "https://api.spotify.com/v1/tracks/7KoWRwwVUgZV5D0zmrr25s",
            "id": "7KoWRwwVUgZV5D0zmrr25s",
            "is_local": false,
            "is_playable": true,
            "name": "The Eagle Flies Alone - edit",
            "preview_url": "https://p.scdn.co/mp3-preview/903584c46c49b24bb83fd6bc058fe3bb9d9453e9?cid=21df2fd397254479b1ff5d2429c5ba95",
            "track_number": 5,
            "type": "track",
            "uri": "spotify:track:7KoWRwwVUgZV5D0zmrr25s"
        },
        {
            "artists": [
                {
                    "external_urls": {
                        "spotify": "https://open.spotify.com/artist/0DCw6lHkzh9t7f8Hb4Z0Sx"
                    },
                    "href": "https://api.spotify.com/v1/artists/0DCw6lHkzh9t7f8Hb4Z0Sx",
                    "id": "0DCw6lHkzh9t7f8Hb4Z0Sx",
                    "name": "Arch Enemy",
                    "type": "artist",
                    "uri": "spotify:artist:0DCw6lHkzh9t7f8Hb4Z0Sx"
                }
            ],
            "disc_number": 1,
            "duration_ms": 287733,
            "explicit": false,
            "external_urls": {
                "spotify": "https://open.spotify.com/track/02gIPDHCTuKgKEl2VlgPzt"
            },
            "href": "https://api.spotify.com/v1/tracks/02gIPDHCTuKgKEl2VlgPzt",
            "id": "02gIPDHCTuKgKEl2VlgPzt",
            "is_local": false,
            "is_playable": true,
            "name": "Reason to Believe",
            "preview_url": "https://p.scdn.co/mp3-preview/825e29a12a908f4009fa395f2ae1e2734f80d85b?cid=21df2fd397254479b1ff5d2429c5ba95",
            "track_number": 6,
            "type": "track",
            "uri": "spotify:track:02gIPDHCTuKgKEl2VlgPzt"
        },
        {
            "artists": [
                {
                    "external_urls": {
                        "spotify": "https://open.spotify.com/artist/0DCw6lHkzh9t7f8Hb4Z0Sx"
                    },
                    "href": "https://api.spotify.com/v1/artists/0DCw6lHkzh9t7f8Hb4Z0Sx",
                    "id": "0DCw6lHkzh9t7f8Hb4Z0Sx",
                    "name": "Arch Enemy",
                    "type": "artist",
                    "uri": "spotify:artist:0DCw6lHkzh9t7f8Hb4Z0Sx"
                }
            ],
            "disc_number": 1,
            "duration_ms": 230413,
            "explicit": false,
            "external_urls": {
                "spotify": "https://open.spotify.com/track/25lp8iSlGkhHISSX0EgpAE"
            },
            "href": "https://api.spotify.com/v1/tracks/25lp8iSlGkhHISSX0EgpAE",
            "id": "25lp8iSlGkhHISSX0EgpAE",
            "is_local": false,
            "is_playable": true,
            "name": "Murder Scene",
            "preview_url": "https://p.scdn.co/mp3-preview/5204b647244b953a17ee9f185438ba1c00b132d9?cid=21df2fd397254479b1ff5d2429c5ba95",
            "track_number": 7,
            "type": "track",
            "uri": "spotify:track:25lp8iSlGkhHISSX0EgpAE"
        },
        {
            "artists": [
                {
                    "external_urls": {
                        "spotify": "https://open.spotify.com/artist/0DCw6lHkzh9t7f8Hb4Z0Sx"
                    },
                    "href": "https://api.spotify.com/v1/artists/0DCw6lHkzh9t7f8Hb4Z0Sx",
                    "id": "0DCw6lHkzh9t7f8Hb4Z0Sx",
                    "name": "Arch Enemy",
                    "type": "artist",
                    "uri": "spotify:artist:0DCw6lHkzh9t7f8Hb4Z0Sx"
                }
            ],
            "disc_number": 1,
            "duration_ms": 288320,
            "explicit": false,
            "external_urls": {
                "spotify": "https://open.spotify.com/track/7uqohNjCnZ8sZd5S2vh5vx"
            },
            "href": "https://api.spotify.com/v1/tracks/7uqohNjCnZ8sZd5S2vh5vx",
            "id": "7uqohNjCnZ8sZd5S2vh5vx",
            "is_local": false,
            "is_playable": true,
            "name": "First Day in Hell",
            "preview_url": "https://p.scdn.co/mp3-preview/5182ef2a5fafb5888ff5841d84f3e5a206223cb0?cid=21df2fd397254479b1ff5d2429c5ba95",
            "track_number": 8,
            "type": "track",
            "uri": "spotify:track:7uqohNjCnZ8sZd5S2vh5vx"
        },
        {
            "artists": [
                {
                    "external_urls": {
                        "spotify": "https://open.spotify.com/artist/0DCw6lHkzh9t7f8Hb4Z0Sx"
                    },
                    "href": "https://api.spotify.com/v1/artists/0DCw6lHkzh9t7f8Hb4Z0Sx",
                    "id": "0DCw6lHkzh9t7f8Hb4Z0Sx",
                    "name": "Arch Enemy",
                    "type": "artist",
                    "uri": "spotify:artist:0DCw6lHkzh9t7f8Hb4Z0Sx"
                }
            ],
            "disc_number": 1,
            "duration_ms": 69493,
            "explicit": false,
            "external_urls": {
                "spotify": "https://open.spotify.com/track/6gXNdxtSOcErDuXagBUdkz"
            },
            "href": "https://api.spotify.com/v1/tracks/6gXNdxtSOcErDuXagBUdkz",
            "id": "6gXNdxtSOcErDuXagBUdkz",
            "is_local": false,
            "is_playable": true,
            "name": "Saturnine",
            "preview_url": "https://p.scdn.co/mp3-preview/28a4c80e367cec1f5fc5b9c39fab515179060dea?cid=21df2fd397254479b1ff5d2429c5ba95",
            "track_number": 9,
            "type": "track",
            "uri": "spotify:track:6gXNdxtSOcErDuXagBUdkz"
        },
        {
            "artists": [
                {
                    "external_urls": {
                        "spotify": "https://open.spotify.com/artist/0DCw6lHkzh9t7f8Hb4Z0Sx"
                    },
                    "href": "https://api.spotify.com/v1/artists/0DCw6lHkzh9t7f8Hb4Z0Sx",
                    "id": "0DCw6lHkzh9t7f8Hb4Z0Sx",
                    "name": "Arch Enemy",
                    "type": "artist",
                    "uri": "spotify:artist:0DCw6lHkzh9t7f8Hb4Z0Sx"
                }
            ],
            "disc_number": 1,
            "duration_ms": 400333,
            "explicit": false,
            "external_urls": {
                "spotify": "https://open.spotify.com/track/0uLoPEtITzR7kNgf9jQJ7c"
            },
            "href": "https://api.spotify.com/v1/tracks/0uLoPEtITzR7kNgf9jQJ7c",
            "id": "0uLoPEtITzR7kNgf9jQJ7c",
            "is_local": false,
            "is_playable": true,
            "name": "Dreams of Retribution",
            "preview_url": "https://p.scdn.co/mp3-preview/935f8d675f2b1d1a2e00f321a89445f9017a7e0b?cid=21df2fd397254479b1ff5d2429c5ba95",
            "track_number": 10,
            "type": "track",
            "uri": "spotify:track:0uLoPEtITzR7kNgf9jQJ7c"
        },
        {
            "artists": [
                {
                    "external_urls": {
                        "spotify": "https://open.spotify.com/artist/0DCw6lHkzh9t7f8Hb4Z0Sx"
                    },
                    "href": "https://api.spotify.com/v1/artists/0DCw6lHkzh9t7f8Hb4Z0Sx",
                    "id": "0DCw6lHkzh9t7f8Hb4Z0Sx",
                    "name": "Arch Enemy",
                    "type": "artist",
                    "uri": "spotify:artist:0DCw6lHkzh9t7f8Hb4Z0Sx"
                }
            ],
            "disc_number": 1,
            "duration_ms": 245506,
            "explicit": false,
            "external_urls": {
                "spotify": "https://open.spotify.com/track/4pXXtUdLs9DSMZJXO2EXXh"
            },
            "href": "https://api.spotify.com/v1/tracks/4pXXtUdLs9DSMZJXO2EXXh",
            "id": "4pXXtUdLs9DSMZJXO2EXXh",
            "is_local": false,
            "is_playable": true,
            "name": "My Shadow and I",
            "preview_url": "https://p.scdn.co/mp3-preview/2edb45268f9ff6089d1016c5c2faa89af14aa765?cid=21df2fd397254479b1ff5d2429c5ba95",
            "track_number": 11,
            "type": "track",
            "uri": "spotify:track:4pXXtUdLs9DSMZJXO2EXXh"
        },
        {
            "artists": [
                {
                    "external_urls": {
                        "spotify": "https://open.spotify.com/artist/0DCw6lHkzh9t7f8Hb4Z0Sx"
                    },
                    "href": "https://api.spotify.com/v1/artists/0DCw6lHkzh9t7f8Hb4Z0Sx",
                    "id": "0DCw6lHkzh9t7f8Hb4Z0Sx",
                    "name": "Arch Enemy",
                    "type": "artist",
                    "uri": "spotify:artist:0DCw6lHkzh9t7f8Hb4Z0Sx"
                }
            ],
            "disc_number": 1,
            "duration_ms": 395426,
            "explicit": false,
            "external_urls": {
                "spotify": "https://open.spotify.com/track/6Yb6ofPLgbb5QhhuWQXtnk"
            },
            "href": "https://api.spotify.com/v1/tracks/6Yb6ofPLgbb5QhhuWQXtnk",
            "id": "6Yb6ofPLgbb5QhhuWQXtnk",
            "is_local": false,
            "is_playable": true,
            "name": "A Fight I Must Win",
            "preview_url": "https://p.scdn.co/mp3-preview/73be32cb2b4ff7cd36982cb062ba17d39d5828a7?cid=21df2fd397254479b1ff5d2429c5ba95",
            "track_number": 12,
            "type": "track",
            "uri": "spotify:track:6Yb6ofPLgbb5QhhuWQXtnk"
        },
        {
            "artists": [
                {
                    "external_urls": {
                        "spotify": "https://open.spotify.com/artist/0DCw6lHkzh9t7f8Hb4Z0Sx"
                    },
                    "href": "https://api.spotify.com/v1/artists/0DCw6lHkzh9t7f8Hb4Z0Sx",
                    "id": "0DCw6lHkzh9t7f8Hb4Z0Sx",
                    "name": "Arch Enemy",
                    "type": "artist",
                    "uri": "spotify:artist:0DCw6lHkzh9t7f8Hb4Z0Sx"
                }
            ],
            "disc_number": 1,
            "duration_ms": 168453,
            "explicit": true,
            "external_urls": {
                "spotify": "https://open.spotify.com/track/4ZXzqIVIzkMnCymMNbrCh8"
            },
            "href": "https://api.spotify.com/v1/tracks/4ZXzqIVIzkMnCymMNbrCh8",
            "id": "4ZXzqIVIzkMnCymMNbrCh8",
            "is_local": false,
            "is_playable": true,
            "name": "City Baby Attacked by Rats - cover version",
            "preview_url": "https://p.scdn.co/mp3-preview/39d324e1f86878052233e5cb81a0c64a494d0f41?cid=21df2fd397254479b1ff5d2429c5ba95",
            "track_number": 13,
            "type": "track",
            "uri": "spotify:track:4ZXzqIVIzkMnCymMNbrCh8"
        }
    ],
    "limit": 20,
    "next": null,
    "offset": 0,
    "previous": null,
    "total": 13
}
]]></system-out>
    <system-err><![CDATA[SLF4J: Failed to load class "org.slf4j.impl.StaticLoggerBinder".
SLF4J: Defaulting to no-operation (NOP) logger implementation
SLF4J: See http://www.slf4j.org/codes.html#StaticLoggerBinder for further details.
]]></system-err>
  </testcase>
  <testcase name="getAlbumWithMarketTest" classname="api.tests.album.postivetests.PositiveGetAlbumTests" time="0.355">
    <system-out><![CDATA[BQBYWaVk5HPlmgnAbrN2y3HsCTH0djxjllYcwaSs_mrhMKGtygghqRpRAzksLUGExT5TcPy2x3OGKzhOPY-B-DF0FZn_1dbr1jEvU5BB4cpFFSmadwY
HTTP/1.1 200 OK
content-type: application/json; charset=utf-8
cache-control: public, max-age=7200
x-robots-tag: noindex, nofollow
access-control-allow-origin: *
access-control-allow-headers: Accept, App-Platform, Authorization, Content-Type, Origin, Retry-After, Spotify-App-Version, X-Cloud-Trace-Context, client-token, content-access-token
access-control-allow-methods: GET, POST, OPTIONS, PUT, DELETE, PATCH
access-control-allow-credentials: true
access-control-max-age: 604800
content-encoding: gzip
strict-transport-security: max-age=31536000
x-content-type-options: nosniff
date: Wed, 21 Jun 2023 08:14:12 GMT
server: envoy
Via: HTTP/2 edgeproxy, 1.1 google
Alt-Svc: h3=":443"; ma=2592000,h3-29=":443"; ma=2592000
Transfer-Encoding: chunked

{
    "album_type": "album",
    "artists": [
        {
            "external_urls": {
                "spotify": "https://open.spotify.com/artist/0DCw6lHkzh9t7f8Hb4Z0Sx"
            },
            "href": "https://api.spotify.com/v1/artists/0DCw6lHkzh9t7f8Hb4Z0Sx",
            "id": "0DCw6lHkzh9t7f8Hb4Z0Sx",
            "name": "Arch Enemy",
            "type": "artist",
            "uri": "spotify:artist:0DCw6lHkzh9t7f8Hb4Z0Sx"
        }
    ],
    "copyrights": [
        {
            "text": "(P) 2017 Savage Messiah Music. Licensed exclusively in the Territory to Century Media Records Ltd.",
            "type": "P"
        }
    ],
    "external_ids": {
        "upc": "886446557434"
    },
    "external_urls": {
        "spotify": "https://open.spotify.com/album/1HimPrGurKic1hNOSidwF2"
    },
    "genres": [
        
    ],
    "href": "https://api.spotify.com/v1/albums/1HimPrGurKic1hNOSidwF2",
    "id": "1HimPrGurKic1hNOSidwF2",
    "images": [
        {
            "height": 640,
            "url": "https://i.scdn.co/image/ab67616d0000b273f22accdfcf008be55b063aae",
            "width": 640
        },
        {
            "height": 300,
            "url": "https://i.scdn.co/image/ab67616d00001e02f22accdfcf008be55b063aae",
            "width": 300
        },
        {
            "height": 64,
            "url": "https://i.scdn.co/image/ab67616d00004851f22accdfcf008be55b063aae",
            "width": 64
        }
    ],
    "is_playable": true,
    "label": "Century Media",
    "name": "Will To Power",
    "popularity": 55,
    "release_date": "2017-09-08",
    "release_date_precision": "day",
    "total_tracks": 13,
    "tracks": {
        "href": "https://api.spotify.com/v1/albums/1HimPrGurKic1hNOSidwF2/tracks?offset=0&limit=50&market=MH",
        "items": [
            {
                "artists": [
                    {
                        "external_urls": {
                            "spotify": "https://open.spotify.com/artist/0DCw6lHkzh9t7f8Hb4Z0Sx"
                        },
                        "href": "https://api.spotify.com/v1/artists/0DCw6lHkzh9t7f8Hb4Z0Sx",
                        "id": "0DCw6lHkzh9t7f8Hb4Z0Sx",
                        "name": "Arch Enemy",
                        "type": "artist",
                        "uri": "spotify:artist:0DCw6lHkzh9t7f8Hb4Z0Sx"
                    }
                ],
                "disc_number": 1,
                "duration_ms": 78413,
                "explicit": false,
                "external_urls": {
                    "spotify": "https://open.spotify.com/track/06Fzhn4M28HZx48H9IXA4j"
                },
                "href": "https://api.spotify.com/v1/tracks/06Fzhn4M28HZx48H9IXA4j",
                "id": "06Fzhn4M28HZx48H9IXA4j",
                "is_local": false,
                "is_playable": true,
                "name": "Set Flame to the Night",
                "preview_url": "https://p.scdn.co/mp3-preview/4055ac73a1faf5cbb03f55f5a712af3656f20557?cid=21df2fd397254479b1ff5d2429c5ba95",
                "track_number": 1,
                "type": "track",
                "uri": "spotify:track:06Fzhn4M28HZx48H9IXA4j"
            },
            {
                "artists": [
                    {
                        "external_urls": {
                            "spotify": "https://open.spotify.com/artist/0DCw6lHkzh9t7f8Hb4Z0Sx"
                        },
                        "href": "https://api.spotify.com/v1/artists/0DCw6lHkzh9t7f8Hb4Z0Sx",
                        "id": "0DCw6lHkzh9t7f8Hb4Z0Sx",
                        "name": "Arch Enemy",
                        "type": "artist",
                        "uri": "spotify:artist:0DCw6lHkzh9t7f8Hb4Z0Sx"
                    }
                ],
                "disc_number": 1,
                "duration_ms": 195066,
                "explicit": false,
                "external_urls": {
                    "spotify": "https://open.spotify.com/track/6tzxM7GwiC5Yci3s08n5B4"
                },
                "href": "https://api.spotify.com/v1/tracks/6tzxM7GwiC5Yci3s08n5B4",
                "id": "6tzxM7GwiC5Yci3s08n5B4",
                "is_local": false,
                "is_playable": true,
                "name": "The Race",
                "preview_url": "https://p.scdn.co/mp3-preview/c5e5825dc93010b288ff54ed948a65379e5b4693?cid=21df2fd397254479b1ff5d2429c5ba95",
                "track_number": 2,
                "type": "track",
                "uri": "spotify:track:6tzxM7GwiC5Yci3s08n5B4"
            },
            {
                "artists": [
                    {
                        "external_urls": {
                            "spotify": "https://open.spotify.com/artist/0DCw6lHkzh9t7f8Hb4Z0Sx"
                        },
                        "href": "https://api.spotify.com/v1/artists/0DCw6lHkzh9t7f8Hb4Z0Sx",
                        "id": "0DCw6lHkzh9t7f8Hb4Z0Sx",
                        "name": "Arch Enemy",
                        "type": "artist",
                        "uri": "spotify:artist:0DCw6lHkzh9t7f8Hb4Z0Sx"
                    }
                ],
                "disc_number": 1,
                "duration_ms": 235426,
                "explicit": false,
                "external_urls": {
                    "spotify": "https://open.spotify.com/track/12pova27n3uHRQxrPnih9f"
                },
                "href": "https://api.spotify.com/v1/tracks/12pova27n3uHRQxrPnih9f",
                "id": "12pova27n3uHRQxrPnih9f",
                "is_local": false,
                "is_playable": true,
                "name": "Blood in the Water",
                "preview_url": "https://p.scdn.co/mp3-preview/42fccf28cc431d65a6edac04bf4b1ee9d5bf9ffb?cid=21df2fd397254479b1ff5d2429c5ba95",
                "track_number": 3,
                "type": "track",
                "uri": "spotify:track:12pova27n3uHRQxrPnih9f"
            },
            {
                "artists": [
                    {
                        "external_urls": {
                            "spotify": "https://open.spotify.com/artist/0DCw6lHkzh9t7f8Hb4Z0Sx"
                        },
                        "href": "https://api.spotify.com/v1/artists/0DCw6lHkzh9t7f8Hb4Z0Sx",
                        "id": "0DCw6lHkzh9t7f8Hb4Z0Sx",
                        "name": "Arch Enemy",
                        "type": "artist",
                        "uri": "spotify:artist:0DCw6lHkzh9t7f8Hb4Z0Sx"
                    }
                ],
                "disc_number": 1,
                "duration_ms": 293466,
                "explicit": false,
                "external_urls": {
                    "spotify": "https://open.spotify.com/track/6tGyLydK5lNXz8Aw44wRj8"
                },
                "href": "https://api.spotify.com/v1/tracks/6tGyLydK5lNXz8Aw44wRj8",
                "id": "6tGyLydK5lNXz8Aw44wRj8",
                "is_local": false,
                "is_playable": true,
                "name": "The World Is Yours",
                "preview_url": "https://p.scdn.co/mp3-preview/24d35e9ee9f6956f2cf59d286b9fae6006e2efec?cid=21df2fd397254479b1ff5d2429c5ba95",
                "track_number": 4,
                "type": "track",
                "uri": "spotify:track:6tGyLydK5lNXz8Aw44wRj8"
            },
            {
                "artists": [
                    {
                        "external_urls": {
                            "spotify": "https://open.spotify.com/artist/0DCw6lHkzh9t7f8Hb4Z0Sx"
                        },
                        "href": "https://api.spotify.com/v1/artists/0DCw6lHkzh9t7f8Hb4Z0Sx",
                        "id": "0DCw6lHkzh9t7f8Hb4Z0Sx",
                        "name": "Arch Enemy",
                        "type": "artist",
                        "uri": "spotify:artist:0DCw6lHkzh9t7f8Hb4Z0Sx"
                    }
                ],
                "disc_number": 1,
                "duration_ms": 299441,
                "explicit": false,
                "external_urls": {
                    "spotify": "https://open.spotify.com/track/7KoWRwwVUgZV5D0zmrr25s"
                },
                "href": "https://api.spotify.com/v1/tracks/7KoWRwwVUgZV5D0zmrr25s",
                "id": "7KoWRwwVUgZV5D0zmrr25s",
                "is_local": false,
                "is_playable": true,
                "name": "The Eagle Flies Alone - edit",
                "preview_url": "https://p.scdn.co/mp3-preview/903584c46c49b24bb83fd6bc058fe3bb9d9453e9?cid=21df2fd397254479b1ff5d2429c5ba95",
                "track_number": 5,
                "type": "track",
                "uri": "spotify:track:7KoWRwwVUgZV5D0zmrr25s"
            },
            {
                "artists": [
                    {
                        "external_urls": {
                            "spotify": "https://open.spotify.com/artist/0DCw6lHkzh9t7f8Hb4Z0Sx"
                        },
                        "href": "https://api.spotify.com/v1/artists/0DCw6lHkzh9t7f8Hb4Z0Sx",
                        "id": "0DCw6lHkzh9t7f8Hb4Z0Sx",
                        "name": "Arch Enemy",
                        "type": "artist",
                        "uri": "spotify:artist:0DCw6lHkzh9t7f8Hb4Z0Sx"
                    }
                ],
                "disc_number": 1,
                "duration_ms": 287733,
                "explicit": false,
                "external_urls": {
                    "spotify": "https://open.spotify.com/track/02gIPDHCTuKgKEl2VlgPzt"
                },
                "href": "https://api.spotify.com/v1/tracks/02gIPDHCTuKgKEl2VlgPzt",
                "id": "02gIPDHCTuKgKEl2VlgPzt",
                "is_local": false,
                "is_playable": true,
                "name": "Reason to Believe",
                "preview_url": "https://p.scdn.co/mp3-preview/825e29a12a908f4009fa395f2ae1e2734f80d85b?cid=21df2fd397254479b1ff5d2429c5ba95",
                "track_number": 6,
                "type": "track",
                "uri": "spotify:track:02gIPDHCTuKgKEl2VlgPzt"
            },
            {
                "artists": [
                    {
                        "external_urls": {
                            "spotify": "https://open.spotify.com/artist/0DCw6lHkzh9t7f8Hb4Z0Sx"
                        },
                        "href": "https://api.spotify.com/v1/artists/0DCw6lHkzh9t7f8Hb4Z0Sx",
                        "id": "0DCw6lHkzh9t7f8Hb4Z0Sx",
                        "name": "Arch Enemy",
                        "type": "artist",
                        "uri": "spotify:artist:0DCw6lHkzh9t7f8Hb4Z0Sx"
                    }
                ],
                "disc_number": 1,
                "duration_ms": 230413,
                "explicit": false,
                "external_urls": {
                    "spotify": "https://open.spotify.com/track/25lp8iSlGkhHISSX0EgpAE"
                },
                "href": "https://api.spotify.com/v1/tracks/25lp8iSlGkhHISSX0EgpAE",
                "id": "25lp8iSlGkhHISSX0EgpAE",
                "is_local": false,
                "is_playable": true,
                "name": "Murder Scene",
                "preview_url": "https://p.scdn.co/mp3-preview/5204b647244b953a17ee9f185438ba1c00b132d9?cid=21df2fd397254479b1ff5d2429c5ba95",
                "track_number": 7,
                "type": "track",
                "uri": "spotify:track:25lp8iSlGkhHISSX0EgpAE"
            },
            {
                "artists": [
                    {
                        "external_urls": {
                            "spotify": "https://open.spotify.com/artist/0DCw6lHkzh9t7f8Hb4Z0Sx"
                        },
                        "href": "https://api.spotify.com/v1/artists/0DCw6lHkzh9t7f8Hb4Z0Sx",
                        "id": "0DCw6lHkzh9t7f8Hb4Z0Sx",
                        "name": "Arch Enemy",
                        "type": "artist",
                        "uri": "spotify:artist:0DCw6lHkzh9t7f8Hb4Z0Sx"
                    }
                ],
                "disc_number": 1,
                "duration_ms": 288320,
                "explicit": false,
                "external_urls": {
                    "spotify": "https://open.spotify.com/track/7uqohNjCnZ8sZd5S2vh5vx"
                },
                "href": "https://api.spotify.com/v1/tracks/7uqohNjCnZ8sZd5S2vh5vx",
                "id": "7uqohNjCnZ8sZd5S2vh5vx",
                "is_local": false,
                "is_playable": true,
                "name": "First Day in Hell",
                "preview_url": "https://p.scdn.co/mp3-preview/5182ef2a5fafb5888ff5841d84f3e5a206223cb0?cid=21df2fd397254479b1ff5d2429c5ba95",
                "track_number": 8,
                "type": "track",
                "uri": "spotify:track:7uqohNjCnZ8sZd5S2vh5vx"
            },
            {
                "artists": [
                    {
                        "external_urls": {
                            "spotify": "https://open.spotify.com/artist/0DCw6lHkzh9t7f8Hb4Z0Sx"
                        },
                        "href": "https://api.spotify.com/v1/artists/0DCw6lHkzh9t7f8Hb4Z0Sx",
                        "id": "0DCw6lHkzh9t7f8Hb4Z0Sx",
                        "name": "Arch Enemy",
                        "type": "artist",
                        "uri": "spotify:artist:0DCw6lHkzh9t7f8Hb4Z0Sx"
                    }
                ],
                "disc_number": 1,
                "duration_ms": 69493,
                "explicit": false,
                "external_urls": {
                    "spotify": "https://open.spotify.com/track/6gXNdxtSOcErDuXagBUdkz"
                },
                "href": "https://api.spotify.com/v1/tracks/6gXNdxtSOcErDuXagBUdkz",
                "id": "6gXNdxtSOcErDuXagBUdkz",
                "is_local": false,
                "is_playable": true,
                "name": "Saturnine",
                "preview_url": "https://p.scdn.co/mp3-preview/28a4c80e367cec1f5fc5b9c39fab515179060dea?cid=21df2fd397254479b1ff5d2429c5ba95",
                "track_number": 9,
                "type": "track",
                "uri": "spotify:track:6gXNdxtSOcErDuXagBUdkz"
            },
            {
                "artists": [
                    {
                        "external_urls": {
                            "spotify": "https://open.spotify.com/artist/0DCw6lHkzh9t7f8Hb4Z0Sx"
                        },
                        "href": "https://api.spotify.com/v1/artists/0DCw6lHkzh9t7f8Hb4Z0Sx",
                        "id": "0DCw6lHkzh9t7f8Hb4Z0Sx",
                        "name": "Arch Enemy",
                        "type": "artist",
                        "uri": "spotify:artist:0DCw6lHkzh9t7f8Hb4Z0Sx"
                    }
                ],
                "disc_number": 1,
                "duration_ms": 400333,
                "explicit": false,
                "external_urls": {
                    "spotify": "https://open.spotify.com/track/0uLoPEtITzR7kNgf9jQJ7c"
                },
                "href": "https://api.spotify.com/v1/tracks/0uLoPEtITzR7kNgf9jQJ7c",
                "id": "0uLoPEtITzR7kNgf9jQJ7c",
                "is_local": false,
                "is_playable": true,
                "name": "Dreams of Retribution",
                "preview_url": "https://p.scdn.co/mp3-preview/935f8d675f2b1d1a2e00f321a89445f9017a7e0b?cid=21df2fd397254479b1ff5d2429c5ba95",
                "track_number": 10,
                "type": "track",
                "uri": "spotify:track:0uLoPEtITzR7kNgf9jQJ7c"
            },
            {
                "artists": [
                    {
                        "external_urls": {
                            "spotify": "https://open.spotify.com/artist/0DCw6lHkzh9t7f8Hb4Z0Sx"
                        },
                        "href": "https://api.spotify.com/v1/artists/0DCw6lHkzh9t7f8Hb4Z0Sx",
                        "id": "0DCw6lHkzh9t7f8Hb4Z0Sx",
                        "name": "Arch Enemy",
                        "type": "artist",
                        "uri": "spotify:artist:0DCw6lHkzh9t7f8Hb4Z0Sx"
                    }
                ],
                "disc_number": 1,
                "duration_ms": 245506,
                "explicit": false,
                "external_urls": {
                    "spotify": "https://open.spotify.com/track/4pXXtUdLs9DSMZJXO2EXXh"
                },
                "href": "https://api.spotify.com/v1/tracks/4pXXtUdLs9DSMZJXO2EXXh",
                "id": "4pXXtUdLs9DSMZJXO2EXXh",
                "is_local": false,
                "is_playable": true,
                "name": "My Shadow and I",
                "preview_url": "https://p.scdn.co/mp3-preview/2edb45268f9ff6089d1016c5c2faa89af14aa765?cid=21df2fd397254479b1ff5d2429c5ba95",
                "track_number": 11,
                "type": "track",
                "uri": "spotify:track:4pXXtUdLs9DSMZJXO2EXXh"
            },
            {
                "artists": [
                    {
                        "external_urls": {
                            "spotify": "https://open.spotify.com/artist/0DCw6lHkzh9t7f8Hb4Z0Sx"
                        },
                        "href": "https://api.spotify.com/v1/artists/0DCw6lHkzh9t7f8Hb4Z0Sx",
                        "id": "0DCw6lHkzh9t7f8Hb4Z0Sx",
                        "name": "Arch Enemy",
                        "type": "artist",
                        "uri": "spotify:artist:0DCw6lHkzh9t7f8Hb4Z0Sx"
                    }
                ],
                "disc_number": 1,
                "duration_ms": 395426,
                "explicit": false,
                "external_urls": {
                    "spotify": "https://open.spotify.com/track/6Yb6ofPLgbb5QhhuWQXtnk"
                },
                "href": "https://api.spotify.com/v1/tracks/6Yb6ofPLgbb5QhhuWQXtnk",
                "id": "6Yb6ofPLgbb5QhhuWQXtnk",
                "is_local": false,
                "is_playable": true,
                "name": "A Fight I Must Win",
                "preview_url": "https://p.scdn.co/mp3-preview/73be32cb2b4ff7cd36982cb062ba17d39d5828a7?cid=21df2fd397254479b1ff5d2429c5ba95",
                "track_number": 12,
                "type": "track",
                "uri": "spotify:track:6Yb6ofPLgbb5QhhuWQXtnk"
            },
            {
                "artists": [
                    {
                        "external_urls": {
                            "spotify": "https://open.spotify.com/artist/0DCw6lHkzh9t7f8Hb4Z0Sx"
                        },
                        "href": "https://api.spotify.com/v1/artists/0DCw6lHkzh9t7f8Hb4Z0Sx",
                        "id": "0DCw6lHkzh9t7f8Hb4Z0Sx",
                        "name": "Arch Enemy",
                        "type": "artist",
                        "uri": "spotify:artist:0DCw6lHkzh9t7f8Hb4Z0Sx"
                    }
                ],
                "disc_number": 1,
                "duration_ms": 168453,
                "explicit": true,
                "external_urls": {
                    "spotify": "https://open.spotify.com/track/4ZXzqIVIzkMnCymMNbrCh8"
                },
                "href": "https://api.spotify.com/v1/tracks/4ZXzqIVIzkMnCymMNbrCh8",
                "id": "4ZXzqIVIzkMnCymMNbrCh8",
                "is_local": false,
                "is_playable": true,
                "name": "City Baby Attacked by Rats - cover version",
                "preview_url": "https://p.scdn.co/mp3-preview/39d324e1f86878052233e5cb81a0c64a494d0f41?cid=21df2fd397254479b1ff5d2429c5ba95",
                "track_number": 13,
                "type": "track",
                "uri": "spotify:track:4ZXzqIVIzkMnCymMNbrCh8"
            }
        ],
        "limit": 50,
        "next": null,
        "offset": 0,
        "previous": null,
        "total": 13
    },
    "type": "album",
    "uri": "spotify:album:1HimPrGurKic1hNOSidwF2"
}
]]></system-out>
  </testcase>
  <testcase name="getAnAlbumTest" classname="api.tests.album.postivetests.PositiveGetAlbumTests" time="1.37">
    <system-out><![CDATA[BQA32IXqPOqYYPy8ks6k2WgFUq2hkAtIUpr9OSOsRZiz_TNIm8pm67cisMM_YSIBJH01p_cz8jrlxGjKVomvZ3JSRtNbkgKMrt0LJzMacP77vJODkTo
]]></system-out>
  </testcase>
  <testcase name="getLatestReleasesTest" classname="api.tests.album.postivetests.PositiveGetAlbumTests" time="0.898">
    <system-out><![CDATA[BQCWLQNDD-tQ5aPQYXMfnggDVxoHQgvl12zxzKpdCF_gxBGbqUcaRULinuiM-lxrzuAC6_B-7CzzbbtLrEHQS0sQSv-o8Uuqx94j7WmePXkFqByozwI
{
    "albums": {
        "href": "https://api.spotify.com/v1/browse/new-releases?country=HR&offset=0&limit=20",
        "items": [
            {
                "album_type": "album",
                "artists": [
                    {
                        "external_urls": {
                            "spotify": "https://open.spotify.com/artist/2auC28zjQyVTsiZKNgPRGs"
                        },
                        "href": "https://api.spotify.com/v1/artists/2auC28zjQyVTsiZKNgPRGs",
                        "id": "2auC28zjQyVTsiZKNgPRGs",
                        "name": "RM",
                        "type": "artist",
                        "uri": "spotify:artist:2auC28zjQyVTsiZKNgPRGs"
                    }
                ],
                "external_urls": {
                    "spotify": "https://open.spotify.com/album/08HCdXZVN72S2vpIT9DKhU"
                },
                "href": "https://api.spotify.com/v1/albums/08HCdXZVN72S2vpIT9DKhU",
                "id": "08HCdXZVN72S2vpIT9DKhU",
                "images": [
                    {
                        "height": 640,
                        "url": "https://i.scdn.co/image/ab67616d0000b27336661930d6c586e412d7d4b2",
                        "width": 640
                    },
                    {
                        "height": 300,
                        "url": "https://i.scdn.co/image/ab67616d00001e0236661930d6c586e412d7d4b2",
                        "width": 300
                    },
                    {
                        "height": 64,
                        "url": "https://i.scdn.co/image/ab67616d0000485136661930d6c586e412d7d4b2",
                        "width": 64
                    }
                ],
                "is_playable": true,
                "name": "Indigo",
                "release_date": "2022-12-02",
                "release_date_precision": "day",
                "total_tracks": 10,
                "type": "album",
                "uri": "spotify:album:08HCdXZVN72S2vpIT9DKhU"
            },
            {
                "album_type": "album",
                "artists": [
                    {
                        "external_urls": {
                            "spotify": "https://open.spotify.com/artist/6KImCVD70vtIoJWnq6nGn3"
                        },
                        "href": "https://api.spotify.com/v1/artists/6KImCVD70vtIoJWnq6nGn3",
                        "id": "6KImCVD70vtIoJWnq6nGn3",
                        "name": "Harry Styles",
                        "type": "artist",
                        "uri": "spotify:artist:6KImCVD70vtIoJWnq6nGn3"
                    }
                ],
                "external_urls": {
                    "spotify": "https://open.spotify.com/album/5r36AJ6VOJtp00oxSkBZ5h"
                },
                "href": "https://api.spotify.com/v1/albums/5r36AJ6VOJtp00oxSkBZ5h",
                "id": "5r36AJ6VOJtp00oxSkBZ5h",
                "images": [
                    {
                        "height": 640,
                        "url": "https://i.scdn.co/image/ab67616d0000b2732e8ed79e177ff6011076f5f0",
                        "width": 640
                    },
                    {
                        "height": 300,
                        "url": "https://i.scdn.co/image/ab67616d00001e022e8ed79e177ff6011076f5f0",
                        "width": 300
                    },
                    {
                        "height": 64,
                        "url": "https://i.scdn.co/image/ab67616d000048512e8ed79e177ff6011076f5f0",
                        "width": 64
                    }
                ],
                "is_playable": true,
                "name": "Harry's House",
                "release_date": "2022-05-20",
                "release_date_precision": "day",
                "total_tracks": 13,
                "type": "album",
                "uri": "spotify:album:5r36AJ6VOJtp00oxSkBZ5h"
            },
            {
                "album_type": "single",
                "artists": [
                    {
                        "external_urls": {
                            "spotify": "https://open.spotify.com/artist/6WFDpw4u23uSpon4BHvFRn"
                        },
                        "href": "https://api.spotify.com/v1/artists/6WFDpw4u23uSpon4BHvFRn",
                        "id": "6WFDpw4u23uSpon4BHvFRn",
                        "name": "Cat Burns",
                        "type": "artist",
                        "uri": "spotify:artist:6WFDpw4u23uSpon4BHvFRn"
                    }
                ],
                "external_urls": {
                    "spotify": "https://open.spotify.com/album/3IdEptw0LPQv9qNLbxkdAU"
                },
                "href": "https://api.spotify.com/v1/albums/3IdEptw0LPQv9qNLbxkdAU",
                "id": "3IdEptw0LPQv9qNLbxkdAU",
                "images": [
                    {
                        "height": 640,
                        "url": "https://i.scdn.co/image/ab67616d0000b27378d63606c261f7d212d4ee9a",
                        "width": 640
                    },
                    {
                        "height": 300,
                        "url": "https://i.scdn.co/image/ab67616d00001e0278d63606c261f7d212d4ee9a",
                        "width": 300
                    },
                    {
                        "height": 64,
                        "url": "https://i.scdn.co/image/ab67616d0000485178d63606c261f7d212d4ee9a",
                        "width": 64
                    }
                ],
                "is_playable": true,
                "name": "emotionally unavailable",
                "release_date": "2022-05-20",
                "release_date_precision": "day",
                "total_tracks": 6,
                "type": "album",
                "uri": "spotify:album:3IdEptw0LPQv9qNLbxkdAU"
            },
            {
                "album_type": "album",
                "artists": [
                    {
                        "external_urls": {
                            "spotify": "https://open.spotify.com/artist/69GGBxA162lTqCwzJG5jLp"
                        },
                        "href": "https://api.spotify.com/v1/artists/69GGBxA162lTqCwzJG5jLp",
                        "id": "69GGBxA162lTqCwzJG5jLp",
                        "name": "The Chainsmokers",
                        "type": "artist",
                        "uri": "spotify:artist:69GGBxA162lTqCwzJG5jLp"
                    }
                ],
                "external_urls": {
                    "spotify": "https://open.spotify.com/album/1CxCEPIZbaE28qUDW4wN0t"
                },
                "href": "https://api.spotify.com/v1/albums/1CxCEPIZbaE28qUDW4wN0t",
                "id": "1CxCEPIZbaE28qUDW4wN0t",
                "images": [
                    {
                        "height": 640,
                        "url": "https://i.scdn.co/image/ab67616d0000b2734ed727dc12385924bdef0e9f",
                        "width": 640
                    },
                    {
                        "height": 300,
                        "url": "https://i.scdn.co/image/ab67616d00001e024ed727dc12385924bdef0e9f",
                        "width": 300
                    },
                    {
                        "height": 64,
                        "url": "https://i.scdn.co/image/ab67616d000048514ed727dc12385924bdef0e9f",
                        "width": 64
                    }
                ],
                "is_playable": true,
                "name": "So Far So Good",
                "release_date": "2022-05-13",
                "release_date_precision": "day",
                "total_tracks": 13,
                "type": "album",
                "uri": "spotify:album:1CxCEPIZbaE28qUDW4wN0t"
            },
            {
                "album_type": "album",
                "artists": [
                    {
                        "external_urls": {
                            "spotify": "https://open.spotify.com/artist/1moxjboGR7GNWYIMWsRjgG"
                        },
                        "href": "https://api.spotify.com/v1/artists/1moxjboGR7GNWYIMWsRjgG",
                        "id": "1moxjboGR7GNWYIMWsRjgG",
                        "name": "Florence + The Machine",
                        "type": "artist",
                        "uri": "spotify:artist:1moxjboGR7GNWYIMWsRjgG"
                    }
                ],
                "external_urls": {
                    "spotify": "https://open.spotify.com/album/4ohh1zQ4yybSK9FS7LLyDE"
                },
                "href": "https://api.spotify.com/v1/albums/4ohh1zQ4yybSK9FS7LLyDE",
                "id": "4ohh1zQ4yybSK9FS7LLyDE",
                "images": [
                    {
                        "height": 640,
                        "url": "https://i.scdn.co/image/ab67616d0000b2735fd9e21618182df7d70b2186",
                        "width": 640
                    },
                    {
                        "height": 300,
                        "url": "https://i.scdn.co/image/ab67616d00001e025fd9e21618182df7d70b2186",
                        "width": 300
                    },
                    {
                        "height": 64,
                        "url": "https://i.scdn.co/image/ab67616d000048515fd9e21618182df7d70b2186",
                        "width": 64
                    }
                ],
                "is_playable": true,
                "name": "Dance Fever",
                "release_date": "2022-05-13",
                "release_date_precision": "day",
                "total_tracks": 14,
                "type": "album",
                "uri": "spotify:album:4ohh1zQ4yybSK9FS7LLyDE"
            },
            {
                "album_type": "album",
                "artists": [
                    {
                        "external_urls": {
                            "spotify": "https://open.spotify.com/artist/4obzFoKoKRHIphyHzJ35G3"
                        },
                        "href": "https://api.spotify.com/v1/artists/4obzFoKoKRHIphyHzJ35G3",
                        "id": "4obzFoKoKRHIphyHzJ35G3",
                        "name": "Becky G",
                        "type": "artist",
                        "uri": "spotify:artist:4obzFoKoKRHIphyHzJ35G3"
                    }
                ],
                "external_urls": {
                    "spotify": "https://open.spotify.com/album/7eC4wtMG1I2Jtk4FDWbkKC"
                },
                "href": "https://api.spotify.com/v1/albums/7eC4wtMG1I2Jtk4FDWbkKC",
                "id": "7eC4wtMG1I2Jtk4FDWbkKC",
                "images": [
                    {
                        "height": 640,
                        "url": "https://i.scdn.co/image/ab67616d0000b273518859dcb13382116f450073",
                        "width": 640
                    },
                    {
                        "height": 300,
                        "url": "https://i.scdn.co/image/ab67616d00001e02518859dcb13382116f450073",
                        "width": 300
                    },
                    {
                        "height": 64,
                        "url": "https://i.scdn.co/image/ab67616d00004851518859dcb13382116f450073",
                        "width": 64
                    }
                ],
                "is_playable": true,
                "name": "ESQUEMAS",
                "release_date": "2022-05-13",
                "release_date_precision": "day",
                "total_tracks": 14,
                "type": "album",
                "uri": "spotify:album:7eC4wtMG1I2Jtk4FDWbkKC"
            },
            {
                "album_type": "album",
                "artists": [
                    {
                        "external_urls": {
                            "spotify": "https://open.spotify.com/artist/2YZyLoL8N0Wb9xBt1NhZWg"
                        },
                        "href": "https://api.spotify.com/v1/artists/2YZyLoL8N0Wb9xBt1NhZWg",
                        "id": "2YZyLoL8N0Wb9xBt1NhZWg",
                        "name": "Kendrick Lamar",
                        "type": "artist",
                        "uri": "spotify:artist:2YZyLoL8N0Wb9xBt1NhZWg"
                    }
                ],
                "external_urls": {
                    "spotify": "https://open.spotify.com/album/1atjqOZTCdrjxjMyCPZc2g"
                },
                "href": "https://api.spotify.com/v1/albums/1atjqOZTCdrjxjMyCPZc2g",
                "id": "1atjqOZTCdrjxjMyCPZc2g",
                "images": [
                    {
                        "height": 640,
                        "url": "https://i.scdn.co/image/ab67616d0000b273f30764d5fa1e439ad6a7742f",
                        "width": 640
                    },
                    {
                        "height": 300,
                        "url": "https://i.scdn.co/image/ab67616d00001e02f30764d5fa1e439ad6a7742f",
                        "width": 300
                    },
                    {
                        "height": 64,
                        "url": "https://i.scdn.co/image/ab67616d00004851f30764d5fa1e439ad6a7742f",
                        "width": 64
                    }
                ],
                "is_playable": true,
                "name": "Mr. Morale & The Big Steppers",
                "release_date": "2022-05-13",
                "release_date_precision": "day",
                "total_tracks": 18,
                "type": "album",
                "uri": "spotify:album:1atjqOZTCdrjxjMyCPZc2g"
            },
            {
                "album_type": "album",
                "artists": [
                    {
                        "external_urls": {
                            "spotify": "https://open.spotify.com/artist/1Cd373x8qzC7SNUg5IToqp"
                        },
                        "href": "https://api.spotify.com/v1/artists/1Cd373x8qzC7SNUg5IToqp",
                        "id": "1Cd373x8qzC7SNUg5IToqp",
                        "name": "BoyWithUke",
                        "type": "artist",
                        "uri": "spotify:artist:1Cd373x8qzC7SNUg5IToqp"
                    }
                ],
                "external_urls": {
                    "spotify": "https://open.spotify.com/album/1I79ZTFJ5FVLwMYRWvhk73"
                },
                "href": "https://api.spotify.com/v1/albums/1I79ZTFJ5FVLwMYRWvhk73",
                "id": "1I79ZTFJ5FVLwMYRWvhk73",
                "images": [
                    {
                        "height": 640,
                        "url": "https://i.scdn.co/image/ab67616d0000b273ee07023115f822012390d2a0",
                        "width": 640
                    },
                    {
                        "height": 300,
                        "url": "https://i.scdn.co/image/ab67616d00001e02ee07023115f822012390d2a0",
                        "width": 300
                    },
                    {
                        "height": 64,
                        "url": "https://i.scdn.co/image/ab67616d00004851ee07023115f822012390d2a0",
                        "width": 64
                    }
                ],
                "is_playable": true,
                "name": "Serotonin Dreams",
                "release_date": "2022-05-06",
                "release_date_precision": "day",
                "total_tracks": 11,
                "type": "album",
                "uri": "spotify:album:1I79ZTFJ5FVLwMYRWvhk73"
            },
            {
                "album_type": "album",
                "artists": [
                    {
                        "external_urls": {
                            "spotify": "https://open.spotify.com/artist/4q3ewBCX7sLwd24euuV69X"
                        },
                        "href": "https://api.spotify.com/v1/artists/4q3ewBCX7sLwd24euuV69X",
                        "id": "4q3ewBCX7sLwd24euuV69X",
                        "name": "Bad Bunny",
                        "type": "artist",
                        "uri": "spotify:artist:4q3ewBCX7sLwd24euuV69X"
                    }
                ],
                "external_urls": {
                    "spotify": "https://open.spotify.com/album/3RQQmkQEvNCY4prGKE6oc5"
                },
                "href": "https://api.spotify.com/v1/albums/3RQQmkQEvNCY4prGKE6oc5",
                "id": "3RQQmkQEvNCY4prGKE6oc5",
                "images": [
                    {
                        "height": 640,
                        "url": "https://i.scdn.co/image/ab67616d0000b27349d694203245f241a1bcaa72",
                        "width": 640
                    },
                    {
                        "height": 300,
                        "url": "https://i.scdn.co/image/ab67616d00001e0249d694203245f241a1bcaa72",
                        "width": 300
                    },
                    {
                        "height": 64,
                        "url": "https://i.scdn.co/image/ab67616d0000485149d694203245f241a1bcaa72",
                        "width": 64
                    }
                ],
                "is_playable": true,
                "name": "Un Verano Sin Ti",
                "release_date": "2022-05-06",
                "release_date_precision": "day",
                "total_tracks": 23,
                "type": "album",
                "uri": "spotify:album:3RQQmkQEvNCY4prGKE6oc5"
            },
            {
                "album_type": "album",
                "artists": [
                    {
                        "external_urls": {
                            "spotify": "https://open.spotify.com/artist/2LIk90788K0zvyj2JJVwkJ"
                        },
                        "href": "https://api.spotify.com/v1/artists/2LIk90788K0zvyj2JJVwkJ",
                        "id": "2LIk90788K0zvyj2JJVwkJ",
                        "name": "Jack Harlow",
                        "type": "artist",
                        "uri": "spotify:artist:2LIk90788K0zvyj2JJVwkJ"
                    }
                ],
                "external_urls": {
                    "spotify": "https://open.spotify.com/album/2eE8BVirX9VF8Di9hD90iw"
                },
                "href": "https://api.spotify.com/v1/albums/2eE8BVirX9VF8Di9hD90iw",
                "id": "2eE8BVirX9VF8Di9hD90iw",
                "images": [
                    {
                        "height": 640,
                        "url": "https://i.scdn.co/image/ab67616d0000b2738e55edb69ca44a25b52b17bb",
                        "width": 640
                    },
                    {
                        "height": 300,
                        "url": "https://i.scdn.co/image/ab67616d00001e028e55edb69ca44a25b52b17bb",
                        "width": 300
                    },
                    {
                        "height": 64,
                        "url": "https://i.scdn.co/image/ab67616d000048518e55edb69ca44a25b52b17bb",
                        "width": 64
                    }
                ],
                "is_playable": true,
                "name": "Come Home The Kids Miss You",
                "release_date": "2022-05-06",
                "release_date_precision": "day",
                "total_tracks": 15,
                "type": "album",
                "uri": "spotify:album:2eE8BVirX9VF8Di9hD90iw"
            },
            {
                "album_type": "album",
                "artists": [
                    {
                        "external_urls": {
                            "spotify": "https://open.spotify.com/artist/1h6Cn3P4NGzXbaXidqURXs"
                        },
                        "href": "https://api.spotify.com/v1/artists/1h6Cn3P4NGzXbaXidqURXs",
                        "id": "1h6Cn3P4NGzXbaXidqURXs",
                        "name": "Swedish House Mafia",
                        "type": "artist",
                        "uri": "spotify:artist:1h6Cn3P4NGzXbaXidqURXs"
                    }
                ],
                "external_urls": {
                    "spotify": "https://open.spotify.com/album/2Dbe9L757CSQbhnbW5PVSH"
                },
                "href": "https://api.spotify.com/v1/albums/2Dbe9L757CSQbhnbW5PVSH",
                "id": "2Dbe9L757CSQbhnbW5PVSH",
                "images": [
                    {
                        "height": 640,
                        "url": "https://i.scdn.co/image/ab67616d0000b273bd6f8ac82dc5fe1028c14f7d",
                        "width": 640
                    },
                    {
                        "height": 300,
                        "url": "https://i.scdn.co/image/ab67616d00001e02bd6f8ac82dc5fe1028c14f7d",
                        "width": 300
                    },
                    {
                        "height": 64,
                        "url": "https://i.scdn.co/image/ab67616d00004851bd6f8ac82dc5fe1028c14f7d",
                        "width": 64
                    }
                ],
                "is_playable": true,
                "name": "Paradise Again",
                "release_date": "2022-04-15",
                "release_date_precision": "day",
                "total_tracks": 17,
                "type": "album",
                "uri": "spotify:album:2Dbe9L757CSQbhnbW5PVSH"
            },
            {
                "album_type": "album",
                "artists": [
                    {
                        "external_urls": {
                            "spotify": "https://open.spotify.com/artist/5IH6FPUwQTxPSXurCrcIov"
                        },
                        "href": "https://api.spotify.com/v1/artists/5IH6FPUwQTxPSXurCrcIov",
                        "id": "5IH6FPUwQTxPSXurCrcIov",
                        "name": "Alec Benjamin",
                        "type": "artist",
                        "uri": "spotify:artist:5IH6FPUwQTxPSXurCrcIov"
                    }
                ],
                "external_urls": {
                    "spotify": "https://open.spotify.com/album/5Wvcnn5547f6xz8F9Kz6rO"
                },
                "href": "https://api.spotify.com/v1/albums/5Wvcnn5547f6xz8F9Kz6rO",
                "id": "5Wvcnn5547f6xz8F9Kz6rO",
                "images": [
                    {
                        "height": 640,
                        "url": "https://i.scdn.co/image/ab67616d0000b2730c8a0405b0035e48ab780eec",
                        "width": 640
                    },
                    {
                        "height": 300,
                        "url": "https://i.scdn.co/image/ab67616d00001e020c8a0405b0035e48ab780eec",
                        "width": 300
                    },
                    {
                        "height": 64,
                        "url": "https://i.scdn.co/image/ab67616d000048510c8a0405b0035e48ab780eec",
                        "width": 64
                    }
                ],
                "is_playable": true,
                "name": "(Un)Commentary",
                "release_date": "2022-04-15",
                "release_date_precision": "day",
                "total_tracks": 13,
                "type": "album",
                "uri": "spotify:album:5Wvcnn5547f6xz8F9Kz6rO"
            },
            {
                "album_type": "album",
                "artists": [
                    {
                        "external_urls": {
                            "spotify": "https://open.spotify.com/artist/2TwOrUcYnAlIiKmVQkkoSZ"
                        },
                        "href": "https://api.spotify.com/v1/artists/2TwOrUcYnAlIiKmVQkkoSZ",
                        "id": "2TwOrUcYnAlIiKmVQkkoSZ",
                        "name": "Wet Leg",
                        "type": "artist",
                        "uri": "spotify:artist:2TwOrUcYnAlIiKmVQkkoSZ"
                    }
                ],
                "external_urls": {
                    "spotify": "https://open.spotify.com/album/0r9awI5WRCZpwk0aVQ4bKO"
                },
                "href": "https://api.spotify.com/v1/albums/0r9awI5WRCZpwk0aVQ4bKO",
                "id": "0r9awI5WRCZpwk0aVQ4bKO",
                "images": [
                    {
                        "height": 640,
                        "url": "https://i.scdn.co/image/ab67616d0000b273ea1126a33b0fb88e79915262",
                        "width": 640
                    },
                    {
                        "height": 300,
                        "url": "https://i.scdn.co/image/ab67616d00001e02ea1126a33b0fb88e79915262",
                        "width": 300
                    },
                    {
                        "height": 64,
                        "url": "https://i.scdn.co/image/ab67616d00004851ea1126a33b0fb88e79915262",
                        "width": 64
                    }
                ],
                "is_playable": true,
                "name": "Wet Leg",
                "release_date": "2022-04-08",
                "release_date_precision": "day",
                "total_tracks": 12,
                "type": "album",
                "uri": "spotify:album:0r9awI5WRCZpwk0aVQ4bKO"
            },
            {
                "album_type": "album",
                "artists": [
                    {
                        "external_urls": {
                            "spotify": "https://open.spotify.com/artist/1dy5WNgIKQU6ezkpZs4y8z"
                        },
                        "href": "https://api.spotify.com/v1/artists/1dy5WNgIKQU6ezkpZs4y8z",
                        "id": "1dy5WNgIKQU6ezkpZs4y8z",
                        "name": "ROLE MODEL",
                        "type": "artist",
                        "uri": "spotify:artist:1dy5WNgIKQU6ezkpZs4y8z"
                    }
                ],
                "external_urls": {
                    "spotify": "https://open.spotify.com/album/1PhcZ4Ov6ZxuaUZF8r9rbk"
                },
                "href": "https://api.spotify.com/v1/albums/1PhcZ4Ov6ZxuaUZF8r9rbk",
                "id": "1PhcZ4Ov6ZxuaUZF8r9rbk",
                "images": [
                    {
                        "height": 640,
                        "url": "https://i.scdn.co/image/ab67616d0000b273cddfd12bb155ad1091d6eea4",
                        "width": 640
                    },
                    {
                        "height": 300,
                        "url": "https://i.scdn.co/image/ab67616d00001e02cddfd12bb155ad1091d6eea4",
                        "width": 300
                    },
                    {
                        "height": 64,
                        "url": "https://i.scdn.co/image/ab67616d00004851cddfd12bb155ad1091d6eea4",
                        "width": 64
                    }
                ],
                "is_playable": true,
                "name": "Rx",
                "release_date": "2022-04-08",
                "release_date_precision": "day",
                "total_tracks": 11,
                "type": "album",
                "uri": "spotify:album:1PhcZ4Ov6ZxuaUZF8r9rbk"
            },
            {
                "album_type": "album",
                "artists": [
                    {
                        "external_urls": {
                            "spotify": "https://open.spotify.com/artist/4nDoRrQiYLoBzwC5BhVJzF"
                        },
                        "href": "https://api.spotify.com/v1/artists/4nDoRrQiYLoBzwC5BhVJzF",
                        "id": "4nDoRrQiYLoBzwC5BhVJzF",
                        "name": "Camila Cabello",
                        "type": "artist",
                        "uri": "spotify:artist:4nDoRrQiYLoBzwC5BhVJzF"
                    }
                ],
                "external_urls": {
                    "spotify": "https://open.spotify.com/album/5Nn3fX7CuJo7tbibtqASmf"
                },
                "href": "https://api.spotify.com/v1/albums/5Nn3fX7CuJo7tbibtqASmf",
                "id": "5Nn3fX7CuJo7tbibtqASmf",
                "images": [
                    {
                        "height": 640,
                        "url": "https://i.scdn.co/image/ab67616d0000b27317f56db9be0ac58807c82899",
                        "width": 640
                    },
                    {
                        "height": 300,
                        "url": "https://i.scdn.co/image/ab67616d00001e0217f56db9be0ac58807c82899",
                        "width": 300
                    },
                    {
                        "height": 64,
                        "url": "https://i.scdn.co/image/ab67616d0000485117f56db9be0ac58807c82899",
                        "width": 64
                    }
                ],
                "is_playable": true,
                "name": "Familia",
                "release_date": "2022-04-08",
                "release_date_precision": "day",
                "total_tracks": 12,
                "type": "album",
                "uri": "spotify:album:5Nn3fX7CuJo7tbibtqASmf"
            },
            {
                "album_type": "album",
                "artists": [
                    {
                        "external_urls": {
                            "spotify": "https://open.spotify.com/artist/2kGBy2WHvF0VdZyqiVCkDT"
                        },
                        "href": "https://api.spotify.com/v1/artists/2kGBy2WHvF0VdZyqiVCkDT",
                        "id": "2kGBy2WHvF0VdZyqiVCkDT",
                        "name": "Father John Misty",
                        "type": "artist",
                        "uri": "spotify:artist:2kGBy2WHvF0VdZyqiVCkDT"
                    }
                ],
                "external_urls": {
                    "spotify": "https://open.spotify.com/album/3AJUxT71xZZaxmCdhunwjE"
                },
                "href": "https://api.spotify.com/v1/albums/3AJUxT71xZZaxmCdhunwjE",
                "id": "3AJUxT71xZZaxmCdhunwjE",
                "images": [
                    {
                        "height": 640,
                        "url": "https://i.scdn.co/image/ab67616d0000b2732cd55f59f4a18a10c1962edc",
                        "width": 640
                    },
                    {
                        "height": 300,
                        "url": "https://i.scdn.co/image/ab67616d00001e022cd55f59f4a18a10c1962edc",
                        "width": 300
                    },
                    {
                        "height": 64,
                        "url": "https://i.scdn.co/image/ab67616d000048512cd55f59f4a18a10c1962edc",
                        "width": 64
                    }
                ],
                "is_playable": true,
                "name": "Chloë and the Next 20th Century",
                "release_date": "2022-04-08",
                "release_date_precision": "day",
                "total_tracks": 11,
                "type": "album",
                "uri": "spotify:album:3AJUxT71xZZaxmCdhunwjE"
            },
            {
                "album_type": "album",
                "artists": [
                    {
                        "external_urls": {
                            "spotify": "https://open.spotify.com/artist/0cmWgDlu9CwTgxPhf403hb"
                        },
                        "href": "https://api.spotify.com/v1/artists/0cmWgDlu9CwTgxPhf403hb",
                        "id": "0cmWgDlu9CwTgxPhf403hb",
                        "name": "Bonobo",
                        "type": "artist",
                        "uri": "spotify:artist:0cmWgDlu9CwTgxPhf403hb"
                    }
                ],
                "external_urls": {
                    "spotify": "https://open.spotify.com/album/4KjbNbnTnJ97kZgQkOHr6v"
                },
                "href": "https://api.spotify.com/v1/albums/4KjbNbnTnJ97kZgQkOHr6v",
                "id": "4KjbNbnTnJ97kZgQkOHr6v",
                "images": [
                    {
                        "height": 640,
                        "url": "https://i.scdn.co/image/ab67616d0000b273226e702d1878d4a44b273980",
                        "width": 640
                    },
                    {
                        "height": 300,
                        "url": "https://i.scdn.co/image/ab67616d00001e02226e702d1878d4a44b273980",
                        "width": 300
                    },
                    {
                        "height": 64,
                        "url": "https://i.scdn.co/image/ab67616d00004851226e702d1878d4a44b273980",
                        "width": 64
                    }
                ],
                "is_playable": true,
                "name": "Fragments",
                "release_date": "2022-01-14",
                "release_date_precision": "day",
                "total_tracks": 12,
                "type": "album",
                "uri": "spotify:album:4KjbNbnTnJ97kZgQkOHr6v"
            },
            {
                "album_type": "album",
                "artists": [
                    {
                        "external_urls": {
                            "spotify": "https://open.spotify.com/artist/4VMYDCV2IEDYJArk749S6m"
                        },
                        "href": "https://api.spotify.com/v1/artists/4VMYDCV2IEDYJArk749S6m",
                        "id": "4VMYDCV2IEDYJArk749S6m",
                        "name": "Daddy Yankee",
                        "type": "artist",
                        "uri": "spotify:artist:4VMYDCV2IEDYJArk749S6m"
                    }
                ],
                "external_urls": {
                    "spotify": "https://open.spotify.com/album/3rlJCPz7s7bTifG57wjFpt"
                },
                "href": "https://api.spotify.com/v1/albums/3rlJCPz7s7bTifG57wjFpt",
                "id": "3rlJCPz7s7bTifG57wjFpt",
                "images": [
                    {
                        "height": 640,
                        "url": "https://i.scdn.co/image/ab67616d0000b27342b84b2b0aa47bc162b29522",
                        "width": 640
                    },
                    {
                        "height": 300,
                        "url": "https://i.scdn.co/image/ab67616d00001e0242b84b2b0aa47bc162b29522",
                        "width": 300
                    },
                    {
                        "height": 64,
                        "url": "https://i.scdn.co/image/ab67616d0000485142b84b2b0aa47bc162b29522",
                        "width": 64
                    }
                ],
                "is_playable": true,
                "name": "LEGENDADDY",
                "release_date": "2022-03-25",
                "release_date_precision": "day",
                "total_tracks": 19,
                "type": "album",
                "uri": "spotify:album:3rlJCPz7s7bTifG57wjFpt"
            },
            {
                "album_type": "album",
                "artists": [
                    {
                        "external_urls": {
                            "spotify": "https://open.spotify.com/artist/3MdXrJWsbVzdn6fe5JYkSQ"
                        },
                        "href": "https://api.spotify.com/v1/artists/3MdXrJWsbVzdn6fe5JYkSQ",
                        "id": "3MdXrJWsbVzdn6fe5JYkSQ",
                        "name": "Latto",
                        "type": "artist",
                        "uri": "spotify:artist:3MdXrJWsbVzdn6fe5JYkSQ"
                    }
                ],
                "external_urls": {
                    "spotify": "https://open.spotify.com/album/4vjE6Rgl5z6K2PhrAtIA7O"
                },
                "href": "https://api.spotify.com/v1/albums/4vjE6Rgl5z6K2PhrAtIA7O",
                "id": "4vjE6Rgl5z6K2PhrAtIA7O",
                "images": [
                    {
                        "height": 640,
                        "url": "https://i.scdn.co/image/ab67616d0000b273326f80324c992d1eb403bf1c",
                        "width": 640
                    },
                    {
                        "height": 300,
                        "url": "https://i.scdn.co/image/ab67616d00001e02326f80324c992d1eb403bf1c",
                        "width": 300
                    },
                    {
                        "height": 64,
                        "url": "https://i.scdn.co/image/ab67616d00004851326f80324c992d1eb403bf1c",
                        "width": 64
                    }
                ],
                "is_playable": true,
                "name": "777",
                "release_date": "2022-03-25",
                "release_date_precision": "day",
                "total_tracks": 13,
                "type": "album",
                "uri": "spotify:album:4vjE6Rgl5z6K2PhrAtIA7O"
            },
            {
                "album_type": "album",
                "artists": [
                    {
                        "external_urls": {
                            "spotify": "https://open.spotify.com/artist/6TIYQ3jFPwQSRmorSezPxX"
                        },
                        "href": "https://api.spotify.com/v1/artists/6TIYQ3jFPwQSRmorSezPxX",
                        "id": "6TIYQ3jFPwQSRmorSezPxX",
                        "name": "Machine Gun Kelly",
                        "type": "artist",
                        "uri": "spotify:artist:6TIYQ3jFPwQSRmorSezPxX"
                    }
                ],
                "external_urls": {
                    "spotify": "https://open.spotify.com/album/3sKZHtQoq3tPtkXbT8PJAc"
                },
                "href": "https://api.spotify.com/v1/albums/3sKZHtQoq3tPtkXbT8PJAc",
                "id": "3sKZHtQoq3tPtkXbT8PJAc",
                "images": [
                    {
                        "height": 640,
                        "url": "https://i.scdn.co/image/ab67616d0000b273b4683d9ac3c5f14a71523c84",
                        "width": 640
                    },
                    {
                        "height": 300,
                        "url": "https://i.scdn.co/image/ab67616d00001e02b4683d9ac3c5f14a71523c84",
                        "width": 300
                    },
                    {
                        "height": 64,
                        "url": "https://i.scdn.co/image/ab67616d00004851b4683d9ac3c5f14a71523c84",
                        "width": 64
                    }
                ],
                "is_playable": true,
                "name": "mainstream sellout",
                "release_date": "2022-03-25",
                "release_date_precision": "day",
                "total_tracks": 16,
                "type": "album",
                "uri": "spotify:album:3sKZHtQoq3tPtkXbT8PJAc"
            }
        ],
        "limit": 20,
        "next": "https://api.spotify.com/v1/browse/new-releases?country=HR&offset=20&limit=20",
        "offset": 0,
        "previous": null,
        "total": 45
    }
}
]]></system-out>
  </testcase>
  <testcase name="getMultipleAlbumsTest" classname="api.tests.album.postivetests.PositiveGetAlbumTests" time="0.28">
    <system-out><![CDATA[BQA7AcNIDkx-LZk7mTmM2fRxJI1Ewi1bxO8-d7DTzBrN7WaHyg0e0-ZajkBwqqGoEMZC3ogDPHWXTGmiRjBTPWi2Ecsi3n-lVot_ZW0mM6MV9-wBnR0
{
    "albums": [
        {
            "album_type": "album",
            "artists": [
                {
                    "external_urls": {
                        "spotify": "https://open.spotify.com/artist/0DCw6lHkzh9t7f8Hb4Z0Sx"
                    },
                    "href": "https://api.spotify.com/v1/artists/0DCw6lHkzh9t7f8Hb4Z0Sx",
                    "id": "0DCw6lHkzh9t7f8Hb4Z0Sx",
                    "name": "Arch Enemy",
                    "type": "artist",
                    "uri": "spotify:artist:0DCw6lHkzh9t7f8Hb4Z0Sx"
                }
            ],
            "copyrights": [
                {
                    "text": "(P) 2017 Savage Messiah Music. Licensed exclusively in the Territory to Century Media Records Ltd.",
                    "type": "P"
                }
            ],
            "external_ids": {
                "upc": "886446557434"
            },
            "external_urls": {
                "spotify": "https://open.spotify.com/album/1HimPrGurKic1hNOSidwF2"
            },
            "genres": [
                
            ],
            "href": "https://api.spotify.com/v1/albums/1HimPrGurKic1hNOSidwF2",
            "id": "1HimPrGurKic1hNOSidwF2",
            "images": [
                {
                    "height": 640,
                    "url": "https://i.scdn.co/image/ab67616d0000b273f22accdfcf008be55b063aae",
                    "width": 640
                },
                {
                    "height": 300,
                    "url": "https://i.scdn.co/image/ab67616d00001e02f22accdfcf008be55b063aae",
                    "width": 300
                },
                {
                    "height": 64,
                    "url": "https://i.scdn.co/image/ab67616d00004851f22accdfcf008be55b063aae",
                    "width": 64
                }
            ],
            "is_playable": true,
            "label": "Century Media",
            "name": "Will To Power",
            "popularity": 55,
            "release_date": "2017-09-08",
            "release_date_precision": "day",
            "total_tracks": 13,
            "tracks": {
                "href": "https://api.spotify.com/v1/albums/1HimPrGurKic1hNOSidwF2/tracks?offset=0&limit=50&market=IL",
                "items": [
[...]
                    "width": 320
                },
                {
                    "height": 160,
                    "url": "https://i.scdn.co/image/ab6761610000f178c5ceb05f152103b2b70d3b07",
                    "width": 160
                }
            ],
            "name": "deadmau5",
            "popularity": 67,
            "type": "artist",
            "uri": "spotify:artist:2CIMQHirSU0MQqyYHq0eOx"
        },
        {
            "external_urls": {
                "spotify": "https://open.spotify.com/artist/57dN52uHvrHOxijzpIgu3E"
            },
            "followers": {
                "href": null,
                "total": 591579
            },
            "genres": [
                "indietronica"
            ],
            "href": "https://api.spotify.com/v1/artists/57dN52uHvrHOxijzpIgu3E",
            "id": "57dN52uHvrHOxijzpIgu3E",
            "images": [
                {
                    "height": 693,
                    "url": "https://i.scdn.co/image/2f0c6c465a83cd196e651e3d4e7625ba799a6f60",
                    "width": 1000
                },
                {
                    "height": 444,
                    "url": "https://i.scdn.co/image/4e3e13c8b993bde9898e49509fb9ae121636e05f",
                    "width": 640
                },
                {
                    "height": 139,
                    "url": "https://i.scdn.co/image/dc68dd24b45b74ecce9d4ed486423673d683ced3",
                    "width": 200
                },
                {
                    "height": 44,
                    "url": "https://i.scdn.co/image/4e55ca05d4f336a2fa0e3062a7ec9778a201e8bc",
                    "width": 63
                }
            ],
            "name": "Ratatat",
            "popularity": 66,
            "type": "artist",
            "uri": "spotify:artist:57dN52uHvrHOxijzpIgu3E"
        },
        {
            "external_urls": {
                "spotify": "https://open.spotify.com/artist/1vCWHaC5f2uS3yhpwWbIA6"
            },
            "followers": {
                "href": null,
                "total": 22942695
            },
            "genres": [
                "edm",
                "pop",
                "pop dance"
            ],
            "href": "https://api.spotify.com/v1/artists/1vCWHaC5f2uS3yhpwWbIA6",
            "id": "1vCWHaC5f2uS3yhpwWbIA6",
            "images": [
                {
                    "height": 640,
                    "url": "https://i.scdn.co/image/ab6761610000e5ebae07171f989fb39736674113",
                    "width": 640
                },
                {
                    "height": 320,
                    "url": "https://i.scdn.co/image/ab67616100005174ae07171f989fb39736674113",
                    "width": 320
                },
                {
                    "height": 160,
                    "url": "https://i.scdn.co/image/ab6761610000f178ae07171f989fb39736674113",
                    "width": 160
                }
            ],
            "name": "Avicii",
            "popularity": 81,
            "type": "artist",
            "uri": "spotify:artist:1vCWHaC5f2uS3yhpwWbIA6"
        },
        {
            "external_urls": {
                "spotify": "https://open.spotify.com/artist/0DCw6lHkzh9t7f8Hb4Z0Sx"
            },
            "followers": {
                "href": null,
                "total": 916865
            },
            "genres": [
                "alternative metal",
                "death metal",
                "melodic death metal",
                "metal",
                "nu metal",
                "power metal",
                "speed metal",
                "swedish death metal",
                "swedish melodeath",
                "swedish metal",
                "symphonic metal"
            ],
            "href": "https://api.spotify.com/v1/artists/0DCw6lHkzh9t7f8Hb4Z0Sx",
            "id": "0DCw6lHkzh9t7f8Hb4Z0Sx",
            "images": [
                {
                    "height": 640,
                    "url": "https://i.scdn.co/image/ab6761610000e5ebb56d14cd84327f2eb5c481b3",
                    "width": 640
                },
                {
                    "height": 320,
                    "url": "https://i.scdn.co/image/ab67616100005174b56d14cd84327f2eb5c481b3",
                    "width": 320
                },
                {
                    "height": 160,
                    "url": "https://i.scdn.co/image/ab6761610000f178b56d14cd84327f2eb5c481b3",
                    "width": 160
                }
            ],
            "name": "Arch Enemy",
            "popularity": 57,
            "type": "artist",
            "uri": "spotify:artist:0DCw6lHkzh9t7f8Hb4Z0Sx"
        },
        {
            "external_urls": {
                "spotify": "https://open.spotify.com/artist/7zDtfSB0AOZWhpuAHZIOw5"
            },
            "followers": {
                "href": null,
                "total": 201817
            },
            "genres": [
                "death metal",
                "doom metal",
                "epic doom",
                "metal",
                "opera metal",
                "speed metal",
                "stoner metal",
                "swedish doom metal",
                "swedish metal"
            ],
            "href": "https://api.spotify.com/v1/artists/7zDtfSB0AOZWhpuAHZIOw5",
            "id": "7zDtfSB0AOZWhpuAHZIOw5",
            "images": [
                {
                    "height": 640,
                    "url": "https://i.scdn.co/image/ab6761610000e5ebd2d79fca1c03254a3fb52d74",
                    "width": 640
                },
                {
                    "height": 320,
                    "url": "https://i.scdn.co/image/ab67616100005174d2d79fca1c03254a3fb52d74",
                    "width": 320
                },
                {
                    "height": 160,
                    "url": "https://i.scdn.co/image/ab6761610000f178d2d79fca1c03254a3fb52d74",
                    "width": 160
                }
            ],
            "name": "Candlemass",
            "popularity": 43,
            "type": "artist",
            "uri": "spotify:artist:7zDtfSB0AOZWhpuAHZIOw5"
        },
        {
            "external_urls": {
                "spotify": "https://open.spotify.com/artist/6CY7WNJfd5uZclcS3WeEjx"
            },
            "followers": {
                "href": null,
                "total": 140406
            },
            "genres": [
                "japanese vgm"
            ],
            "href": "https://api.spotify.com/v1/artists/6CY7WNJfd5uZclcS3WeEjx",
            "id": "6CY7WNJfd5uZclcS3WeEjx",
            "images": [
                {
                    "height": 640,
                    "url": "https://i.scdn.co/image/ab67616d0000b273ae37e6f73804085bf53b23c7",
                    "width": 640
                },
                {
                    "height": 300,
                    "url": "https://i.scdn.co/image/ab67616d00001e02ae37e6f73804085bf53b23c7",
                    "width": 300
                },
                {
                    "height": 64,
                    "url": "https://i.scdn.co/image/ab67616d00004851ae37e6f73804085bf53b23c7",
                    "width": 64
                }
            ],
            "name": "Yu-Peng Chen",
            "popularity": 64,
            "type": "artist",
            "uri": "spotify:artist:6CY7WNJfd5uZclcS3WeEjx"
        },
        {
            "external_urls": {
                "spotify": "https://open.spotify.com/artist/2CIMQHirSU0MQqyYHq0eOx"
            },
            "followers": {
                "href": null,
                "total": 2809519
            },
            "genres": [
                "canadian electronic",
                "complextro",
                "edm",
                "electro house",
                "pop dance",
                "progressive house"
            ],
            "href": "https://api.spotify.com/v1/artists/2CIMQHirSU0MQqyYHq0eOx",
            "id": "2CIMQHirSU0MQqyYHq0eOx",
            "images": [
                {
                    "height": 640,
                    "url": "https://i.scdn.co/image/ab6761610000e5ebc5ceb05f152103b2b70d3b07",
                    "width": 640
                },
                {
                    "height": 320,
                    "url": "https://i.scdn.co/image/ab67616100005174c5ceb05f152103b2b70d3b07",
                    "width": 320
                },
                {
                    "height": 160,
                    "url": "https://i.scdn.co/image/ab6761610000f178c5ceb05f152103b2b70d3b07",
                    "width": 160
                }
            ],
            "name": "deadmau5",
            "popularity": 67,
            "type": "artist",
            "uri": "spotify:artist:2CIMQHirSU0MQqyYHq0eOx"
        },
        {
            "external_urls": {
                "spotify": "https://open.spotify.com/artist/57dN52uHvrHOxijzpIgu3E"
            },
            "followers": {
                "href": null,
                "total": 591579
            },
            "genres": [
                "indietronica"
            ],
            "href": "https://api.spotify.com/v1/artists/57dN52uHvrHOxijzpIgu3E",
            "id": "57dN52uHvrHOxijzpIgu3E",
            "images": [
                {
                    "height": 693,
                    "url": "https://i.scdn.co/image/2f0c6c465a83cd196e651e3d4e7625ba799a6f60",
                    "width": 1000
                },
                {
                    "height": 444,
                    "url": "https://i.scdn.co/image/4e3e13c8b993bde9898e49509fb9ae121636e05f",
                    "width": 640
                },
                {
                    "height": 139,
                    "url": "https://i.scdn.co/image/dc68dd24b45b74ecce9d4ed486423673d683ced3",
                    "width": 200
                },
                {
                    "height": 44,
                    "url": "https://i.scdn.co/image/4e55ca05d4f336a2fa0e3062a7ec9778a201e8bc",
                    "width": 63
                }
            ],
            "name": "Ratatat",
            "popularity": 66,
            "type": "artist",
            "uri": "spotify:artist:57dN52uHvrHOxijzpIgu3E"
        },
        {
            "external_urls": {
                "spotify": "https://open.spotify.com/artist/1vCWHaC5f2uS3yhpwWbIA6"
            },
            "followers": {
                "href": null,
                "total": 22942695
            },
            "genres": [
                "edm",
                "pop",
                "pop dance"
            ],
            "href": "https://api.spotify.com/v1/artists/1vCWHaC5f2uS3yhpwWbIA6",
            "id": "1vCWHaC5f2uS3yhpwWbIA6",
            "images": [
                {
                    "height": 640,
                    "url": "https://i.scdn.co/image/ab6761610000e5ebae07171f989fb39736674113",
                    "width": 640
                },
                {
                    "height": 320,
                    "url": "https://i.scdn.co/image/ab67616100005174ae07171f989fb39736674113",
                    "width": 320
                },
                {
                    "height": 160,
                    "url": "https://i.scdn.co/image/ab6761610000f178ae07171f989fb39736674113",
                    "width": 160
                }
            ],
            "name": "Avicii",
            "popularity": 81,
            "type": "artist",
            "uri": "spotify:artist:1vCWHaC5f2uS3yhpwWbIA6"
        },
        {
            "external_urls": {
                "spotify": "https://open.spotify.com/artist/2CIMQHirSU0MQqyYHq0eOx"
            },
            "followers": {
                "href": null,
                "total": 2809519
            },
            "genres": [
                "canadian electronic",
                "complextro",
                "edm",
                "electro house",
                "pop dance",
                "progressive house"
            ],
            "href": "https://api.spotify.com/v1/artists/2CIMQHirSU0MQqyYHq0eOx",
            "id": "2CIMQHirSU0MQqyYHq0eOx",
            "images": [
                {
                    "height": 640,
                    "url": "https://i.scdn.co/image/ab6761610000e5ebc5ceb05f152103b2b70d3b07",
                    "width": 640
                },
                {
                    "height": 320,
                    "url": "https://i.scdn.co/image/ab67616100005174c5ceb05f152103b2b70d3b07",
                    "width": 320
                },
                {
                    "height": 160,
                    "url": "https://i.scdn.co/image/ab6761610000f178c5ceb05f152103b2b70d3b07",
                    "width": 160
                }
            ],
            "name": "deadmau5",
            "popularity": 67,
            "type": "artist",
            "uri": "spotify:artist:2CIMQHirSU0MQqyYHq0eOx"
        },
        {
            "external_urls": {
                "spotify": "https://open.spotify.com/artist/57dN52uHvrHOxijzpIgu3E"
            },
            "followers": {
                "href": null,
                "total": 591579
            },
            "genres": [
                "indietronica"
            ],
            "href": "https://api.spotify.com/v1/artists/57dN52uHvrHOxijzpIgu3E",
            "id": "57dN52uHvrHOxijzpIgu3E",
            "images": [
                {
                    "height": 693,
                    "url": "https://i.scdn.co/image/2f0c6c465a83cd196e651e3d4e7625ba799a6f60",
                    "width": 1000
                },
                {
                    "height": 444,
                    "url": "https://i.scdn.co/image/4e3e13c8b993bde9898e49509fb9ae121636e05f",
                    "width": 640
                },
                {
                    "height": 139,
                    "url": "https://i.scdn.co/image/dc68dd24b45b74ecce9d4ed486423673d683ced3",
                    "width": 200
                },
                {
                    "height": 44,
                    "url": "https://i.scdn.co/image/4e55ca05d4f336a2fa0e3062a7ec9778a201e8bc",
                    "width": 63
                }
            ],
            "name": "Ratatat",
            "popularity": 66,
            "type": "artist",
            "uri": "spotify:artist:57dN52uHvrHOxijzpIgu3E"
        },
        {
            "external_urls": {
                "spotify": "https://open.spotify.com/artist/1vCWHaC5f2uS3yhpwWbIA6"
            },
            "followers": {
                "href": null,
                "total": 22942695
            },
            "genres": [
                "edm",
                "pop",
                "pop dance"
            ],
            "href": "https://api.spotify.com/v1/artists/1vCWHaC5f2uS3yhpwWbIA6",
            "id": "1vCWHaC5f2uS3yhpwWbIA6",
            "images": [
                {
                    "height": 640,
                    "url": "https://i.scdn.co/image/ab6761610000e5ebae07171f989fb39736674113",
                    "width": 640
                },
                {
                    "height": 320,
                    "url": "https://i.scdn.co/image/ab67616100005174ae07171f989fb39736674113",
                    "width": 320
                },
                {
                    "height": 160,
                    "url": "https://i.scdn.co/image/ab6761610000f178ae07171f989fb39736674113",
                    "width": 160
                }
            ],
            "name": "Avicii",
            "popularity": 81,
            "type": "artist",
            "uri": "spotify:artist:1vCWHaC5f2uS3yhpwWbIA6"
        },
        {
            "external_urls": {
                "spotify": "https://open.spotify.com/artist/0DCw6lHkzh9t7f8Hb4Z0Sx"
            },
            "followers": {
                "href": null,
                "total": 916865
            },
            "genres": [
                "alternative metal",
                "death metal",
                "melodic death metal",
                "metal",
                "nu metal",
                "power metal",
                "speed metal",
                "swedish death metal",
                "swedish melodeath",
                "swedish metal",
                "symphonic metal"
            ],
            "href": "https://api.spotify.com/v1/artists/0DCw6lHkzh9t7f8Hb4Z0Sx",
            "id": "0DCw6lHkzh9t7f8Hb4Z0Sx",
            "images": [
                {
                    "height": 640,
                    "url": "https://i.scdn.co/image/ab6761610000e5ebb56d14cd84327f2eb5c481b3",
                    "width": 640
                },
                {
                    "height": 320,
                    "url": "https://i.scdn.co/image/ab67616100005174b56d14cd84327f2eb5c481b3",
                    "width": 320
                },
                {
                    "height": 160,
                    "url": "https://i.scdn.co/image/ab6761610000f178b56d14cd84327f2eb5c481b3",
                    "width": 160
                }
            ],
            "name": "Arch Enemy",
            "popularity": 57,
            "type": "artist",
            "uri": "spotify:artist:0DCw6lHkzh9t7f8Hb4Z0Sx"
        },
        {
            "external_urls": {
                "spotify": "https://open.spotify.com/artist/0DCw6lHkzh9t7f8Hb4Z0Sx"
            },
            "followers": {
                "href": null,
                "total": 916865
            },
            "genres": [
                "alternative metal",
                "death metal",
                "melodic death metal",
                "metal",
                "nu metal",
                "power metal",
                "speed metal",
                "swedish death metal",
                "swedish melodeath",
                "swedish metal",
                "symphonic metal"
            ],
            "href": "https://api.spotify.com/v1/artists/0DCw6lHkzh9t7f8Hb4Z0Sx",
            "id": "0DCw6lHkzh9t7f8Hb4Z0Sx",
            "images": [
                {
                    "height": 640,
                    "url": "https://i.scdn.co/image/ab6761610000e5ebb56d14cd84327f2eb5c481b3",
                    "width": 640
                },
                {
                    "height": 320,
                    "url": "https://i.scdn.co/image/ab67616100005174b56d14cd84327f2eb5c481b3",
                    "width": 320
                },
                {
                    "height": 160,
                    "url": "https://i.scdn.co/image/ab6761610000f178b56d14cd84327f2eb5c481b3",
                    "width": 160
                }
            ],
            "name": "Arch Enemy",
            "popularity": 57,
            "type": "artist",
            "uri": "spotify:artist:0DCw6lHkzh9t7f8Hb4Z0Sx"
        }
    ]
}
The total number asserted: 916865
Asserted Genres: [death metal, doom metal, epic doom, metal, opera metal, speed metal, stoner metal, swedish doom metal, swedish metal]
Data of fifty values: 
HTTP/1.1 200 OK


]]></system-out>
  </testcase>
  <testcase name="GetSeveralArtistsWithValidDataFortyNineTest" classname="api.tests.artist.positivetests.PositiveGetArtistsTests" time="0.308">
    <system-out><![CDATA[BQAqS7-3Q_AolWPmy4TkAnqkkoI0l8z5-o53dmPBUW8rfh7CTeUhmBDr_6WyllivZrtAtyHqes6ugKyxUEsW1a_c6HwG5uoyCeAMX_DxMDoxmt8As8I
The total number asserted: 916865
Asserted Genres: [alternative metal, death metal, melodic death metal, metal, nu metal, power metal, speed metal, swedish death metal, swedish melodeath, swedish metal, symphonic metal]
Data of forty nine values: 
HTTP/1.1 200 OK


]]></system-out>
  </testcase>
  <testcase name="getOneArtistTest" classname="api.tests.artist.positivetests.PositiveGetArtistsTests" time="1.232">
    <system-out><![CDATA[BQDpLXJCHNEoOEft5F9LF14Mz70Pe7jXOrL0SN3wImAsHO3XOYCB8jbiBJPBUu81otjK2sCpQFP0PAKJvP2G2WdEU89RKsqTbqvZu6Fgo25kfqpq71M
HTTP/1.1 200 OK
]]></system-out>
  </testcase>
</testsuite>