<?xml version="1.0" encoding="UTF-8"?>
<testsuite xmlns:xsi="http://www.w3.org/2001/XMLSchema-instance" xsi:noNamespaceSchemaLocation="https://maven.apache.org/surefire/maven-surefire-plugin/xsd/surefire-test-report-3.0.xsd" version="3.0" name="TestSuite" time="5.319" tests="10" errors="0" skipped="0" failures="0">
  <properties>
[...]
</properties>
  <testcase name="getAlbumTracksTest" classname="api.tests.album.postivetests.PositiveGetAlbumTests" time="1.454">
    <system-out><![CDATA[BQDSWDtDezmxstcVLxnwV2sgO4fqyAtVs5iU3DpLFeI8Rhgxq4t7_CXSXJBAn7KTv-WkAlrMWKxfWvYj5O1DOmclW2s9ltpYXKgsJ8VpZUOIwyXwSA8
HTTP/1.1 200 OK
{
    "href": "https://api.spotify.com/v1/albums/1HimPrGurKic1hNOSidwF2/tracks?offset=0&limit=20&market=NR",
    "items": [
        {
            "artists": [
                {
                    "external_urls": {
                        "spotify": "https://open.spotify.com/artist/0DCw6lHkzh9t7f8Hb4Z0Sx"
                    },
                    "href": "https://api.spotify.com/v1/artists/0DCw6lHkzh9t7f8Hb4Z0Sx",
                    "id": "0DCw6lHkzh9t7f8Hb4Z0Sx",
                    "name": "Arch Enemy",
                    "type": "artist",
                    "uri": "spotify:artist:0DCw6lHkzh9t7f8Hb4Z0Sx"
                }
            ],
            "disc_number": 1,
            "duration_ms": 78413,
            "explicit": false,
            "external_urls": {
                "spotify": "https://open.spotify.com/track/06Fzhn4M28HZx48H9IXA4j"
            },
            "href": "https://api.spotify.com/v1/tracks/06Fzhn4M28HZx48H9IXA4j",
            "id": "06Fzhn4M28HZx48H9IXA4j",
            "is_local": false,
            "is_playable": true,
            "name": "Set Flame to the Night",
            "preview_url": "https://p.scdn.co/mp3-preview/4055ac73a1faf5cbb03f55f5a712af3656f20557?cid=21df2fd397254479b1ff5d2429c5ba95",
            "track_number": 1,
            "type": "track",
            "uri": "spotify:track:06Fzhn4M28HZx48H9IXA4j"
        },
        {
            "artists": [
                {
                    "external_urls": {
                        "spotify": "https://open.spotify.com/artist/0DCw6lHkzh9t7f8Hb4Z0Sx"
                    },
                    "href": "https://api.spotify.com/v1/artists/0DCw6lHkzh9t7f8Hb4Z0Sx",
                    "id": "0DCw6lHkzh9t7f8Hb4Z0Sx",
                    "name": "Arch Enemy",
                    "type": "artist",
                    "uri": "spotify:artist:0DCw6lHkzh9t7f8Hb4Z0Sx"
                }
            ],
            "disc_number": 1,
            "duration_ms": 195066,
            "explicit": false,
            "external_urls": {
                "spotify": "https://open.spotify.com/track/6tzxM7GwiC5Yci3s08n5B4"
            },
            "href": "https://api.spotify.com/v1/tracks/6tzxM7GwiC5Yci3s08n5B4",
            "id": "6tzxM7GwiC5Yci3s08n5B4",
            "is_local": false,
            "is_playable": true,
            "name": "The Race",
            "preview_url": "https://p.scdn.co/mp3-preview/c5e5825dc93010b288ff54ed948a65379e5b4693?cid=21df2fd397254479b1ff5d2429c5ba95",
            "track_number": 2,
            "type": "track",
            "uri": "spotify:track:6tzxM7GwiC5Yci3s08n5B4"
        },
        {
            "artists": [
                {
                    "external_urls": {
                        "spotify": "https://open.spotify.com/artist/0DCw6lHkzh9t7f8Hb4Z0Sx"
                    },
                    "href": "https://api.spotify.com/v1/artists/0DCw6lHkzh9t7f8Hb4Z0Sx",
                    "id": "0DCw6lHkzh9t7f8Hb4Z0Sx",
                    "name": "Arch Enemy",
                    "type": "artist",
                    "uri": "spotify:artist:0DCw6lHkzh9t7f8Hb4Z0Sx"
                }
            ],
            "disc_number": 1,
            "duration_ms": 235426,
            "explicit": false,
            "external_urls": {
                "spotify": "https://open.spotify.com/track/12pova27n3uHRQxrPnih9f"
            },
            "href": "https://api.spotify.com/v1/tracks/12pova27n3uHRQxrPnih9f",
            "id": "12pova27n3uHRQxrPnih9f",
            "is_local": false,
            "is_playable": true,
            "name": "Blood in the Water",
            "preview_url": "https://p.scdn.co/mp3-preview/42fccf28cc431d65a6edac04bf4b1ee9d5bf9ffb?cid=21df2fd397254479b1ff5d2429c5ba95",
            "track_number": 3,
            "type": "track",
            "uri": "spotify:track:12pova27n3uHRQxrPnih9f"
        },
        {
            "artists": [
                {
                    "external_urls": {
                        "spotify": "https://open.spotify.com/artist/0DCw6lHkzh9t7f8Hb4Z0Sx"
                    },
                    "href": "https://api.spotify.com/v1/artists/0DCw6lHkzh9t7f8Hb4Z0Sx",
                    "id": "0DCw6lHkzh9t7f8Hb4Z0Sx",
                    "name": "Arch Enemy",
                    "type": "artist",
                    "uri": "spotify:artist:0DCw6lHkzh9t7f8Hb4Z0Sx"
                }
            ],
            "disc_number": 1,
            "duration_ms": 293466,
            "explicit": false,
            "external_urls": {
                "spotify": "https://open.spotify.com/track/6tGyLydK5lNXz8Aw44wRj8"
            },
            "href": "https://api.spotify.com/v1/tracks/6tGyLydK5lNXz8Aw44wRj8",
            "id": "6tGyLydK5lNXz8Aw44wRj8",
            "is_local": false,
            "is_playable": true,
            "name": "The World Is Yours",
            "preview_url": "https://p.scdn.co/mp3-preview/24d35e9ee9f6956f2cf59d286b9fae6006e2efec?cid=21df2fd397254479b1ff5d2429c5ba95",
            "track_number": 4,
            "type": "track",
            "uri": "spotify:track:6tGyLydK5lNXz8Aw44wRj8"
        },
        {
            "artists": [
                {
                    "external_urls": {
                        "spotify": "https://open.spotify.com/artist/0DCw6lHkzh9t7f8Hb4Z0Sx"
                    },
                    "href": "https://api.spotify.com/v1/artists/0DCw6lHkzh9t7f8Hb4Z0Sx",
                    "id": "0DCw6lHkzh9t7f8Hb4Z0Sx",
                    "name": "Arch Enemy",
                    "type": "artist",
                    "uri": "spotify:artist:0DCw6lHkzh9t7f8Hb4Z0Sx"
                }
            ],
            "disc_number": 1,
            "duration_ms": 299441,
            "explicit": false,
            "external_urls": {
                "spotify": "https://open.spotify.com/track/7KoWRwwVUgZV5D0zmrr25s"
            },
            "href": "https://api.spotify.com/v1/tracks/7KoWRwwVUgZV5D0zmrr25s",
            "id": "7KoWRwwVUgZV5D0zmrr25s",
            "is_local": false,
            "is_playable": true,
            "name": "The Eagle Flies Alone - edit",
            "preview_url": "https://p.scdn.co/mp3-preview/903584c46c49b24bb83fd6bc058fe3bb9d9453e9?cid=21df2fd397254479b1ff5d2429c5ba95",
            "track_number": 5,
            "type": "track",
            "uri": "spotify:track:7KoWRwwVUgZV5D0zmrr25s"
        },
        {
            "artists": [
                {
                    "external_urls": {
                        "spotify": "https://open.spotify.com/artist/0DCw6lHkzh9t7f8Hb4Z0Sx"
                    },
                    "href": "https://api.spotify.com/v1/artists/0DCw6lHkzh9t7f8Hb4Z0Sx",
                    "id": "0DCw6lHkzh9t7f8Hb4Z0Sx",
                    "name": "Arch Enemy",
                    "type": "artist",
                    "uri": "spotify:artist:0DCw6lHkzh9t7f8Hb4Z0Sx"
                }
            ],
            "disc_number": 1,
            "duration_ms": 287733,
            "explicit": false,
            "external_urls": {
                "spotify": "https://open.spotify.com/track/02gIPDHCTuKgKEl2VlgPzt"
            },
            "href": "https://api.spotify.com/v1/tracks/02gIPDHCTuKgKEl2VlgPzt",
            "id": "02gIPDHCTuKgKEl2VlgPzt",
            "is_local": false,
            "is_playable": true,
            "name": "Reason to Believe",
            "preview_url": "https://p.scdn.co/mp3-preview/825e29a12a908f4009fa395f2ae1e2734f80d85b?cid=21df2fd397254479b1ff5d2429c5ba95",
            "track_number": 6,
            "type": "track",
            "uri": "spotify:track:02gIPDHCTuKgKEl2VlgPzt"
        },
        {
            "artists": [
                {
                    "external_urls": {
                        "spotify": "https://open.spotify.com/artist/0DCw6lHkzh9t7f8Hb4Z0Sx"
                    },
                    "href": "https://api.spotify.com/v1/artists/0DCw6lHkzh9t7f8Hb4Z0Sx",
                    "id": "0DCw6lHkzh9t7f8Hb4Z0Sx",
                    "name": "Arch Enemy",
                    "type": "artist",
                    "uri": "spotify:artist:0DCw6lHkzh9t7f8Hb4Z0Sx"
                }
            ],
            "disc_number": 1,
            "duration_ms": 230413,
            "explicit": false,
            "external_urls": {
                "spotify": "https://open.spotify.com/track/25lp8iSlGkhHISSX0EgpAE"
            },
            "href": "https://api.spotify.com/v1/tracks/25lp8iSlGkhHISSX0EgpAE",
            "id": "25lp8iSlGkhHISSX0EgpAE",
            "is_local": false,
            "is_playable": true,
            "name": "Murder Scene",
            "preview_url": "https://p.scdn.co/mp3-preview/5204b647244b953a17ee9f185438ba1c00b132d9?cid=21df2fd397254479b1ff5d2429c5ba95",
            "track_number": 7,
            "type": "track",
            "uri": "spotify:track:25lp8iSlGkhHISSX0EgpAE"
        },
        {
            "artists": [
                {
                    "external_urls": {
                        "spotify": "https://open.spotify.com/artist/0DCw6lHkzh9t7f8Hb4Z0Sx"
                    },
                    "href": "https://api.spotify.com/v1/artists/0DCw6lHkzh9t7f8Hb4Z0Sx",
                    "id": "0DCw6lHkzh9t7f8Hb4Z0Sx",
                    "name": "Arch Enemy",
                    "type": "artist",
                    "uri": "spotify:artist:0DCw6lHkzh9t7f8Hb4Z0Sx"
                }
            ],
            "disc_number": 1,
            "duration_ms": 288320,
            "explicit": false,
            "external_urls": {
                "spotify": "https://open.spotify.com/track/7uqohNjCnZ8sZd5S2vh5vx"
            },
            "href": "https://api.spotify.com/v1/tracks/7uqohNjCnZ8sZd5S2vh5vx",
            "id": "7uqohNjCnZ8sZd5S2vh5vx",
            "is_local": false,
            "is_playable": true,
            "name": "First Day in Hell",
            "preview_url": "https://p.scdn.co/mp3-preview/5182ef2a5fafb5888ff5841d84f3e5a206223cb0?cid=21df2fd397254479b1ff5d2429c5ba95",
            "track_number": 8,
            "type": "track",
            "uri": "spotify:track:7uqohNjCnZ8sZd5S2vh5vx"
        },
        {
            "artists": [
                {
                    "external_urls": {
                        "spotify": "https://open.spotify.com/artist/0DCw6lHkzh9t7f8Hb4Z0Sx"
                    },
                    "href": "https://api.spotify.com/v1/artists/0DCw6lHkzh9t7f8Hb4Z0Sx",
                    "id": "0DCw6lHkzh9t7f8Hb4Z0Sx",
                    "name": "Arch Enemy",
                    "type": "artist",
                    "uri": "spotify:artist:0DCw6lHkzh9t7f8Hb4Z0Sx"
                }
            ],
            "disc_number": 1,
            "duration_ms": 69493,
            "explicit": false,
            "external_urls": {
                "spotify": "https://open.spotify.com/track/6gXNdxtSOcErDuXagBUdkz"
            },
            "href": "https://api.spotify.com/v1/tracks/6gXNdxtSOcErDuXagBUdkz",
            "id": "6gXNdxtSOcErDuXagBUdkz",
            "is_local": false,
            "is_playable": true,
            "name": "Saturnine",
            "preview_url": "https://p.scdn.co/mp3-preview/28a4c80e367cec1f5fc5b9c39fab515179060dea?cid=21df2fd397254479b1ff5d2429c5ba95",
            "track_number": 9,
            "type": "track",
            "uri": "spotify:track:6gXNdxtSOcErDuXagBUdkz"
        },
        {
            "artists": [
                {
                    "external_urls": {
                        "spotify": "https://open.spotify.com/artist/0DCw6lHkzh9t7f8Hb4Z0Sx"
                    },
                    "href": "https://api.spotify.com/v1/artists/0DCw6lHkzh9t7f8Hb4Z0Sx",
                    "id": "0DCw6lHkzh9t7f8Hb4Z0Sx",
                    "name": "Arch Enemy",
                    "type": "artist",
                    "uri": "spotify:artist:0DCw6lHkzh9t7f8Hb4Z0Sx"
                }
            ],
            "disc_number": 1,
            "duration_ms": 400333,
            "explicit": false,
            "external_urls": {
                "spotify": "https://open.spotify.com/track/0uLoPEtITzR7kNgf9jQJ7c"
            },
            "href": "https://api.spotify.com/v1/tracks/0uLoPEtITzR7kNgf9jQJ7c",
            "id": "0uLoPEtITzR7kNgf9jQJ7c",
            "is_local": false,
            "is_playable": true,
            "name": "Dreams of Retribution",
            "preview_url": "https://p.scdn.co/mp3-preview/935f8d675f2b1d1a2e00f321a89445f9017a7e0b?cid=21df2fd397254479b1ff5d2429c5ba95",
            "track_number": 10,
            "type": "track",
            "uri": "spotify:track:0uLoPEtITzR7kNgf9jQJ7c"
        },
        {
            "artists": [
                {
                    "external_urls": {
                        "spotify": "https://open.spotify.com/artist/0DCw6lHkzh9t7f8Hb4Z0Sx"
                    },
                    "href": "https://api.spotify.com/v1/artists/0DCw6lHkzh9t7f8Hb4Z0Sx",
                    "id": "0DCw6lHkzh9t7f8Hb4Z0Sx",
                    "name": "Arch Enemy",
                    "type": "artist",
                    "uri": "spotify:artist:0DCw6lHkzh9t7f8Hb4Z0Sx"
                }
            ],
            "disc_number": 1,
            "duration_ms": 245506,
            "explicit": false,
            "external_urls": {
                "spotify": "https://open.spotify.com/track/4pXXtUdLs9DSMZJXO2EXXh"
            },
            "href": "https://api.spotify.com/v1/tracks/4pXXtUdLs9DSMZJXO2EXXh",
            "id": "4pXXtUdLs9DSMZJXO2EXXh",
            "is_local": false,
            "is_playable": true,
            "name": "My Shadow and I",
            "preview_url": "https://p.scdn.co/mp3-preview/2edb45268f9ff6089d1016c5c2faa89af14aa765?cid=21df2fd397254479b1ff5d2429c5ba95",
            "track_number": 11,
            "type": "track",
            "uri": "spotify:track:4pXXtUdLs9DSMZJXO2EXXh"
        },
        {
            "artists": [
                {
                    "external_urls": {
                        "spotify": "https://open.spotify.com/artist/0DCw6lHkzh9t7f8Hb4Z0Sx"
                    },
                    "href": "https://api.spotify.com/v1/artists/0DCw6lHkzh9t7f8Hb4Z0Sx",
                    "id": "0DCw6lHkzh9t7f8Hb4Z0Sx",
                    "name": "Arch Enemy",
                    "type": "artist",
                    "uri": "spotify:artist:0DCw6lHkzh9t7f8Hb4Z0Sx"
                }
            ],
            "disc_number": 1,
            "duration_ms": 395426,
            "explicit": false,
            "external_urls": {
                "spotify": "https://open.spotify.com/track/6Yb6ofPLgbb5QhhuWQXtnk"
            },
            "href": "https://api.spotify.com/v1/tracks/6Yb6ofPLgbb5QhhuWQXtnk",
            "id": "6Yb6ofPLgbb5QhhuWQXtnk",
            "is_local": false,
            "is_playable": true,
            "name": "A Fight I Must Win",
            "preview_url": "https://p.scdn.co/mp3-preview/73be32cb2b4ff7cd36982cb062ba17d39d5828a7?cid=21df2fd397254479b1ff5d2429c5ba95",
            "track_number": 12,
            "type": "track",
            "uri": "spotify:track:6Yb6ofPLgbb5QhhuWQXtnk"
        },
        {
            "artists": [
                {
                    "external_urls": {
                        "spotify": "https://open.spotify.com/artist/0DCw6lHkzh9t7f8Hb4Z0Sx"
                    },
                    "href": "https://api.spotify.com/v1/artists/0DCw6lHkzh9t7f8Hb4Z0Sx",
                    "id": "0DCw6lHkzh9t7f8Hb4Z0Sx",
                    "name": "Arch Enemy",
                    "type": "artist",
                    "uri": "spotify:artist:0DCw6lHkzh9t7f8Hb4Z0Sx"
                }
            ],
            "disc_number": 1,
            "duration_ms": 168453,
            "explicit": true,
            "external_urls": {
                "spotify": "https://open.spotify.com/track/4ZXzqIVIzkMnCymMNbrCh8"
            },
            "href": "https://api.spotify.com/v1/tracks/4ZXzqIVIzkMnCymMNbrCh8",
            "id": "4ZXzqIVIzkMnCymMNbrCh8",
            "is_local": false,
            "is_playable": true,
            "name": "City Baby Attacked by Rats - cover version",
            "preview_url": "https://p.scdn.co/mp3-preview/39d324e1f86878052233e5cb81a0c64a494d0f41?cid=21df2fd397254479b1ff5d2429c5ba95",
            "track_number": 13,
            "type": "track",
            "uri": "spotify:track:4ZXzqIVIzkMnCymMNbrCh8"
        }
    ],
    "limit": 20,
    "next": null,
    "offset": 0,
    "previous": null,
    "total": 13
}
]]></system-out>
    <system-err><![CDATA[SLF4J: Failed to load class "org.slf4j.impl.StaticLoggerBinder".
SLF4J: Defaulting to no-operation (NOP) logger implementation
SLF4J: See http://www.slf4j.org/codes.html#StaticLoggerBinder for further details.
]]></system-err>
  </testcase>
  <testcase name="getAlbumWithMarketTest" classname="api.tests.album.postivetests.PositiveGetAlbumTests" time="0.313">
    <system-out><![CDATA[BQDqC99mH5GuKWI69g-ueCX4IfFgFsVqHP4JDejgiBnDyKzR1blmTY0xQi0Bu3n6GGC7Rmt5QHx4nOP-HaiNNCQwmE_wA6LmT7vMQFA0z3YJVwPyaCg
HTTP/1.1 200 OK
content-type: application/json; charset=utf-8
cache-control: public, max-age=7200
x-robots-tag: noindex, nofollow
access-control-allow-origin: *
access-control-allow-headers: Accept, App-Platform, Authorization, Content-Type, Origin, Retry-After, Spotify-App-Version, X-Cloud-Trace-Context, client-token, content-access-token
access-control-allow-methods: GET, POST, OPTIONS, PUT, DELETE, PATCH
access-control-allow-credentials: true
access-control-max-age: 604800
content-encoding: gzip
strict-transport-security: max-age=31536000
x-content-type-options: nosniff
date: Wed, 21 Jun 2023 06:01:11 GMT
server: envoy
Via: HTTP/2 edgeproxy, 1.1 google
Alt-Svc: h3=":443"; ma=2592000,h3-29=":443"; ma=2592000
Transfer-Encoding: chunked

{
    "album_type": "album",
    "artists": [
        {
            "external_urls": {
                "spotify": "https://open.spotify.com/artist/0DCw6lHkzh9t7f8Hb4Z0Sx"
            },
            "href": "https://api.spotify.com/v1/artists/0DCw6lHkzh9t7f8Hb4Z0Sx",
            "id": "0DCw6lHkzh9t7f8Hb4Z0Sx",
            "name": "Arch Enemy",
            "type": "artist",
            "uri": "spotify:artist:0DCw6lHkzh9t7f8Hb4Z0Sx"
        }
    ],
    "copyrights": [
        {
            "text": "(P) 2017 Savage Messiah Music. Licensed exclusively in the Territory to Century Media Records Ltd.",
            "type": "P"
        }
    ],
    "external_ids": {
        "upc": "886446557434"
    },
    "external_urls": {
        "spotify": "https://open.spotify.com/album/1HimPrGurKic1hNOSidwF2"
    },
    "genres": [
        
    ],
    "href": "https://api.spotify.com/v1/albums/1HimPrGurKic1hNOSidwF2",
    "id": "1HimPrGurKic1hNOSidwF2",
    "images": [
        {
            "height": 640,
            "url": "https://i.scdn.co/image/ab67616d0000b273f22accdfcf008be55b063aae",
            "width": 640
        },
        {
            "height": 300,
            "url": "https://i.scdn.co/image/ab67616d00001e02f22accdfcf008be55b063aae",
            "width": 300
        },
        {
            "height": 64,
            "url": "https://i.scdn.co/image/ab67616d00004851f22accdfcf008be55b063aae",
            "width": 64
        }
    ],
    "is_playable": true,
    "label": "Century Media",
    "name": "Will To Power",
    "popularity": 55,
    "release_date": "2017-09-08",
    "release_date_precision": "day",
    "total_tracks": 13,
    "tracks": {
        "href": "https://api.spotify.com/v1/albums/1HimPrGurKic1hNOSidwF2/tracks?offset=0&limit=50&market=MY",
        "items": [
            {
                "artists": [
                    {
                        "external_urls": {
                            "spotify": "https://open.spotify.com/artist/0DCw6lHkzh9t7f8Hb4Z0Sx"
                        },
                        "href": "https://api.spotify.com/v1/artists/0DCw6lHkzh9t7f8Hb4Z0Sx",
                        "id": "0DCw6lHkzh9t7f8Hb4Z0Sx",
                        "name": "Arch Enemy",
                        "type": "artist",
                        "uri": "spotify:artist:0DCw6lHkzh9t7f8Hb4Z0Sx"
                    }
                ],
                "disc_number": 1,
                "duration_ms": 78413,
                "explicit": false,
                "external_urls": {
                    "spotify": "https://open.spotify.com/track/06Fzhn4M28HZx48H9IXA4j"
                },
                "href": "https://api.spotify.com/v1/tracks/06Fzhn4M28HZx48H9IXA4j",
                "id": "06Fzhn4M28HZx48H9IXA4j",
                "is_local": false,
                "is_playable": true,
                "name": "Set Flame to the Night",
                "preview_url": "https://p.scdn.co/mp3-preview/4055ac73a1faf5cbb03f55f5a712af3656f20557?cid=21df2fd397254479b1ff5d2429c5ba95",
                "track_number": 1,
                "type": "track",
                "uri": "spotify:track:06Fzhn4M28HZx48H9IXA4j"
            },
            {
                "artists": [
                    {
                        "external_urls": {
                            "spotify": "https://open.spotify.com/artist/0DCw6lHkzh9t7f8Hb4Z0Sx"
                        },
                        "href": "https://api.spotify.com/v1/artists/0DCw6lHkzh9t7f8Hb4Z0Sx",
                        "id": "0DCw6lHkzh9t7f8Hb4Z0Sx",
                        "name": "Arch Enemy",
                        "type": "artist",
                        "uri": "spotify:artist:0DCw6lHkzh9t7f8Hb4Z0Sx"
                    }
                ],
                "disc_number": 1,
                "duration_ms": 195066,
                "explicit": false,
                "external_urls": {
                    "spotify": "https://open.spotify.com/track/6tzxM7GwiC5Yci3s08n5B4"
                },
                "href": "https://api.spotify.com/v1/tracks/6tzxM7GwiC5Yci3s08n5B4",
                "id": "6tzxM7GwiC5Yci3s08n5B4",
                "is_local": false,
                "is_playable": true,
                "name": "The Race",
                "preview_url": "https://p.scdn.co/mp3-preview/c5e5825dc93010b288ff54ed948a65379e5b4693?cid=21df2fd397254479b1ff5d2429c5ba95",
                "track_number": 2,
                "type": "track",
                "uri": "spotify:track:6tzxM7GwiC5Yci3s08n5B4"
            },
            {
                "artists": [
                    {
                        "external_urls": {
                            "spotify": "https://open.spotify.com/artist/0DCw6lHkzh9t7f8Hb4Z0Sx"
                        },
                        "href": "https://api.spotify.com/v1/artists/0DCw6lHkzh9t7f8Hb4Z0Sx",
                        "id": "0DCw6lHkzh9t7f8Hb4Z0Sx",
                        "name": "Arch Enemy",
                        "type": "artist",
                        "uri": "spotify:artist:0DCw6lHkzh9t7f8Hb4Z0Sx"
                    }
                ],
                "disc_number": 1,
                "duration_ms": 235426,
                "explicit": false,
                "external_urls": {
                    "spotify": "https://open.spotify.com/track/12pova27n3uHRQxrPnih9f"
                },
                "href": "https://api.spotify.com/v1/tracks/12pova27n3uHRQxrPnih9f",
                "id": "12pova27n3uHRQxrPnih9f",
                "is_local": false,
                "is_playable": true,
                "name": "Blood in the Water",
                "preview_url": "https://p.scdn.co/mp3-preview/42fccf28cc431d65a6edac04bf4b1ee9d5bf9ffb?cid=21df2fd397254479b1ff5d2429c5ba95",
                "track_number": 3,
                "type": "track",
                "uri": "spotify:track:12pova27n3uHRQxrPnih9f"
            },
            {
                "artists": [
                    {
                        "external_urls": {
                            "spotify": "https://open.spotify.com/artist/0DCw6lHkzh9t7f8Hb4Z0Sx"
                        },
                        "href": "https://api.spotify.com/v1/artists/0DCw6lHkzh9t7f8Hb4Z0Sx",
                        "id": "0DCw6lHkzh9t7f8Hb4Z0Sx",
                        "name": "Arch Enemy",
                        "type": "artist",
                        "uri": "spotify:artist:0DCw6lHkzh9t7f8Hb4Z0Sx"
                    }
                ],
                "disc_number": 1,
                "duration_ms": 293466,
                "explicit": false,
                "external_urls": {
                    "spotify": "https://open.spotify.com/track/6tGyLydK5lNXz8Aw44wRj8"
                },
                "href": "https://api.spotify.com/v1/tracks/6tGyLydK5lNXz8Aw44wRj8",
                "id": "6tGyLydK5lNXz8Aw44wRj8",
                "is_local": false,
                "is_playable": true,
                "name": "The World Is Yours",
                "preview_url": "https://p.scdn.co/mp3-preview/24d35e9ee9f6956f2cf59d286b9fae6006e2efec?cid=21df2fd397254479b1ff5d2429c5ba95",
                "track_number": 4,
                "type": "track",
                "uri": "spotify:track:6tGyLydK5lNXz8Aw44wRj8"
            },
            {
                "artists": [
                    {
                        "external_urls": {
                            "spotify": "https://open.spotify.com/artist/0DCw6lHkzh9t7f8Hb4Z0Sx"
                        },
                        "href": "https://api.spotify.com/v1/artists/0DCw6lHkzh9t7f8Hb4Z0Sx",
                        "id": "0DCw6lHkzh9t7f8Hb4Z0Sx",
                        "name": "Arch Enemy",
                        "type": "artist",
                        "uri": "spotify:artist:0DCw6lHkzh9t7f8Hb4Z0Sx"
                    }
                ],
                "disc_number": 1,
                "duration_ms": 299441,
                "explicit": false,
                "external_urls": {
                    "spotify": "https://open.spotify.com/track/7KoWRwwVUgZV5D0zmrr25s"
                },
                "href": "https://api.spotify.com/v1/tracks/7KoWRwwVUgZV5D0zmrr25s",
                "id": "7KoWRwwVUgZV5D0zmrr25s",
                "is_local": false,
                "is_playable": true,
                "name": "The Eagle Flies Alone - edit",
                "preview_url": "https://p.scdn.co/mp3-preview/903584c46c49b24bb83fd6bc058fe3bb9d9453e9?cid=21df2fd397254479b1ff5d2429c5ba95",
                "track_number": 5,
                "type": "track",
                "uri": "spotify:track:7KoWRwwVUgZV5D0zmrr25s"
            },
            {
                "artists": [
                    {
                        "external_urls": {
                            "spotify": "https://open.spotify.com/artist/0DCw6lHkzh9t7f8Hb4Z0Sx"
                        },
                        "href": "https://api.spotify.com/v1/artists/0DCw6lHkzh9t7f8Hb4Z0Sx",
                        "id": "0DCw6lHkzh9t7f8Hb4Z0Sx",
                        "name": "Arch Enemy",
                        "type": "artist",
                        "uri": "spotify:artist:0DCw6lHkzh9t7f8Hb4Z0Sx"
                    }
                ],
                "disc_number": 1,
                "duration_ms": 287733,
                "explicit": false,
                "external_urls": {
                    "spotify": "https://open.spotify.com/track/02gIPDHCTuKgKEl2VlgPzt"
                },
                "href": "https://api.spotify.com/v1/tracks/02gIPDHCTuKgKEl2VlgPzt",
                "id": "02gIPDHCTuKgKEl2VlgPzt",
                "is_local": false,
                "is_playable": true,
                "name": "Reason to Believe",
                "preview_url": "https://p.scdn.co/mp3-preview/825e29a12a908f4009fa395f2ae1e2734f80d85b?cid=21df2fd397254479b1ff5d2429c5ba95",
                "track_number": 6,
                "type": "track",
                "uri": "spotify:track:02gIPDHCTuKgKEl2VlgPzt"
            },
            {
                "artists": [
                    {
                        "external_urls": {
                            "spotify": "https://open.spotify.com/artist/0DCw6lHkzh9t7f8Hb4Z0Sx"
                        },
                        "href": "https://api.spotify.com/v1/artists/0DCw6lHkzh9t7f8Hb4Z0Sx",
                        "id": "0DCw6lHkzh9t7f8Hb4Z0Sx",
                        "name": "Arch Enemy",
                        "type": "artist",
                        "uri": "spotify:artist:0DCw6lHkzh9t7f8Hb4Z0Sx"
                    }
                ],
                "disc_number": 1,
                "duration_ms": 230413,
                "explicit": false,
                "external_urls": {
                    "spotify": "https://open.spotify.com/track/25lp8iSlGkhHISSX0EgpAE"
                },
                "href": "https://api.spotify.com/v1/tracks/25lp8iSlGkhHISSX0EgpAE",
                "id": "25lp8iSlGkhHISSX0EgpAE",
                "is_local": false,
                "is_playable": true,
                "name": "Murder Scene",
                "preview_url": "https://p.scdn.co/mp3-preview/5204b647244b953a17ee9f185438ba1c00b132d9?cid=21df2fd397254479b1ff5d2429c5ba95",
                "track_number": 7,
                "type": "track",
                "uri": "spotify:track:25lp8iSlGkhHISSX0EgpAE"
            },
            {
                "artists": [
                    {
                        "external_urls": {
                            "spotify": "https://open.spotify.com/artist/0DCw6lHkzh9t7f8Hb4Z0Sx"
                        },
                        "href": "https://api.spotify.com/v1/artists/0DCw6lHkzh9t7f8Hb4Z0Sx",
                        "id": "0DCw6lHkzh9t7f8Hb4Z0Sx",
                        "name": "Arch Enemy",
                        "type": "artist",
                        "uri": "spotify:artist:0DCw6lHkzh9t7f8Hb4Z0Sx"
                    }
                ],
                "disc_number": 1,
                "duration_ms": 288320,
                "explicit": false,
                "external_urls": {
                    "spotify": "https://open.spotify.com/track/7uqohNjCnZ8sZd5S2vh5vx"
                },
                "href": "https://api.spotify.com/v1/tracks/7uqohNjCnZ8sZd5S2vh5vx",
                "id": "7uqohNjCnZ8sZd5S2vh5vx",
                "is_local": false,
                "is_playable": true,
                "name": "First Day in Hell",
                "preview_url": "https://p.scdn.co/mp3-preview/5182ef2a5fafb5888ff5841d84f3e5a206223cb0?cid=21df2fd397254479b1ff5d2429c5ba95",
                "track_number": 8,
                "type": "track",
                "uri": "spotify:track:7uqohNjCnZ8sZd5S2vh5vx"
            },
            {
                "artists": [
                    {
                        "external_urls": {
                            "spotify": "https://open.spotify.com/artist/0DCw6lHkzh9t7f8Hb4Z0Sx"
                        },
                        "href": "https://api.spotify.com/v1/artists/0DCw6lHkzh9t7f8Hb4Z0Sx",
                        "id": "0DCw6lHkzh9t7f8Hb4Z0Sx",
                        "name": "Arch Enemy",
                        "type": "artist",
                        "uri": "spotify:artist:0DCw6lHkzh9t7f8Hb4Z0Sx"
                    }
                ],
                "disc_number": 1,
                "duration_ms": 69493,
                "explicit": false,
                "external_urls": {
                    "spotify": "https://open.spotify.com/track/6gXNdxtSOcErDuXagBUdkz"
                },
                "href": "https://api.spotify.com/v1/tracks/6gXNdxtSOcErDuXagBUdkz",
                "id": "6gXNdxtSOcErDuXagBUdkz",
                "is_local": false,
                "is_playable": true,
                "name": "Saturnine",
                "preview_url": "https://p.scdn.co/mp3-preview/28a4c80e367cec1f5fc5b9c39fab515179060dea?cid=21df2fd397254479b1ff5d2429c5ba95",
                "track_number": 9,
                "type": "track",
                "uri": "spotify:track:6gXNdxtSOcErDuXagBUdkz"
            },
            {
                "artists": [
                    {
                        "external_urls": {
                            "spotify": "https://open.spotify.com/artist/0DCw6lHkzh9t7f8Hb4Z0Sx"
                        },
                        "href": "https://api.spotify.com/v1/artists/0DCw6lHkzh9t7f8Hb4Z0Sx",
                        "id": "0DCw6lHkzh9t7f8Hb4Z0Sx",
                        "name": "Arch Enemy",
                        "type": "artist",
                        "uri": "spotify:artist:0DCw6lHkzh9t7f8Hb4Z0Sx"
                    }
                ],
                "disc_number": 1,
                "duration_ms": 400333,
                "explicit": false,
                "external_urls": {
                    "spotify": "https://open.spotify.com/track/0uLoPEtITzR7kNgf9jQJ7c"
                },
                "href": "https://api.spotify.com/v1/tracks/0uLoPEtITzR7kNgf9jQJ7c",
                "id": "0uLoPEtITzR7kNgf9jQJ7c",
                "is_local": false,
                "is_playable": true,
                "name": "Dreams of Retribution",
                "preview_url": "https://p.scdn.co/mp3-preview/935f8d675f2b1d1a2e00f321a89445f9017a7e0b?cid=21df2fd397254479b1ff5d2429c5ba95",
                "track_number": 10,
                "type": "track",
                "uri": "spotify:track:0uLoPEtITzR7kNgf9jQJ7c"
            },
            {
                "artists": [
                    {
                        "external_urls": {
                            "spotify": "https://open.spotify.com/artist/0DCw6lHkzh9t7f8Hb4Z0Sx"
                        },
                        "href": "https://api.spotify.com/v1/artists/0DCw6lHkzh9t7f8Hb4Z0Sx",
                        "id": "0DCw6lHkzh9t7f8Hb4Z0Sx",
                        "name": "Arch Enemy",
                        "type": "artist",
                        "uri": "spotify:artist:0DCw6lHkzh9t7f8Hb4Z0Sx"
                    }
                ],
                "disc_number": 1,
                "duration_ms": 245506,
                "explicit": false,
                "external_urls": {
                    "spotify": "https://open.spotify.com/track/4pXXtUdLs9DSMZJXO2EXXh"
                },
                "href": "https://api.spotify.com/v1/tracks/4pXXtUdLs9DSMZJXO2EXXh",
                "id": "4pXXtUdLs9DSMZJXO2EXXh",
                "is_local": false,
                "is_playable": true,
                "name": "My Shadow and I",
                "preview_url": "https://p.scdn.co/mp3-preview/2edb45268f9ff6089d1016c5c2faa89af14aa765?cid=21df2fd397254479b1ff5d2429c5ba95",
                "track_number": 11,
                "type": "track",
                "uri": "spotify:track:4pXXtUdLs9DSMZJXO2EXXh"
            },
            {
                "artists": [
                    {
                        "external_urls": {
                            "spotify": "https://open.spotify.com/artist/0DCw6lHkzh9t7f8Hb4Z0Sx"
                        },
                        "href": "https://api.spotify.com/v1/artists/0DCw6lHkzh9t7f8Hb4Z0Sx",
                        "id": "0DCw6lHkzh9t7f8Hb4Z0Sx",
                        "name": "Arch Enemy",
                        "type": "artist",
                        "uri": "spotify:artist:0DCw6lHkzh9t7f8Hb4Z0Sx"
                    }
                ],
                "disc_number": 1,
                "duration_ms": 395426,
                "explicit": false,
                "external_urls": {
                    "spotify": "https://open.spotify.com/track/6Yb6ofPLgbb5QhhuWQXtnk"
                },
                "href": "https://api.spotify.com/v1/tracks/6Yb6ofPLgbb5QhhuWQXtnk",
                "id": "6Yb6ofPLgbb5QhhuWQXtnk",
                "is_local": false,
                "is_playable": true,
                "name": "A Fight I Must Win",
                "preview_url": "https://p.scdn.co/mp3-preview/73be32cb2b4ff7cd36982cb062ba17d39d5828a7?cid=21df2fd397254479b1ff5d2429c5ba95",
                "track_number": 12,
                "type": "track",
                "uri": "spotify:track:6Yb6ofPLgbb5QhhuWQXtnk"
            },
            {
                "artists": [
                    {
                        "external_urls": {
                            "spotify": "https://open.spotify.com/artist/0DCw6lHkzh9t7f8Hb4Z0Sx"
                        },
                        "href": "https://api.spotify.com/v1/artists/0DCw6lHkzh9t7f8Hb4Z0Sx",
                        "id": "0DCw6lHkzh9t7f8Hb4Z0Sx",
                        "name": "Arch Enemy",
                        "type": "artist",
                        "uri": "spotify:artist:0DCw6lHkzh9t7f8Hb4Z0Sx"
                    }
                ],
                "disc_number": 1,
                "duration_ms": 168453,
                "explicit": true,
                "external_urls": {
                    "spotify": "https://open.spotify.com/track/4ZXzqIVIzkMnCymMNbrCh8"
                },
                "href": "https://api.spotify.com/v1/tracks/4ZXzqIVIzkMnCymMNbrCh8",
                "id": "4ZXzqIVIzkMnCymMNbrCh8",
                "is_local": false,
                "is_playable": true,
                "name": "City Baby Attacked by Rats - cover version",
                "preview_url": "https://p.scdn.co/mp3-preview/39d324e1f86878052233e5cb81a0c64a494d0f41?cid=21df2fd397254479b1ff5d2429c5ba95",
                "track_number": 13,
                "type": "track",
                "uri": "spotify:track:4ZXzqIVIzkMnCymMNbrCh8"
            }
        ],
        "limit": 50,
        "next": null,
        "offset": 0,
        "previous": null,
        "total": 13
    },
    "type": "album",
    "uri": "spotify:album:1HimPrGurKic1hNOSidwF2"
}
]]></system-out>
  </testcase>
  <testcase name="getAnAlbumTest" classname="api.tests.album.postivetests.PositiveGetAlbumTests" time="0.332">
    <system-out><![CDATA[BQCgjCw24F15UQzed_gbPTRaWKEuDeKGtyxgFsNpg5jMP8QNFON0OL_I0gk0ec3796K46nNdoMowiXmEU2Q2wxaacEzTFasPY4hJiP-aagD7AcBWrBs
]]></system-out>
  </testcase>
  <testcase name="getLatestReleasesTest" classname="api.tests.album.postivetests.PositiveGetAlbumTests" time="0.389">
    <system-out><![CDATA[BQCxF4ljmL3YUQ9VW2rYbs6ahUt4SHZJDkz235hceu86GPRGeO5nO7ccq5X00O9toOmgned0y9h4HbfwxrN-jhL-Ktdb8wF_AnF3ZXuPu6FuwvWebQ8
{
    "albums": {
        "href": "https://api.spotify.com/v1/browse/new-releases?country=SV&offset=0&limit=20",
        "items": [
            {
                "album_type": "album",
                "artists": [
                    {
                        "external_urls": {
                            "spotify": "https://open.spotify.com/artist/2auC28zjQyVTsiZKNgPRGs"
                        },
                        "href": "https://api.spotify.com/v1/artists/2auC28zjQyVTsiZKNgPRGs",
                        "id": "2auC28zjQyVTsiZKNgPRGs",
                        "name": "RM",
                        "type": "artist",
                        "uri": "spotify:artist:2auC28zjQyVTsiZKNgPRGs"
                    }
                ],
                "external_urls": {
                    "spotify": "https://open.spotify.com/album/08HCdXZVN72S2vpIT9DKhU"
                },
                "href": "https://api.spotify.com/v1/albums/08HCdXZVN72S2vpIT9DKhU",
                "id": "08HCdXZVN72S2vpIT9DKhU",
                "images": [
                    {
                        "height": 640,
                        "url": "https://i.scdn.co/image/ab67616d0000b27336661930d6c586e412d7d4b2",
                        "width": 640
                    },
                    {
                        "height": 300,
                        "url": "https://i.scdn.co/image/ab67616d00001e0236661930d6c586e412d7d4b2",
                        "width": 300
                    },
                    {
                        "height": 64,
                        "url": "https://i.scdn.co/image/ab67616d0000485136661930d6c586e412d7d4b2",
                        "width": 64
                    }
                ],
                "is_playable": true,
                "name": "Indigo",
                "release_date": "2022-12-02",
                "release_date_precision": "day",
                "total_tracks": 10,
                "type": "album",
                "uri": "spotify:album:08HCdXZVN72S2vpIT9DKhU"
            },
            {
                "album_type": "album",
                "artists": [
                    {
                        "external_urls": {
                            "spotify": "https://open.spotify.com/artist/4MzJMcHQBl9SIYSjwWn8QW"
                        },
                        "href": "https://api.spotify.com/v1/artists/4MzJMcHQBl9SIYSjwWn8QW",
                        "id": "4MzJMcHQBl9SIYSjwWn8QW",
                        "name": "Spiritbox",
                        "type": "artist",
                        "uri": "spotify:artist:4MzJMcHQBl9SIYSjwWn8QW"
                    }
                ],
                "external_urls": {
                    "spotify": "https://open.spotify.com/album/6cZ39G1mahxDAGfoPzDllb"
                },
                "href": "https://api.spotify.com/v1/albums/6cZ39G1mahxDAGfoPzDllb",
                "id": "6cZ39G1mahxDAGfoPzDllb",
                "images": [
                    {
                        "height": 640,
                        "url": "https://i.scdn.co/image/ab67616d0000b2730006a537a6e19505ca5593eb",
                        "width": 640
                    },
                    {
                        "height": 300,
                        "url": "https://i.scdn.co/image/ab67616d00001e020006a537a6e19505ca5593eb",
                        "width": 300
                    },
                    {
                        "height": 64,
                        "url": "https://i.scdn.co/image/ab67616d000048510006a537a6e19505ca5593eb",
                        "width": 64
                    }
                ],
                "is_playable": true,
                "name": "Eternal Blue",
                "release_date": "2021-09-17",
                "release_date_precision": "day",
                "total_tracks": 12,
                "type": "album",
                "uri": "spotify:album:6cZ39G1mahxDAGfoPzDllb"
            },
            {
                "album_type": "single",
                "artists": [
                    {
                        "external_urls": {
                            "spotify": "https://open.spotify.com/artist/1vyhD5VmyZ7KMfW5gqLgo5"
                        },
                        "href": "https://api.spotify.com/v1/artists/1vyhD5VmyZ7KMfW5gqLgo5",
                        "id": "1vyhD5VmyZ7KMfW5gqLgo5",
                        "name": "J Balvin",
                        "type": "artist",
                        "uri": "spotify:artist:1vyhD5VmyZ7KMfW5gqLgo5"
                    }
                ],
                "external_urls": {
                    "spotify": "https://open.spotify.com/album/49Et8wid3L8iKof9lu78SS"
                },
                "href": "https://api.spotify.com/v1/albums/49Et8wid3L8iKof9lu78SS",
                "id": "49Et8wid3L8iKof9lu78SS",
                "images": [
                    {
                        "height": 640,
                        "url": "https://i.scdn.co/image/ab67616d0000b273ea755cf5e2a1513e9b2c497d",
                        "width": 640
                    },
                    {
                        "height": 300,
                        "url": "https://i.scdn.co/image/ab67616d00001e02ea755cf5e2a1513e9b2c497d",
                        "width": 300
                    },
                    {
                        "height": 64,
                        "url": "https://i.scdn.co/image/ab67616d00004851ea755cf5e2a1513e9b2c497d",
                        "width": 64
                    }
                ],
                "is_playable": true,
                "name": "Tu Veneno",
                "release_date": "2021-03-19",
                "release_date_precision": "day",
                "total_tracks": 1,
                "type": "album",
                "uri": "spotify:album:49Et8wid3L8iKof9lu78SS"
            },
            {
                "album_type": "single",
                "artists": [
                    {
                        "external_urls": {
                            "spotify": "https://open.spotify.com/artist/77ziqFxp5gaInVrF2lj4ht"
                        },
                        "href": "https://api.spotify.com/v1/artists/77ziqFxp5gaInVrF2lj4ht",
                        "id": "77ziqFxp5gaInVrF2lj4ht",
                        "name": "Sech",
                        "type": "artist",
                        "uri": "spotify:artist:77ziqFxp5gaInVrF2lj4ht"
                    },
                    {
                        "external_urls": {
                            "spotify": "https://open.spotify.com/artist/4SsVbpTthjScTS7U2hmr1X"
                        },
                        "href": "https://api.spotify.com/v1/artists/4SsVbpTthjScTS7U2hmr1X",
                        "id": "4SsVbpTthjScTS7U2hmr1X",
                        "name": "Arcángel",
                        "type": "artist",
                        "uri": "spotify:artist:4SsVbpTthjScTS7U2hmr1X"
                    }
                ],
                "external_urls": {
                    "spotify": "https://open.spotify.com/album/7fFVkxqYbtA4xO4BSFs8vt"
                },
                "href": "https://api.spotify.com/v1/albums/7fFVkxqYbtA4xO4BSFs8vt",
                "id": "7fFVkxqYbtA4xO4BSFs8vt",
                "images": [
                    {
                        "height": 640,
                        "url": "https://i.scdn.co/image/ab67616d0000b2739a1b9a69bf0a6e0ee6095188",
                        "width": 640
                    },
                    {
                        "height": 300,
                        "url": "https://i.scdn.co/image/ab67616d00001e029a1b9a69bf0a6e0ee6095188",
                        "width": 300
                    },
                    {
                        "height": 64,
                        "url": "https://i.scdn.co/image/ab67616d000048519a1b9a69bf0a6e0ee6095188",
                        "width": 64
                    }
                ],
                "is_playable": true,
                "name": "Te Acuerdas",
                "release_date": "2021-03-19",
                "release_date_precision": "day",
                "total_tracks": 1,
                "type": "album",
                "uri": "spotify:album:7fFVkxqYbtA4xO4BSFs8vt"
            },
            {
                "album_type": "single",
                "artists": [
                    {
                        "external_urls": {
                            "spotify": "https://open.spotify.com/artist/7iK8PXO48WeuP03g8YR51W"
                        },
                        "href": "https://api.spotify.com/v1/artists/7iK8PXO48WeuP03g8YR51W",
                        "id": "7iK8PXO48WeuP03g8YR51W",
                        "name": "Myke Towers",
                        "type": "artist",
                        "uri": "spotify:artist:7iK8PXO48WeuP03g8YR51W"
                    }
                ],
                "external_urls": {
                    "spotify": "https://open.spotify.com/album/4HKm0BAbVpTdwb1dru6uem"
                },
                "href": "https://api.spotify.com/v1/albums/4HKm0BAbVpTdwb1dru6uem",
                "id": "4HKm0BAbVpTdwb1dru6uem",
                "images": [
                    {
                        "height": 640,
                        "url": "https://i.scdn.co/image/ab67616d0000b27386686732ed5779f3c4284305",
                        "width": 640
                    },
                    {
                        "height": 300,
                        "url": "https://i.scdn.co/image/ab67616d00001e0286686732ed5779f3c4284305",
                        "width": 300
                    },
                    {
                        "height": 64,
                        "url": "https://i.scdn.co/image/ab67616d0000485186686732ed5779f3c4284305",
                        "width": 64
                    }
                ],
                "is_playable": true,
                "name": "CUENTA",
                "release_date": "2021-03-18",
                "release_date_precision": "day",
                "total_tracks": 1,
                "type": "album",
                "uri": "spotify:album:4HKm0BAbVpTdwb1dru6uem"
            },
            {
                "album_type": "single",
                "artists": [
                    {
                        "external_urls": {
                            "spotify": "https://open.spotify.com/artist/2DspEsT7UXGKd2VaaedgG4"
                        },
                        "href": "https://api.spotify.com/v1/artists/2DspEsT7UXGKd2VaaedgG4",
                        "id": "2DspEsT7UXGKd2VaaedgG4",
                        "name": "Alex Rose",
                        "type": "artist",
                        "uri": "spotify:artist:2DspEsT7UXGKd2VaaedgG4"
                    },
                    {
                        "external_urls": {
                            "spotify": "https://open.spotify.com/artist/1mcTU81TzQhprhouKaTkpq"
                        },
                        "href": "https://api.spotify.com/v1/artists/1mcTU81TzQhprhouKaTkpq",
                        "id": "1mcTU81TzQhprhouKaTkpq",
                        "name": "Rauw Alejandro",
                        "type": "artist",
                        "uri": "spotify:artist:1mcTU81TzQhprhouKaTkpq"
                    }
                ],
                "external_urls": {
                    "spotify": "https://open.spotify.com/album/14FrKuNUxsU8eEooOVW1DC"
                },
                "href": "https://api.spotify.com/v1/albums/14FrKuNUxsU8eEooOVW1DC",
                "id": "14FrKuNUxsU8eEooOVW1DC",
                "images": [
                    {
                        "height": 640,
                        "url": "https://i.scdn.co/image/ab67616d0000b273e23ad9c429d01af9ec9a849f",
                        "width": 640
                    },
                    {
                        "height": 300,
                        "url": "https://i.scdn.co/image/ab67616d00001e02e23ad9c429d01af9ec9a849f",
                        "width": 300
                    },
                    {
                        "height": 64,
                        "url": "https://i.scdn.co/image/ab67616d00004851e23ad9c429d01af9ec9a849f",
                        "width": 64
                    }
                ],
                "is_playable": true,
                "name": "Me Fije",
                "release_date": "2021-03-18",
                "release_date_precision": "day",
                "total_tracks": 1,
                "type": "album",
                "uri": "spotify:album:14FrKuNUxsU8eEooOVW1DC"
            },
            {
                "album_type": "album",
                "artists": [
                    {
                        "external_urls": {
                            "spotify": "https://open.spotify.com/artist/4bw2Am3p9ji3mYsXNXtQcd"
                        },
                        "href": "https://api.spotify.com/v1/artists/4bw2Am3p9ji3mYsXNXtQcd",
                        "id": "4bw2Am3p9ji3mYsXNXtQcd",
                        "name": "Piso 21",
                        "type": "artist",
                        "uri": "spotify:artist:4bw2Am3p9ji3mYsXNXtQcd"
                    }
                ],
                "external_urls": {
                    "spotify": "https://open.spotify.com/album/4ARUAVQnIDB02yVO8uvaJE"
                },
                "href": "https://api.spotify.com/v1/albums/4ARUAVQnIDB02yVO8uvaJE",
                "id": "4ARUAVQnIDB02yVO8uvaJE",
                "images": [
                    {
                        "height": 640,
                        "url": "https://i.scdn.co/image/ab67616d0000b2739a74860d7918c8e38c5220cf",
                        "width": 640
                    },
                    {
                        "height": 300,
                        "url": "https://i.scdn.co/image/ab67616d00001e029a74860d7918c8e38c5220cf",
                        "width": 300
                    },
                    {
                        "height": 64,
                        "url": "https://i.scdn.co/image/ab67616d000048519a74860d7918c8e38c5220cf",
                        "width": 64
                    }
                ],
                "is_playable": true,
                "name": "El Amor En Los Tiempos Del Perreo",
                "release_date": "2021-03-18",
                "release_date_precision": "day",
                "total_tracks": 15,
                "type": "album",
                "uri": "spotify:album:4ARUAVQnIDB02yVO8uvaJE"
            },
            {
                "album_type": "album",
                "artists": [
                    {
                        "external_urls": {
                            "spotify": "https://open.spotify.com/artist/5bSfBBCxY8QAk4Pifveisz"
                        },
                        "href": "https://api.spotify.com/v1/artists/5bSfBBCxY8QAk4Pifveisz",
                        "id": "5bSfBBCxY8QAk4Pifveisz",
                        "name": "La Arrolladora Banda El Limón De Rene Camacho",
                        "type": "artist",
                        "uri": "spotify:artist:5bSfBBCxY8QAk4Pifveisz"
                    }
                ],
                "external_urls": {
                    "spotify": "https://open.spotify.com/album/2aN7waichOQyWVoEECWerE"
                },
                "href": "https://api.spotify.com/v1/albums/2aN7waichOQyWVoEECWerE",
                "id": "2aN7waichOQyWVoEECWerE",
                "images": [
                    {
                        "height": 640,
                        "url": "https://i.scdn.co/image/ab67616d0000b27371fbee42c31f9a1b7c39acbb",
                        "width": 640
                    },
                    {
                        "height": 300,
                        "url": "https://i.scdn.co/image/ab67616d00001e0271fbee42c31f9a1b7c39acbb",
                        "width": 300
                    },
                    {
                        "height": 64,
                        "url": "https://i.scdn.co/image/ab67616d0000485171fbee42c31f9a1b7c39acbb",
                        "width": 64
                    }
                ],
                "is_playable": true,
                "name": "En Contra De Mi Voluntad",
                "release_date": "2021-03-19",
                "release_date_precision": "day",
                "total_tracks": 14,
                "type": "album",
                "uri": "spotify:album:2aN7waichOQyWVoEECWerE"
            },
            {
                "album_type": "single",
                "artists": [
                    {
                        "external_urls": {
                            "spotify": "https://open.spotify.com/artist/1bAftSH8umNcGZ0uyV7LMg"
                        },
                        "href": "https://api.spotify.com/v1/artists/1bAftSH8umNcGZ0uyV7LMg",
                        "id": "1bAftSH8umNcGZ0uyV7LMg",
                        "name": "Duki",
                        "type": "artist",
                        "uri": "spotify:artist:1bAftSH8umNcGZ0uyV7LMg"
                    }
                ],
                "external_urls": {
                    "spotify": "https://open.spotify.com/album/05XZWDj3tPhgwD3zQw43X7"
                },
                "href": "https://api.spotify.com/v1/albums/05XZWDj3tPhgwD3zQw43X7",
                "id": "05XZWDj3tPhgwD3zQw43X7",
                "images": [
                    {
                        "height": 640,
                        "url": "https://i.scdn.co/image/ab67616d0000b273ed5d83921bacacb3571acb26",
                        "width": 640
                    },
                    {
                        "height": 300,
                        "url": "https://i.scdn.co/image/ab67616d00001e02ed5d83921bacacb3571acb26",
                        "width": 300
                    },
                    {
                        "height": 64,
                        "url": "https://i.scdn.co/image/ab67616d00004851ed5d83921bacacb3571acb26",
                        "width": 64
                    }
                ],
                "is_playable": true,
                "name": "Chico Estrella",
                "release_date": "2021-03-15",
                "release_date_precision": "day",
                "total_tracks": 1,
                "type": "album",
                "uri": "spotify:album:05XZWDj3tPhgwD3zQw43X7"
            },
            {
                "album_type": "album",
                "artists": [
                    {
                        "external_urls": {
                            "spotify": "https://open.spotify.com/artist/4F4pp8NUW08JuXwnoxglpN"
                        },
                        "href": "https://api.spotify.com/v1/artists/4F4pp8NUW08JuXwnoxglpN",
                        "id": "4F4pp8NUW08JuXwnoxglpN",
                        "name": "Bad Gyal",
                        "type": "artist",
                        "uri": "spotify:artist:4F4pp8NUW08JuXwnoxglpN"
                    }
                ],
                "external_urls": {
                    "spotify": "https://open.spotify.com/album/7IJ4Cok2sQKI7JgpPyDIWr"
                },
                "href": "https://api.spotify.com/v1/albums/7IJ4Cok2sQKI7JgpPyDIWr",
                "id": "7IJ4Cok2sQKI7JgpPyDIWr",
                "images": [
                    {
                        "height": 640,
                        "url": "https://i.scdn.co/image/ab67616d0000b2737a0b5c826689bee750c3605f",
                        "width": 640
                    },
                    {
                        "height": 300,
                        "url": "https://i.scdn.co/image/ab67616d00001e027a0b5c826689bee750c3605f",
                        "width": 300
                    },
                    {
                        "height": 64,
                        "url": "https://i.scdn.co/image/ab67616d000048517a0b5c826689bee750c3605f",
                        "width": 64
                    }
                ],
                "is_playable": true,
                "name": "Warm Up",
                "release_date": "2021-03-18",
                "release_date_precision": "day",
                "total_tracks": 8,
                "type": "album",
                "uri": "spotify:album:7IJ4Cok2sQKI7JgpPyDIWr"
            },
            {
                "album_type": "album",
                "artists": [
                    {
                        "external_urls": {
                            "spotify": "https://open.spotify.com/artist/7rOlQwf8OuFLFQp4aydjBt"
                        },
                        "href": "https://api.spotify.com/v1/artists/7rOlQwf8OuFLFQp4aydjBt",
                        "id": "7rOlQwf8OuFLFQp4aydjBt",
                        "name": "Paloma Mami",
                        "type": "artist",
                        "uri": "spotify:artist:7rOlQwf8OuFLFQp4aydjBt"
                    }
                ],
                "external_urls": {
                    "spotify": "https://open.spotify.com/album/4jfOmy33i7nM0gW5zPslJK"
                },
                "href": "https://api.spotify.com/v1/albums/4jfOmy33i7nM0gW5zPslJK",
                "id": "4jfOmy33i7nM0gW5zPslJK",
                "images": [
                    {
                        "height": 640,
                        "url": "https://i.scdn.co/image/ab67616d0000b273b7b03075a7d337cfac90baf8",
                        "width": 640
                    },
                    {
                        "height": 300,
                        "url": "https://i.scdn.co/image/ab67616d00001e02b7b03075a7d337cfac90baf8",
                        "width": 300
                    },
                    {
                        "height": 64,
                        "url": "https://i.scdn.co/image/ab67616d00004851b7b03075a7d337cfac90baf8",
                        "width": 64
                    }
                ],
                "is_playable": true,
                "name": "Sueños de Dalí",
                "release_date": "2021-03-18",
                "release_date_precision": "day",
                "total_tracks": 11,
                "type": "album",
                "uri": "spotify:album:4jfOmy33i7nM0gW5zPslJK"
            },
            {
                "album_type": "single",
                "artists": [
                    {
                        "external_urls": {
                            "spotify": "https://open.spotify.com/artist/7q9P9jadKe86eEavevbEvK"
                        },
                        "href": "https://api.spotify.com/v1/artists/7q9P9jadKe86eEavevbEvK",
                        "id": "7q9P9jadKe86eEavevbEvK",
                        "name": "Gianluca",
                        "type": "artist",
                        "uri": "spotify:artist:7q9P9jadKe86eEavevbEvK"
                    },
                    {
                        "external_urls": {
                            "spotify": "https://open.spotify.com/artist/0NnUMWDCDi1snuMja6IdxH"
                        },
                        "href": "https://api.spotify.com/v1/artists/0NnUMWDCDi1snuMja6IdxH",
                        "id": "0NnUMWDCDi1snuMja6IdxH",
                        "name": "Harry Nach",
                        "type": "artist",
                        "uri": "spotify:artist:0NnUMWDCDi1snuMja6IdxH"
                    }
                ],
                "external_urls": {
                    "spotify": "https://open.spotify.com/album/3MiJv4EixolUevdX2QeHGw"
                },
                "href": "https://api.spotify.com/v1/albums/3MiJv4EixolUevdX2QeHGw",
                "id": "3MiJv4EixolUevdX2QeHGw",
                "images": [
                    {
                        "height": 640,
                        "url": "https://i.scdn.co/image/ab67616d0000b273430c1e13234b320049991d71",
                        "width": 640
                    },
                    {
                        "height": 300,
                        "url": "https://i.scdn.co/image/ab67616d00001e02430c1e13234b320049991d71",
                        "width": 300
                    },
                    {
                        "height": 64,
                        "url": "https://i.scdn.co/image/ab67616d00004851430c1e13234b320049991d71",
                        "width": 64
                    }
                ],
                "is_playable": true,
                "name": "triste y vacía",
                "release_date": "2021-03-19",
                "release_date_precision": "day",
                "total_tracks": 1,
                "type": "album",
                "uri": "spotify:album:3MiJv4EixolUevdX2QeHGw"
            },
            {
                "album_type": "single",
                "artists": [
                    {
                        "external_urls": {
                            "spotify": "https://open.spotify.com/artist/7K9rdoOJSiKXoVXPlSkGKT"
                        },
                        "href": "https://api.spotify.com/v1/artists/7K9rdoOJSiKXoVXPlSkGKT",
                        "id": "7K9rdoOJSiKXoVXPlSkGKT",
                        "name": "Paty Cantú",
                        "type": "artist",
                        "uri": "spotify:artist:7K9rdoOJSiKXoVXPlSkGKT"
                    },
                    {
                        "external_urls": {
                            "spotify": "https://open.spotify.com/artist/1DxLCyH42yaHKGK3cl5bvG"
                        },
                        "href": "https://api.spotify.com/v1/artists/1DxLCyH42yaHKGK3cl5bvG",
                        "id": "1DxLCyH42yaHKGK3cl5bvG",
                        "name": "Maria Becerra",
                        "type": "artist",
                        "uri": "spotify:artist:1DxLCyH42yaHKGK3cl5bvG"
                    }
                ],
                "external_urls": {
                    "spotify": "https://open.spotify.com/album/3nW0X7PWKLo6pK69T28trN"
                },
                "href": "https://api.spotify.com/v1/albums/3nW0X7PWKLo6pK69T28trN",
                "id": "3nW0X7PWKLo6pK69T28trN",
                "images": [
                    {
                        "height": 640,
                        "url": "https://i.scdn.co/image/ab67616d0000b2731ce0af82a3dc7f574034c5bb",
                        "width": 640
                    },
                    {
                        "height": 300,
                        "url": "https://i.scdn.co/image/ab67616d00001e021ce0af82a3dc7f574034c5bb",
                        "width": 300
                    },
                    {
                        "height": 64,
                        "url": "https://i.scdn.co/image/ab67616d000048511ce0af82a3dc7f574034c5bb",
                        "width": 64
                    }
                ],
                "is_playable": true,
                "name": "Si Yo Fuera Tú",
                "release_date": "2021-03-19",
                "release_date_precision": "day",
                "total_tracks": 1,
                "type": "album",
                "uri": "spotify:album:3nW0X7PWKLo6pK69T28trN"
            },
            {
                "album_type": "single",
                "artists": [
                    {
                        "external_urls": {
                            "spotify": "https://open.spotify.com/artist/6Itjwvv5YmsC8ZcI5N4Jux"
                        },
                        "href": "https://api.spotify.com/v1/artists/6Itjwvv5YmsC8ZcI5N4Jux",
                        "id": "6Itjwvv5YmsC8ZcI5N4Jux",
                        "name": "Sael",
                        "type": "artist",
                        "uri": "spotify:artist:6Itjwvv5YmsC8ZcI5N4Jux"
                    },
                    {
                        "external_urls": {
                            "spotify": "https://open.spotify.com/artist/1GKIlPFdcewHtpDVCQ8zmJ"
                        },
                        "href": "https://api.spotify.com/v1/artists/1GKIlPFdcewHtpDVCQ8zmJ",
                        "id": "1GKIlPFdcewHtpDVCQ8zmJ",
                        "name": "Brray",
                        "type": "artist",
                        "uri": "spotify:artist:1GKIlPFdcewHtpDVCQ8zmJ"
                    },
                    {
                        "external_urls": {
                            "spotify": "https://open.spotify.com/artist/2QUvtLq6oQaX0LNsYY2fas"
                        },
                        "href": "https://api.spotify.com/v1/artists/2QUvtLq6oQaX0LNsYY2fas",
                        "id": "2QUvtLq6oQaX0LNsYY2fas",
                        "name": "Cauty",
                        "type": "artist",
                        "uri": "spotify:artist:2QUvtLq6oQaX0LNsYY2fas"
                    }
                ],
                "external_urls": {
                    "spotify": "https://open.spotify.com/album/4V2THb8uH6o2Qy70fBbDhq"
                },
                "href": "https://api.spotify.com/v1/albums/4V2THb8uH6o2Qy70fBbDhq",
                "id": "4V2THb8uH6o2Qy70fBbDhq",
                "images": [
                    {
                        "height": 640,
                        "url": "https://i.scdn.co/image/ab67616d0000b27337d11f38888ad8ea1d931c01",
                        "width": 640
                    },
                    {
                        "height": 300,
                        "url": "https://i.scdn.co/image/ab67616d00001e0237d11f38888ad8ea1d931c01",
                        "width": 300
                    },
                    {
                        "height": 64,
                        "url": "https://i.scdn.co/image/ab67616d0000485137d11f38888ad8ea1d931c01",
                        "width": 64
                    }
                ],
                "is_playable": true,
                "name": "Sin Mente",
                "release_date": "2021-03-16",
                "release_date_precision": "day",
                "total_tracks": 1,
                "type": "album",
                "uri": "spotify:album:4V2THb8uH6o2Qy70fBbDhq"
            },
            {
                "album_type": "single",
                "artists": [
                    {
                        "external_urls": {
                            "spotify": "https://open.spotify.com/artist/2LaHOt5YZlFAhZ22KDI5fS"
                        },
                        "href": "https://api.spotify.com/v1/artists/2LaHOt5YZlFAhZ22KDI5fS",
                        "id": "2LaHOt5YZlFAhZ22KDI5fS",
                        "name": "Ben Carrillo",
                        "type": "artist",
                        "uri": "spotify:artist:2LaHOt5YZlFAhZ22KDI5fS"
                    }
                ],
                "external_urls": {
                    "spotify": "https://open.spotify.com/album/3933M7LLB4vQZvIUdQYDxF"
                },
                "href": "https://api.spotify.com/v1/albums/3933M7LLB4vQZvIUdQYDxF",
                "id": "3933M7LLB4vQZvIUdQYDxF",
                "images": [
                    {
                        "height": 640,
                        "url": "https://i.scdn.co/image/ab67616d0000b27339a11a3f3d930aaee99691b9",
                        "width": 640
                    },
                    {
                        "height": 300,
                        "url": "https://i.scdn.co/image/ab67616d00001e0239a11a3f3d930aaee99691b9",
                        "width": 300
                    },
                    {
                        "height": 64,
                        "url": "https://i.scdn.co/image/ab67616d0000485139a11a3f3d930aaee99691b9",
                        "width": 64
                    }
                ],
                "is_playable": true,
                "name": "Crecimiento, Demos",
                "release_date": "2021-03-18",
                "release_date_precision": "day",
                "total_tracks": 6,
                "type": "album",
                "uri": "spotify:album:3933M7LLB4vQZvIUdQYDxF"
            },
            {
                "album_type": "single",
                "artists": [
                    {
                        "external_urls": {
                            "spotify": "https://open.spotify.com/artist/0C8ZW7ezQVs4URX5aX7Kqx"
                        },
                        "href": "https://api.spotify.com/v1/artists/0C8ZW7ezQVs4URX5aX7Kqx",
                        "id": "0C8ZW7ezQVs4URX5aX7Kqx",
                        "name": "Selena Gomez",
                        "type": "artist",
                        "uri": "spotify:artist:0C8ZW7ezQVs4URX5aX7Kqx"
                    }
                ],
                "external_urls": {
                    "spotify": "https://open.spotify.com/album/2jGa3OwXatFYQAIS7OV7k9"
                },
                "href": "https://api.spotify.com/v1/albums/2jGa3OwXatFYQAIS7OV7k9",
                "id": "2jGa3OwXatFYQAIS7OV7k9",
                "images": [
                    {
                        "height": 640,
                        "url": "https://i.scdn.co/image/ab67616d0000b2738b11b0be988e17da2799b94d",
                        "width": 640
                    },
                    {
                        "height": 300,
                        "url": "https://i.scdn.co/image/ab67616d00001e028b11b0be988e17da2799b94d",
                        "width": 300
                    },
                    {
                        "height": 64,
                        "url": "https://i.scdn.co/image/ab67616d000048518b11b0be988e17da2799b94d",
                        "width": 64
                    }
                ],
                "is_playable": true,
                "name": "Revelación - EP",
                "release_date": "2021-03-12",
                "release_date_precision": "day",
                "total_tracks": 7,
                "type": "album",
                "uri": "spotify:album:2jGa3OwXatFYQAIS7OV7k9"
            },
            {
                "album_type": "single",
                "artists": [
                    {
                        "external_urls": {
                            "spotify": "https://open.spotify.com/artist/5hdhHgpxyniooUiQVaPxQ0"
                        },
                        "href": "https://api.spotify.com/v1/artists/5hdhHgpxyniooUiQVaPxQ0",
                        "id": "5hdhHgpxyniooUiQVaPxQ0",
                        "name": "Nio Garcia",
                        "type": "artist",
                        "uri": "spotify:artist:5hdhHgpxyniooUiQVaPxQ0"
                    },
                    {
                        "external_urls": {
                            "spotify": "https://open.spotify.com/artist/1fux65HMCBvfJHqlBc4Nno"
                        },
                        "href": "https://api.spotify.com/v1/artists/1fux65HMCBvfJHqlBc4Nno",
                        "id": "1fux65HMCBvfJHqlBc4Nno",
                        "name": "Casper Magico",
                        "type": "artist",
                        "uri": "spotify:artist:1fux65HMCBvfJHqlBc4Nno"
                    },
                    {
                        "external_urls": {
                            "spotify": "https://open.spotify.com/artist/1i8SpTcr7yvPOmcqrbnVXY"
                        },
                        "href": "https://api.spotify.com/v1/artists/1i8SpTcr7yvPOmcqrbnVXY",
                        "id": "1i8SpTcr7yvPOmcqrbnVXY",
                        "name": "Ozuna",
                        "type": "artist",
                        "uri": "spotify:artist:1i8SpTcr7yvPOmcqrbnVXY"
                    }
                ],
                "external_urls": {
                    "spotify": "https://open.spotify.com/album/1rQpXDegLbNBpe0fshpeKa"
                },
                "href": "https://api.spotify.com/v1/albums/1rQpXDegLbNBpe0fshpeKa",
                "id": "1rQpXDegLbNBpe0fshpeKa",
                "images": [
                    {
                        "height": 640,
                        "url": "https://i.scdn.co/image/ab67616d0000b273cc8f0a311223df53274d69a2",
                        "width": 640
                    },
                    {
                        "height": 300,
                        "url": "https://i.scdn.co/image/ab67616d00001e02cc8f0a311223df53274d69a2",
                        "width": 300
                    },
                    {
                        "height": 64,
                        "url": "https://i.scdn.co/image/ab67616d00004851cc8f0a311223df53274d69a2",
                        "width": 64
                    }
                ],
                "is_playable": true,
                "name": "Travesuras (Remix)",
                "release_date": "2021-03-11",
                "release_date_precision": "day",
                "total_tracks": 1,
                "type": "album",
                "uri": "spotify:album:1rQpXDegLbNBpe0fshpeKa"
            },
            {
                "album_type": "single",
                "artists": [
                    {
                        "external_urls": {
                            "spotify": "https://open.spotify.com/artist/6nVcHLIgY5pE2YCl8ubca1"
                        },
                        "href": "https://api.spotify.com/v1/artists/6nVcHLIgY5pE2YCl8ubca1",
                        "id": "6nVcHLIgY5pE2YCl8ubca1",
                        "name": "Jhayco",
                        "type": "artist",
                        "uri": "spotify:artist:6nVcHLIgY5pE2YCl8ubca1"
                    }
                ],
                "external_urls": {
                    "spotify": "https://open.spotify.com/album/4qLn9tjRhGQLjImUMTjOMz"
                },
                "href": "https://api.spotify.com/v1/albums/4qLn9tjRhGQLjImUMTjOMz",
                "id": "4qLn9tjRhGQLjImUMTjOMz",
                "images": [
                    {
                        "height": 640,
                        "url": "https://i.scdn.co/image/ab67616d0000b273571a44d8528ceb110ed3b16e",
                        "width": 640
                    },
                    {
                        "height": 300,
                        "url": "https://i.scdn.co/image/ab67616d00001e02571a44d8528ceb110ed3b16e",
                        "width": 300
                    },
                    {
                        "height": 64,
                        "url": "https://i.scdn.co/image/ab67616d00004851571a44d8528ceb110ed3b16e",
                        "width": 64
                    }
                ],
                "is_playable": true,
                "name": "Christian Dior",
                "release_date": "2021-03-12",
                "release_date_precision": "day",
                "total_tracks": 1,
                "type": "album",
                "uri": "spotify:album:4qLn9tjRhGQLjImUMTjOMz"
            },
            {
                "album_type": "single",
                "artists": [
                    {
                        "external_urls": {
                            "spotify": "https://open.spotify.com/artist/1mcTU81TzQhprhouKaTkpq"
                        },
                        "href": "https://api.spotify.com/v1/artists/1mcTU81TzQhprhouKaTkpq",
                        "id": "1mcTU81TzQhprhouKaTkpq",
                        "name": "Rauw Alejandro",
                        "type": "artist",
                        "uri": "spotify:artist:1mcTU81TzQhprhouKaTkpq"
                    },
                    {
                        "external_urls": {
                            "spotify": "https://open.spotify.com/artist/6cEuCEZu7PAE9ZSzLLc2oQ"
                        },
                        "href": "https://api.spotify.com/v1/artists/6cEuCEZu7PAE9ZSzLLc2oQ",
                        "id": "6cEuCEZu7PAE9ZSzLLc2oQ",
                        "name": "R3HAB",
                        "type": "artist",
                        "uri": "spotify:artist:6cEuCEZu7PAE9ZSzLLc2oQ"
                    }
                ],
                "external_urls": {
                    "spotify": "https://open.spotify.com/album/1UC5jCthGQNO7vgtdLau7R"
                },
                "href": "https://api.spotify.com/v1/albums/1UC5jCthGQNO7vgtdLau7R",
                "id": "1UC5jCthGQNO7vgtdLau7R",
                "images": [
                    {
                        "height": 640,
                        "url": "https://i.scdn.co/image/ab67616d0000b2735dcf58bcd799d5a144ab80e9",
                        "width": 640
                    },
                    {
                        "height": 300,
                        "url": "https://i.scdn.co/image/ab67616d00001e025dcf58bcd799d5a144ab80e9",
                        "width": 300
                    },
                    {
                        "height": 64,
                        "url": "https://i.scdn.co/image/ab67616d000048515dcf58bcd799d5a144ab80e9",
                        "width": 64
                    }
                ],
                "is_playable": true,
                "name": "Algo Mágico (R3HAB Remix)",
                "release_date": "2021-03-11",
                "release_date_precision": "day",
                "total_tracks": 1,
                "type": "album",
                "uri": "spotify:album:1UC5jCthGQNO7vgtdLau7R"
            },
            {
                "album_type": "single",
[...]
                    "width": 320
                },
                {
                    "height": 160,
                    "url": "https://i.scdn.co/image/ab6761610000f178c5ceb05f152103b2b70d3b07",
                    "width": 160
                }
            ],
            "name": "deadmau5",
            "popularity": 67,
            "type": "artist",
            "uri": "spotify:artist:2CIMQHirSU0MQqyYHq0eOx"
        },
        {
            "external_urls": {
                "spotify": "https://open.spotify.com/artist/57dN52uHvrHOxijzpIgu3E"
            },
            "followers": {
                "href": null,
                "total": 591579
            },
            "genres": [
                "indietronica"
            ],
            "href": "https://api.spotify.com/v1/artists/57dN52uHvrHOxijzpIgu3E",
            "id": "57dN52uHvrHOxijzpIgu3E",
            "images": [
                {
                    "height": 693,
                    "url": "https://i.scdn.co/image/2f0c6c465a83cd196e651e3d4e7625ba799a6f60",
                    "width": 1000
                },
                {
                    "height": 444,
                    "url": "https://i.scdn.co/image/4e3e13c8b993bde9898e49509fb9ae121636e05f",
                    "width": 640
                },
                {
                    "height": 139,
                    "url": "https://i.scdn.co/image/dc68dd24b45b74ecce9d4ed486423673d683ced3",
                    "width": 200
                },
                {
                    "height": 44,
                    "url": "https://i.scdn.co/image/4e55ca05d4f336a2fa0e3062a7ec9778a201e8bc",
                    "width": 63
                }
            ],
            "name": "Ratatat",
            "popularity": 66,
            "type": "artist",
            "uri": "spotify:artist:57dN52uHvrHOxijzpIgu3E"
        },
        {
            "external_urls": {
                "spotify": "https://open.spotify.com/artist/1vCWHaC5f2uS3yhpwWbIA6"
            },
            "followers": {
                "href": null,
                "total": 22942695
            },
            "genres": [
                "edm",
                "pop",
                "pop dance"
            ],
            "href": "https://api.spotify.com/v1/artists/1vCWHaC5f2uS3yhpwWbIA6",
            "id": "1vCWHaC5f2uS3yhpwWbIA6",
            "images": [
                {
                    "height": 640,
                    "url": "https://i.scdn.co/image/ab6761610000e5ebae07171f989fb39736674113",
                    "width": 640
                },
                {
                    "height": 320,
                    "url": "https://i.scdn.co/image/ab67616100005174ae07171f989fb39736674113",
                    "width": 320
                },
                {
                    "height": 160,
                    "url": "https://i.scdn.co/image/ab6761610000f178ae07171f989fb39736674113",
                    "width": 160
                }
            ],
            "name": "Avicii",
            "popularity": 81,
            "type": "artist",
            "uri": "spotify:artist:1vCWHaC5f2uS3yhpwWbIA6"
        },
        {
            "external_urls": {
                "spotify": "https://open.spotify.com/artist/0DCw6lHkzh9t7f8Hb4Z0Sx"
            },
            "followers": {
                "href": null,
                "total": 916865
            },
            "genres": [
                "alternative metal",
                "death metal",
                "melodic death metal",
                "metal",
                "nu metal",
                "power metal",
                "speed metal",
                "swedish death metal",
                "swedish melodeath",
                "swedish metal",
                "symphonic metal"
            ],
            "href": "https://api.spotify.com/v1/artists/0DCw6lHkzh9t7f8Hb4Z0Sx",
            "id": "0DCw6lHkzh9t7f8Hb4Z0Sx",
            "images": [
                {
                    "height": 640,
                    "url": "https://i.scdn.co/image/ab6761610000e5ebb56d14cd84327f2eb5c481b3",
                    "width": 640
                },
                {
                    "height": 320,
                    "url": "https://i.scdn.co/image/ab67616100005174b56d14cd84327f2eb5c481b3",
                    "width": 320
                },
                {
                    "height": 160,
                    "url": "https://i.scdn.co/image/ab6761610000f178b56d14cd84327f2eb5c481b3",
                    "width": 160
                }
            ],
            "name": "Arch Enemy",
            "popularity": 57,
            "type": "artist",
            "uri": "spotify:artist:0DCw6lHkzh9t7f8Hb4Z0Sx"
        },
        {
            "external_urls": {
                "spotify": "https://open.spotify.com/artist/7zDtfSB0AOZWhpuAHZIOw5"
            },
            "followers": {
                "href": null,
                "total": 201817
            },
            "genres": [
                "death metal",
                "doom metal",
                "epic doom",
                "metal",
                "opera metal",
                "speed metal",
                "stoner metal",
                "swedish doom metal",
                "swedish metal"
            ],
            "href": "https://api.spotify.com/v1/artists/7zDtfSB0AOZWhpuAHZIOw5",
            "id": "7zDtfSB0AOZWhpuAHZIOw5",
            "images": [
                {
                    "height": 640,
                    "url": "https://i.scdn.co/image/ab6761610000e5ebd2d79fca1c03254a3fb52d74",
                    "width": 640
                },
                {
                    "height": 320,
                    "url": "https://i.scdn.co/image/ab67616100005174d2d79fca1c03254a3fb52d74",
                    "width": 320
                },
                {
                    "height": 160,
                    "url": "https://i.scdn.co/image/ab6761610000f178d2d79fca1c03254a3fb52d74",
                    "width": 160
                }
            ],
            "name": "Candlemass",
            "popularity": 43,
            "type": "artist",
            "uri": "spotify:artist:7zDtfSB0AOZWhpuAHZIOw5"
        },
        {
            "external_urls": {
                "spotify": "https://open.spotify.com/artist/6CY7WNJfd5uZclcS3WeEjx"
            },
            "followers": {
                "href": null,
                "total": 140406
            },
            "genres": [
                "japanese vgm"
            ],
            "href": "https://api.spotify.com/v1/artists/6CY7WNJfd5uZclcS3WeEjx",
            "id": "6CY7WNJfd5uZclcS3WeEjx",
            "images": [
                {
                    "height": 640,
                    "url": "https://i.scdn.co/image/ab67616d0000b273ae37e6f73804085bf53b23c7",
                    "width": 640
                },
                {
                    "height": 300,
                    "url": "https://i.scdn.co/image/ab67616d00001e02ae37e6f73804085bf53b23c7",
                    "width": 300
                },
                {
                    "height": 64,
                    "url": "https://i.scdn.co/image/ab67616d00004851ae37e6f73804085bf53b23c7",
                    "width": 64
                }
            ],
            "name": "Yu-Peng Chen",
            "popularity": 64,
            "type": "artist",
            "uri": "spotify:artist:6CY7WNJfd5uZclcS3WeEjx"
        },
        {
            "external_urls": {
                "spotify": "https://open.spotify.com/artist/2CIMQHirSU0MQqyYHq0eOx"
            },
            "followers": {
                "href": null,
                "total": 2809519
            },
            "genres": [
                "canadian electronic",
                "complextro",
                "edm",
                "electro house",
                "pop dance",
                "progressive house"
            ],
            "href": "https://api.spotify.com/v1/artists/2CIMQHirSU0MQqyYHq0eOx",
            "id": "2CIMQHirSU0MQqyYHq0eOx",
            "images": [
                {
                    "height": 640,
                    "url": "https://i.scdn.co/image/ab6761610000e5ebc5ceb05f152103b2b70d3b07",
                    "width": 640
                },
                {
                    "height": 320,
                    "url": "https://i.scdn.co/image/ab67616100005174c5ceb05f152103b2b70d3b07",
                    "width": 320
                },
                {
                    "height": 160,
                    "url": "https://i.scdn.co/image/ab6761610000f178c5ceb05f152103b2b70d3b07",
                    "width": 160
                }
            ],
            "name": "deadmau5",
            "popularity": 67,
            "type": "artist",
            "uri": "spotify:artist:2CIMQHirSU0MQqyYHq0eOx"
        },
        {
            "external_urls": {
                "spotify": "https://open.spotify.com/artist/57dN52uHvrHOxijzpIgu3E"
            },
            "followers": {
                "href": null,
                "total": 591579
            },
            "genres": [
                "indietronica"
            ],
            "href": "https://api.spotify.com/v1/artists/57dN52uHvrHOxijzpIgu3E",
            "id": "57dN52uHvrHOxijzpIgu3E",
            "images": [
                {
                    "height": 693,
                    "url": "https://i.scdn.co/image/2f0c6c465a83cd196e651e3d4e7625ba799a6f60",
                    "width": 1000
                },
                {
                    "height": 444,
                    "url": "https://i.scdn.co/image/4e3e13c8b993bde9898e49509fb9ae121636e05f",
                    "width": 640
                },
                {
                    "height": 139,
                    "url": "https://i.scdn.co/image/dc68dd24b45b74ecce9d4ed486423673d683ced3",
                    "width": 200
                },
                {
                    "height": 44,
                    "url": "https://i.scdn.co/image/4e55ca05d4f336a2fa0e3062a7ec9778a201e8bc",
                    "width": 63
                }
            ],
            "name": "Ratatat",
            "popularity": 66,
            "type": "artist",
            "uri": "spotify:artist:57dN52uHvrHOxijzpIgu3E"
        },
        {
            "external_urls": {
                "spotify": "https://open.spotify.com/artist/1vCWHaC5f2uS3yhpwWbIA6"
            },
            "followers": {
                "href": null,
                "total": 22942695
            },
            "genres": [
                "edm",
                "pop",
                "pop dance"
            ],
            "href": "https://api.spotify.com/v1/artists/1vCWHaC5f2uS3yhpwWbIA6",
            "id": "1vCWHaC5f2uS3yhpwWbIA6",
            "images": [
                {
                    "height": 640,
                    "url": "https://i.scdn.co/image/ab6761610000e5ebae07171f989fb39736674113",
                    "width": 640
                },
                {
                    "height": 320,
                    "url": "https://i.scdn.co/image/ab67616100005174ae07171f989fb39736674113",
                    "width": 320
                },
                {
                    "height": 160,
                    "url": "https://i.scdn.co/image/ab6761610000f178ae07171f989fb39736674113",
                    "width": 160
                }
            ],
            "name": "Avicii",
            "popularity": 81,
            "type": "artist",
            "uri": "spotify:artist:1vCWHaC5f2uS3yhpwWbIA6"
        },
        {
            "external_urls": {
                "spotify": "https://open.spotify.com/artist/2CIMQHirSU0MQqyYHq0eOx"
            },
            "followers": {
                "href": null,
                "total": 2809519
            },
            "genres": [
                "canadian electronic",
                "complextro",
                "edm",
                "electro house",
                "pop dance",
                "progressive house"
            ],
            "href": "https://api.spotify.com/v1/artists/2CIMQHirSU0MQqyYHq0eOx",
            "id": "2CIMQHirSU0MQqyYHq0eOx",
            "images": [
                {
                    "height": 640,
                    "url": "https://i.scdn.co/image/ab6761610000e5ebc5ceb05f152103b2b70d3b07",
                    "width": 640
                },
                {
                    "height": 320,
                    "url": "https://i.scdn.co/image/ab67616100005174c5ceb05f152103b2b70d3b07",
                    "width": 320
                },
                {
                    "height": 160,
                    "url": "https://i.scdn.co/image/ab6761610000f178c5ceb05f152103b2b70d3b07",
                    "width": 160
                }
            ],
            "name": "deadmau5",
            "popularity": 67,
            "type": "artist",
            "uri": "spotify:artist:2CIMQHirSU0MQqyYHq0eOx"
        },
        {
            "external_urls": {
                "spotify": "https://open.spotify.com/artist/57dN52uHvrHOxijzpIgu3E"
            },
            "followers": {
                "href": null,
                "total": 591579
            },
            "genres": [
                "indietronica"
            ],
            "href": "https://api.spotify.com/v1/artists/57dN52uHvrHOxijzpIgu3E",
            "id": "57dN52uHvrHOxijzpIgu3E",
            "images": [
                {
                    "height": 693,
                    "url": "https://i.scdn.co/image/2f0c6c465a83cd196e651e3d4e7625ba799a6f60",
                    "width": 1000
                },
                {
                    "height": 444,
                    "url": "https://i.scdn.co/image/4e3e13c8b993bde9898e49509fb9ae121636e05f",
                    "width": 640
                },
                {
                    "height": 139,
                    "url": "https://i.scdn.co/image/dc68dd24b45b74ecce9d4ed486423673d683ced3",
                    "width": 200
                },
                {
                    "height": 44,
                    "url": "https://i.scdn.co/image/4e55ca05d4f336a2fa0e3062a7ec9778a201e8bc",
                    "width": 63
                }
            ],
            "name": "Ratatat",
            "popularity": 66,
            "type": "artist",
            "uri": "spotify:artist:57dN52uHvrHOxijzpIgu3E"
        },
        {
            "external_urls": {
                "spotify": "https://open.spotify.com/artist/1vCWHaC5f2uS3yhpwWbIA6"
            },
            "followers": {
                "href": null,
                "total": 22942695
            },
            "genres": [
                "edm",
                "pop",
                "pop dance"
            ],
            "href": "https://api.spotify.com/v1/artists/1vCWHaC5f2uS3yhpwWbIA6",
            "id": "1vCWHaC5f2uS3yhpwWbIA6",
            "images": [
                {
                    "height": 640,
                    "url": "https://i.scdn.co/image/ab6761610000e5ebae07171f989fb39736674113",
                    "width": 640
                },
                {
                    "height": 320,
                    "url": "https://i.scdn.co/image/ab67616100005174ae07171f989fb39736674113",
                    "width": 320
                },
                {
                    "height": 160,
                    "url": "https://i.scdn.co/image/ab6761610000f178ae07171f989fb39736674113",
                    "width": 160
                }
            ],
            "name": "Avicii",
            "popularity": 81,
            "type": "artist",
            "uri": "spotify:artist:1vCWHaC5f2uS3yhpwWbIA6"
        },
        {
            "external_urls": {
                "spotify": "https://open.spotify.com/artist/0DCw6lHkzh9t7f8Hb4Z0Sx"
            },
            "followers": {
                "href": null,
                "total": 916865
            },
            "genres": [
                "alternative metal",
                "death metal",
                "melodic death metal",
                "metal",
                "nu metal",
                "power metal",
                "speed metal",
                "swedish death metal",
                "swedish melodeath",
                "swedish metal",
                "symphonic metal"
            ],
            "href": "https://api.spotify.com/v1/artists/0DCw6lHkzh9t7f8Hb4Z0Sx",
            "id": "0DCw6lHkzh9t7f8Hb4Z0Sx",
            "images": [
                {
                    "height": 640,
                    "url": "https://i.scdn.co/image/ab6761610000e5ebb56d14cd84327f2eb5c481b3",
                    "width": 640
                },
                {
                    "height": 320,
                    "url": "https://i.scdn.co/image/ab67616100005174b56d14cd84327f2eb5c481b3",
                    "width": 320
                },
                {
                    "height": 160,
                    "url": "https://i.scdn.co/image/ab6761610000f178b56d14cd84327f2eb5c481b3",
                    "width": 160
                }
            ],
            "name": "Arch Enemy",
            "popularity": 57,
            "type": "artist",
            "uri": "spotify:artist:0DCw6lHkzh9t7f8Hb4Z0Sx"
        },
        {
            "external_urls": {
                "spotify": "https://open.spotify.com/artist/0DCw6lHkzh9t7f8Hb4Z0Sx"
            },
            "followers": {
                "href": null,
                "total": 916865
            },
            "genres": [
                "alternative metal",
                "death metal",
                "melodic death metal",
                "metal",
                "nu metal",
                "power metal",
                "speed metal",
                "swedish death metal",
                "swedish melodeath",
                "swedish metal",
                "symphonic metal"
            ],
            "href": "https://api.spotify.com/v1/artists/0DCw6lHkzh9t7f8Hb4Z0Sx",
            "id": "0DCw6lHkzh9t7f8Hb4Z0Sx",
            "images": [
                {
                    "height": 640,
                    "url": "https://i.scdn.co/image/ab6761610000e5ebb56d14cd84327f2eb5c481b3",
                    "width": 640
                },
                {
                    "height": 320,
                    "url": "https://i.scdn.co/image/ab67616100005174b56d14cd84327f2eb5c481b3",
                    "width": 320
                },
                {
                    "height": 160,
                    "url": "https://i.scdn.co/image/ab6761610000f178b56d14cd84327f2eb5c481b3",
                    "width": 160
                }
            ],
            "name": "Arch Enemy",
            "popularity": 57,
            "type": "artist",
            "uri": "spotify:artist:0DCw6lHkzh9t7f8Hb4Z0Sx"
        }
    ]
}
The total number asserted: 916865
Asserted Genres: [death metal, doom metal, epic doom, metal, opera metal, speed metal, stoner metal, swedish doom metal, swedish metal]
Data of fifty values: 
HTTP/1.1 200 OK


]]></system-out>
  </testcase>
  <testcase name="GetSeveralArtistsWithValidDataFortyNineTest" classname="api.tests.artist.positivetests.PositiveGetArtistsTests" time="0.351">
    <system-out><![CDATA[BQCrnw8_ksoHq7W-6UE7VlVArvha2kAzuvJXb5EOpllfVkVFkpUpppluWsgZOHvJBIUlQkqa3ARbQ6r-3UJbXSdN9m2AN01Qv2CJi51Zecavars6vDE
The total number asserted: 916865
Asserted Genres: [alternative metal, death metal, melodic death metal, metal, nu metal, power metal, speed metal, swedish death metal, swedish melodeath, swedish metal, symphonic metal]
Data of forty nine values: 
HTTP/1.1 200 OK


]]></system-out>
  </testcase>
  <testcase name="getOneArtistTest" classname="api.tests.artist.positivetests.PositiveGetArtistsTests" time="0.304">
    <system-out><![CDATA[BQCu3GrYoLCh19CiaGbFs1BDdVhZzPJzCgObAjf6P3JqQzR5J8J_mkHo4RvIF5QvgjT1vLI7_1aSUf9l8irvRtf007F38w8YVA_fCNHSeXSplRd10N4
HTTP/1.1 200 OK
]]></system-out>
  </testcase>
</testsuite>