<?xml version="1.0" encoding="UTF-8"?>
<testng-results ignored="0" total="10" passed="10" failed="0" skipped="0">
  <reporter-output>
  </reporter-output>
  <suite started-at="2023-06-21T11:14:09 IDT" name="Positive Tests" finished-at="2023-06-21T11:14:17 IDT" duration-ms="8501">
    <groups>
    </groups>
    <test started-at="2023-06-21T11:14:09 IDT" name="Album Module" finished-at="2023-06-21T11:14:14 IDT" duration-ms="5365">
      <class name="api.tests.album.postivetests.PositiveGetAlbumTests">
        <test-method signature="getAlbumTracksTest()[pri:0, instance:api.tests.album.postivetests.PositiveGetAlbumTests@290222c1]" started-at="2023-06-21T11:14:09 IDT" name="getAlbumTracksTest" finished-at="2023-06-21T11:14:10 IDT" duration-ms="1443" status="PASS">
          <reporter-output>
          </reporter-output>
        </test-method> <!-- getAlbumTracksTest -->
        <test-method signature="getAlbumWithMarketTest()[pri:0, instance:api.tests.album.postivetests.PositiveGetAlbumTests@290222c1]" started-at="2023-06-21T11:14:10 IDT" name="getAlbumWithMarketTest" finished-at="2023-06-21T11:14:11 IDT" duration-ms="358" status="PASS">
          <reporter-output>
          </reporter-output>
        </test-method> <!-- getAlbumWithMarketTest -->
        <test-method signature="getAnAlbumTest()[pri:0, instance:api.tests.album.postivetests.PositiveGetAlbumTests@290222c1]" started-at="2023-06-21T11:14:11 IDT" name="getAnAlbumTest" finished-at="2023-06-21T11:14:12 IDT" duration-ms="1372" status="PASS">
          <reporter-output>
          </reporter-output>
        </test-method> <!-- getAnAlbumTest -->
        <test-method signature="getLatestReleasesTest()[pri:0, instance:api.tests.album.postivetests.PositiveGetAlbumTests@290222c1]" started-at="2023-06-21T11:14:12 IDT" name="getLatestReleasesTest" finished-at="2023-06-21T11:14:13 IDT" duration-ms="899" status="PASS">
          <reporter-output>
          </reporter-output>
        </test-method> <!-- getLatestReleasesTest -->
        <test-method signature="getMultipleAlbumsTest()[pri:0, instance:api.tests.album.postivetests.PositiveGetAlbumTests@290222c1]" started-at="2023-06-21T11:14:13 IDT" name="getMultipleAlbumsTest" finished-at="2023-06-21T11:14:13 IDT" duration-ms="282" status="PASS">
          <reporter-output>
          </reporter-output>
        </test-method> <!-- getMultipleAlbumsTest -->
        <test-method signature="getNewReleasesWithLimitAndSkipTest()[pri:0, instance:api.tests.album.postivetests.PositiveGetAlbumTests@290222c1]" started-at="2023-06-21T11:14:13 IDT" name="getNewReleasesWithLimitAndSkipTest" finished-at="2023-06-21T11:14:14 IDT" duration-ms="317" status="PASS">
          <reporter-output>
          </reporter-output>
        </test-method> <!-- getNewReleasesWithLimitAndSkipTest -->
        <test-method signature="getNewReleasesWithLimitAndSkipWithRandomLimitTest()[pri:0, instance:api.tests.album.postivetests.PositiveGetAlbumTests@290222c1]" started-at="2023-06-21T11:14:14 IDT" name="getNewReleasesWithLimitAndSkipWithRandomLimitTest" finished-at="2023-06-21T11:14:14 IDT" duration-ms="537" status="PASS">
          <reporter-output>
          </reporter-output>
        </test-method> <!-- getNewReleasesWithLimitAndSkipWithRandomLimitTest -->
      </class> <!-- api.tests.album.postivetests.PositiveGetAlbumTests -->
    </test> <!-- Album Module -->
    <test started-at="2023-06-21T11:14:14 IDT" name="Artist Module" finished-at="2023-06-21T11:14:17 IDT" duration-ms="2915">
      <class name="api.tests.artist.positivetests.PositiveGetArtistsTests">
        <test-method signature="GetSeveralArtistsWithValidDataFiftyTest()[pri:0, instance:api.tests.artist.positivetests.PositiveGetArtistsTests@248e319b]" started-at="2023-06-21T11:14:14 IDT" name="GetSeveralArtistsWithValidDataFiftyTest" finished-at="2023-06-21T11:14:16 IDT" duration-ms="1367" status="PASS">
          <reporter-output>
          </reporter-output>
        </test-method> <!-- GetSeveralArtistsWithValidDataFiftyTest -->
        <test-method signature="GetSeveralArtistsWithValidDataFortyNineTest()[pri:0, instance:api.tests.artist.positivetests.PositiveGetArtistsTests@248e319b]" started-at="2023-06-21T11:14:16 IDT" name="GetSeveralArtistsWithValidDataFortyNineTest" finished-at="2023-06-21T11:14:16 IDT" duration-ms="312" status="PASS">
          <reporter-output>
          </reporter-output>
        </test-method> <!-- GetSeveralArtistsWithValidDataFortyNineTest -->
        <test-method signature="getOneArtistTest()[pri:0, instance:api.tests.artist.positivetests.PositiveGetArtistsTests@248e319b]" started-at="2023-06-21T11:14:16 IDT" name="getOneArtistTest" finished-at="2023-06-21T11:14:17 IDT" duration-ms="1234" status="PASS">
          <reporter-output>
          </reporter-output>
        </test-method> <!-- getOneArtistTest -->
      </class> <!-- api.tests.artist.positivetests.PositiveGetArtistsTests -->
    </test> <!-- Artist Module -->
  </suite> <!-- Positive Tests -->
</testng-results>
