<?xml version="1.0" encoding="UTF-8"?>
<testng-results ignored="0" total="10" passed="10" failed="0" skipped="0">
  <reporter-output>
  </reporter-output>
  <suite started-at="2023-06-21T09:01:09 IDT" name="Positive Tests" finished-at="2023-06-21T09:01:13 IDT" duration-ms="4897">
    <groups>
    </groups>
    <test started-at="2023-06-21T09:01:09 IDT" name="Album Module" finished-at="2023-06-21T09:01:12 IDT" duration-ms="3853">
      <class name="api.tests.album.postivetests.PositiveGetAlbumTests">
        <test-method signature="getAlbumTracksTest()[pri:0, instance:api.tests.album.postivetests.PositiveGetAlbumTests@12aba8be]" started-at="2023-06-21T09:01:09 IDT" name="getAlbumTracksTest" finished-at="2023-06-21T09:01:10 IDT" duration-ms="1453" status="PASS">
          <reporter-output>
          </reporter-output>
        </test-method> <!-- getAlbumTracksTest -->
        <test-method signature="getAlbumWithMarketTest()[pri:0, instance:api.tests.album.postivetests.PositiveGetAlbumTests@12aba8be]" started-at="2023-06-21T09:01:10 IDT" name="getAlbumWithMarketTest" finished-at="2023-06-21T09:01:10 IDT" duration-ms="317" status="PASS">
          <reporter-output>
          </reporter-output>
        </test-method> <!-- getAlbumWithMarketTest -->
        <test-method signature="getAnAlbumTest()[pri:0, instance:api.tests.album.postivetests.PositiveGetAlbumTests@12aba8be]" started-at="2023-06-21T09:01:10 IDT" name="getAnAlbumTest" finished-at="2023-06-21T09:01:11 IDT" duration-ms="334" status="PASS">
          <reporter-output>
          </reporter-output>
        </test-method> <!-- getAnAlbumTest -->
        <test-method signature="getLatestReleasesTest()[pri:0, instance:api.tests.album.postivetests.PositiveGetAlbumTests@12aba8be]" started-at="2023-06-21T09:01:11 IDT" name="getLatestReleasesTest" finished-at="2023-06-21T09:01:11 IDT" duration-ms="389" status="PASS">
          <reporter-output>
          </reporter-output>
        </test-method> <!-- getLatestReleasesTest -->
        <test-method signature="getMultipleAlbumsTest()[pri:0, instance:api.tests.album.postivetests.PositiveGetAlbumTests@12aba8be]" started-at="2023-06-21T09:01:11 IDT" name="getMultipleAlbumsTest" finished-at="2023-06-21T09:01:11 IDT" duration-ms="316" status="PASS">
          <reporter-output>
          </reporter-output>
        </test-method> <!-- getMultipleAlbumsTest -->
        <test-method signature="getNewReleasesWithLimitAndSkipTest()[pri:0, instance:api.tests.album.postivetests.PositiveGetAlbumTests@12aba8be]" started-at="2023-06-21T09:01:11 IDT" name="getNewReleasesWithLimitAndSkipTest" finished-at="2023-06-21T09:01:12 IDT" duration-ms="426" status="PASS">
          <reporter-output>
          </reporter-output>
        </test-method> <!-- getNewReleasesWithLimitAndSkipTest -->
        <test-method signature="getNewReleasesWithLimitAndSkipWithRandomLimitTest()[pri:0, instance:api.tests.album.postivetests.PositiveGetAlbumTests@12aba8be]" started-at="2023-06-21T09:01:12 IDT" name="getNewReleasesWithLimitAndSkipWithRandomLimitTest" finished-at="2023-06-21T09:01:12 IDT" duration-ms="587" status="PASS">
          <reporter-output>
          </reporter-output>
        </test-method> <!-- getNewReleasesWithLimitAndSkipWithRandomLimitTest -->
      </class> <!-- api.tests.album.postivetests.PositiveGetAlbumTests -->
    </test> <!-- Album Module -->
    <test started-at="2023-06-21T09:01:12 IDT" name="Artist Module" finished-at="2023-06-21T09:01:13 IDT" duration-ms="1022">
      <class name="api.tests.artist.positivetests.PositiveGetArtistsTests">
        <test-method signature="GetSeveralArtistsWithValidDataFiftyTest()[pri:0, instance:api.tests.artist.positivetests.PositiveGetArtistsTests@2af004b]" started-at="2023-06-21T09:01:12 IDT" name="GetSeveralArtistsWithValidDataFiftyTest" finished-at="2023-06-21T09:01:13 IDT" duration-ms="360" status="PASS">
          <reporter-output>
          </reporter-output>
        </test-method> <!-- GetSeveralArtistsWithValidDataFiftyTest -->
        <test-method signature="GetSeveralArtistsWithValidDataFortyNineTest()[pri:0, instance:api.tests.artist.positivetests.PositiveGetArtistsTests@2af004b]" started-at="2023-06-21T09:01:13 IDT" name="GetSeveralArtistsWithValidDataFortyNineTest" finished-at="2023-06-21T09:01:13 IDT" duration-ms="354" status="PASS">
          <reporter-output>
          </reporter-output>
        </test-method> <!-- GetSeveralArtistsWithValidDataFortyNineTest -->
        <test-method signature="getOneArtistTest()[pri:0, instance:api.tests.artist.positivetests.PositiveGetArtistsTests@2af004b]" started-at="2023-06-21T09:01:13 IDT" name="getOneArtistTest" finished-at="2023-06-21T09:01:13 IDT" duration-ms="306" status="PASS">
          <reporter-output>
          </reporter-output>
        </test-method> <!-- getOneArtistTest -->
      </class> <!-- api.tests.artist.positivetests.PositiveGetArtistsTests -->
    </test> <!-- Artist Module -->
  </suite> <!-- Positive Tests -->
</testng-results>
