<?xml version="1.0" encoding="UTF-8"?>
<!-- Generated by org.testng.reporters.JUnitXMLReporter -->
<testsuite ignored="0" hostname="DESKTOP-R1DN0GI" failures="0" tests="3" name="Artist Module" time="1.022" errors="0" timestamp="2023-06-21T09:01:13 IDT">
  <testcase classname="api.tests.artist.positivetests.PositiveGetArtistsTests" name="GetSeveralArtistsWithValidDataFiftyTest" time="0.36"/>
  <testcase classname="api.tests.artist.positivetests.PositiveGetArtistsTests" name="GetSeveralArtistsWithValidDataFortyNineTest" time="0.354"/>
  <testcase classname="api.tests.artist.positivetests.PositiveGetArtistsTests" name="getOneArtistTest" time="0.306"/>
</testsuite> <!-- Artist Module -->
