<?xml version="1.0" encoding="UTF-8"?>
<!-- Generated by org.testng.reporters.JUnitXMLReporter -->
<testsuite ignored="0" hostname="DESKTOP-R1DN0GI" failures="0" tests="3" name="Artist Module" time="2.915" errors="0" timestamp="2023-06-21T11:14:17 IDT">
  <testcase classname="api.tests.artist.positivetests.PositiveGetArtistsTests" name="GetSeveralArtistsWithValidDataFiftyTest" time="1.367"/>
  <testcase classname="api.tests.artist.positivetests.PositiveGetArtistsTests" name="GetSeveralArtistsWithValidDataFortyNineTest" time="0.312"/>
  <testcase classname="api.tests.artist.positivetests.PositiveGetArtistsTests" name="getOneArtistTest" time="1.234"/>
</testsuite> <!-- Artist Module -->
